#
# There is insufficient memory for the Java Runtime Environment to continue.
# Native memory allocation (mmap) failed to map 52428800 bytes for G1 virtual space
# Possible reasons:
#   The system is out of physical RAM or swap space
#   The process is running with CompressedOops enabled, and the Java Heap may be blocking the growth of the native heap
# Possible solutions:
#   Reduce memory load on the system
#   Increase physical memory or swap space
#   Check if swap backing store is full
#   Decrease Java heap size (-Xmx/-Xms)
#   Decrease number of Java threads
#   Decrease Java thread stack sizes (-Xss)
#   Set larger code cache with -XX:ReservedCodeCacheSize=
#   JVM is running with Unscaled Compressed Oops mode in which the Java heap is
#     placed in the first 4GB address space. The Java Heap base address is the
#     maximum limit for the native heap growth. Please use -XX:HeapBaseMinAddress
#     to set the Java Heap base and to place the Java Heap above 4GB virtual address.
# This output file may be truncated or incomplete.
#
#  Out of Memory Error (os_windows.cpp:3536), pid=8884, tid=10072
#
# JRE version: Java(TM) SE Runtime Environment (19.0.2+7) (build 19.0.2+7-44)
# Java VM: Java HotSpot(TM) 64-Bit Server VM (19.0.2+7-44, mixed mode, emulated-client, sharing, tiered, compressed oops, compressed class ptrs, g1 gc, windows-amd64)
# No core dump will be written. Minidumps are not enabled by default on client versions of Windows
#

---------------  S U M M A R Y ------------

Command Line: -agentlib:jdwp=transport=dt_socket,address=127.0.0.1:51539,suspend=y,server=n -XX:TieredStopAtLevel=1 -Dspring.output.ansi.enabled=always -Dcom.sun.management.jmxremote -Dspring.jmx.enabled=true -Dspring.liveBeansView.mbeanDomain -Dspring.application.admin.enabled=true -Dmanagement.endpoints.jmx.exposure.include=* -javaagent:C:\Users\Жанарбай\AppData\Local\JetBrains\IntelliJIdea2023.1\captureAgent\debugger-agent.jar -Dfile.encoding=UTF-8 -Dsun.stdout.encoding=UTF-8 -Dsun.stderr.encoding=UTF-8 com.example.demokankretnalast.DemoKankretnaLastApplication

Host: 11th Gen Intel(R) Core(TM) i7-1165G7 @ 2.80GHz, 8 cores, 7G,  Windows 10 , 64 bit Build 19041 (10.0.19041.1202)
Time: Sun May 14 22:36:54 2023  Windows 10 , 64 bit Build 19041 (10.0.19041.1202) elapsed time: 4.550706 seconds (0d 0h 0m 4s)

---------------  T H R E A D  ---------------

Current thread (0x000001de7ea2a8d0):  VMThread "VM Thread" [stack: 0x0000007ff9e00000,0x0000007ff9f00000] [id=10072]

Stack: [0x0000007ff9e00000,0x0000007ff9f00000]
Native frames: (J=compiled Java code, j=interpreted, Vv=VM code, C=native code)
V  [jvm.dll+0x6ee21a]
V  [jvm.dll+0x85765e]
V  [jvm.dll+0x85904e]
V  [jvm.dll+0x859703]
V  [jvm.dll+0x28298f]
V  [jvm.dll+0x6eb009]
V  [jvm.dll+0x6dfbaa]
V  [jvm.dll+0x3573f6]
V  [jvm.dll+0x35ee56]
V  [jvm.dll+0x3b541e]
V  [jvm.dll+0x3b564f]
V  [jvm.dll+0x32c9ea]
V  [jvm.dll+0x32ca97]
V  [jvm.dll+0x374cd2]
V  [jvm.dll+0x37340f]
V  [jvm.dll+0x32c210]
V  [jvm.dll+0x3729ab]
V  [jvm.dll+0x85ebc3]
V  [jvm.dll+0x85f989]
V  [jvm.dll+0x85febd]
V  [jvm.dll+0x86034b]
V  [jvm.dll+0x860407]
V  [jvm.dll+0x80125a]
V  [jvm.dll+0x6ecf0b]
C  [ucrtbase.dll+0x21bb2]
C  [KERNEL32.DLL+0x17034]
C  [ntdll.dll+0x52651]

VM_Operation (0x0000007ffb9fb8d0): G1CollectForAllocation, mode: safepoint, requested by thread 0x000001de0ab00200


---------------  P R O C E S S  ---------------

Threads class SMR info:
_java_thread_list=0x000001de0c474300, length=28, elements={
0x000001de7268bab0, 0x000001de7ea45c60, 0x000001de7ea46850, 0x000001de7ea47fd0,
0x000001de7ea4c1b0, 0x000001de7ea4cae0, 0x000001de7ea4d820, 0x000001de7ea4e7e0,
0x000001de7ea62400, 0x000001de7ea18d40, 0x000001de0a0dee70, 0x000001de0a0e96d0,
0x000001de0a12ee00, 0x000001de0a14bed0, 0x000001de0a1324d0, 0x000001de0a186620,
0x000001de0a6d9bb0, 0x000001de0a752f10, 0x000001de0aaff0a0, 0x000001de0ab00200,
0x000001de0b183020, 0x000001de0b186540, 0x000001de0b183ac0, 0x000001de0b184ab0,
0x000001de0b184010, 0x000001de0b185000, 0x000001de0b184560, 0x000001de0b185550
}

Java Threads: ( => current thread )
  0x000001de7268bab0 JavaThread "main" [_thread_blocked, id=4296, stack(0x0000007ff9800000,0x0000007ff9900000)]
  0x000001de7ea45c60 JavaThread "Reference Handler" daemon [_thread_blocked, id=7504, stack(0x0000007ff9f00000,0x0000007ffa000000)]
  0x000001de7ea46850 JavaThread "Finalizer" daemon [_thread_blocked, id=5812, stack(0x0000007ffa000000,0x0000007ffa100000)]
  0x000001de7ea47fd0 JavaThread "Signal Dispatcher" daemon [_thread_blocked, id=4940, stack(0x0000007ffa100000,0x0000007ffa200000)]
  0x000001de7ea4c1b0 JavaThread "Attach Listener" daemon [_thread_blocked, id=2944, stack(0x0000007ffa200000,0x0000007ffa300000)]
  0x000001de7ea4cae0 JavaThread "Service Thread" daemon [_thread_blocked, id=2984, stack(0x0000007ffa300000,0x0000007ffa400000)]
  0x000001de7ea4d820 JavaThread "Monitor Deflation Thread" daemon [_thread_blocked, id=2212, stack(0x0000007ffa400000,0x0000007ffa500000)]
  0x000001de7ea4e7e0 JavaThread "C1 CompilerThread0" daemon [_thread_blocked, id=5304, stack(0x0000007ffa500000,0x0000007ffa600000)]
  0x000001de7ea62400 JavaThread "Sweeper thread" daemon [_thread_blocked, id=1872, stack(0x0000007ffa600000,0x0000007ffa700000)]
  0x000001de7ea18d40 JavaThread "Common-Cleaner" daemon [_thread_blocked, id=8776, stack(0x0000007ffa700000,0x0000007ffa800000)]
  0x000001de0a0dee70 JavaThread "C1 CompilerThread1" daemon [_thread_blocked, id=7052, stack(0x0000007ffa800000,0x0000007ffa900000)]
  0x000001de0a0e96d0 JavaThread "C1 CompilerThread2" daemon [_thread_blocked, id=2332, stack(0x0000007ffa900000,0x0000007ffaa00000)]
  0x000001de0a12ee00 JavaThread "JDWP Transport Listener: dt_socket" daemon [_thread_blocked, id=4044, stack(0x0000007ffaa00000,0x0000007ffab00000)]
  0x000001de0a14bed0 JavaThread "JDWP Event Helper Thread" daemon [_thread_blocked, id=9256, stack(0x0000007ffab00000,0x0000007ffac00000)]
  0x000001de0a1324d0 JavaThread "JDWP Command Reader" daemon [_thread_in_native, id=9620, stack(0x0000007ffac00000,0x0000007ffad00000)]
  0x000001de0a186620 JavaThread "Notification Thread" daemon [_thread_blocked, id=7540, stack(0x0000007ffad00000,0x0000007ffae00000)]
  0x000001de0a6d9bb0 JavaThread "C1 CompilerThread3" daemon [_thread_blocked, id=3044, stack(0x0000007ffae00000,0x0000007ffaf00000)]
  0x000001de0a752f10 JavaThread "RMI TCP Accept-0" daemon [_thread_in_native, id=9000, stack(0x0000007ffaf00000,0x0000007ffb000000)]
  0x000001de0aaff0a0 JavaThread "Thread-0" [_thread_blocked, id=8188, stack(0x0000007ffb800000,0x0000007ffb900000)]
  0x000001de0ab00200 JavaThread "restartedMain" [_thread_blocked, id=1820, stack(0x0000007ffb900000,0x0000007ffba00000)]
  0x000001de0b183020 JavaThread "RMI TCP Connection(1)-192.168.0.103" daemon [_thread_in_native, id=7868, stack(0x0000007ffbb00000,0x0000007ffbc00000)]
  0x000001de0b186540 JavaThread "RMI Scheduler(0)" daemon [_thread_blocked, id=8548, stack(0x0000007ffbc00000,0x0000007ffbd00000)]
  0x000001de0b183ac0 JavaThread "RMI TCP Connection(2)-192.168.0.103" daemon [_thread_in_native, id=8520, stack(0x0000007ffbd00000,0x0000007ffbe00000)]
  0x000001de0b184ab0 JavaThread "Catalina-utility-1" [_thread_blocked, id=8540, stack(0x0000007ffbe00000,0x0000007ffbf00000)]
  0x000001de0b184010 JavaThread "Catalina-utility-2" [_thread_blocked, id=5744, stack(0x0000007ffbf00000,0x0000007ffc000000)]
  0x000001de0b185000 JavaThread "container-0" [_thread_blocked, id=6252, stack(0x0000007ffc000000,0x0000007ffc100000)]
  0x000001de0b184560 JavaThread "HikariPool-1 housekeeper" daemon [_thread_blocked, id=4576, stack(0x0000007ffc200000,0x0000007ffc300000)]
  0x000001de0b185550 JavaThread "HikariPool-1 connection adder" daemon [_thread_blocked, id=7184, stack(0x0000007ffc300000,0x0000007ffc400000)]

Other Threads:
=>0x000001de7ea2a8d0 VMThread "VM Thread" [stack: 0x0000007ff9e00000,0x0000007ff9f00000] [id=10072]
  0x000001de0a83d040 WatcherThread "VM Periodic Task Thread" [stack: 0x0000007ffb000000,0x0000007ffb100000] [id=3988]
  0x000001de726e9ce0 WorkerThread "GC Thread#0" [stack: 0x0000007ff9900000,0x0000007ff9a00000] [id=1516]
  0x000001de0a8a1860 WorkerThread "GC Thread#1" [stack: 0x0000007ffb100000,0x0000007ffb200000] [id=764]
  0x000001de0a8c6e00 WorkerThread "GC Thread#2" [stack: 0x0000007ffb200000,0x0000007ffb300000] [id=8360]
  0x000001de0a8c80e0 WorkerThread "GC Thread#3" [stack: 0x0000007ffb300000,0x0000007ffb400000] [id=7908]
  0x000001de0a8c83b0 WorkerThread "GC Thread#4" [stack: 0x0000007ffb400000,0x0000007ffb500000] [id=9900]
  0x000001de0a8cac80 WorkerThread "GC Thread#5" [stack: 0x0000007ffb500000,0x0000007ffb600000] [id=7800]
  0x000001de0a8ca6e0 WorkerThread "GC Thread#6" [stack: 0x0000007ffb600000,0x0000007ffb700000] [id=4900]
  0x000001de0a8ca9b0 WorkerThread "GC Thread#7" [stack: 0x0000007ffb700000,0x0000007ffb800000] [id=9616]
  0x000001de726fb380 ConcurrentGCThread "G1 Main Marker" [stack: 0x0000007ff9a00000,0x0000007ff9b00000] [id=4580]
  0x000001de726fbcc0 WorkerThread "G1 Conc#0" [stack: 0x0000007ff9b00000,0x0000007ff9c00000] [id=7192]
  0x000001de0a8cb7c0 WorkerThread "G1 Conc#1" [stack: 0x0000007ffba00000,0x0000007ffbb00000] [id=6676]
  0x000001de7274db60 ConcurrentGCThread "G1 Refine#0" [stack: 0x0000007ff9c00000,0x0000007ff9d00000] [id=9572]
  0x000001de7274e5b0 ConcurrentGCThread "G1 Service" [stack: 0x0000007ff9d00000,0x0000007ff9e00000] [id=10068]

Threads with active compile tasks:
C1 CompilerThread0     4571 5070       1       java.lang.reflect.Executable::getGenericExceptionTypes (27 bytes)
C1 CompilerThread2     4571 5069       1       java.lang.reflect.Method::getGenericExceptionTypes (5 bytes)

VM state: at safepoint (normal execution)

VM Mutex/Monitor currently owned by a thread:  ([mutex/lock_event])
[0x000001de72685ae0] Threads_lock - owner thread: 0x000001de7ea2a8d0
[0x000001de72685b70] Heap_lock - owner thread: 0x000001de0ab00200

Heap address: 0x0000000084c00000, size: 1972 MB, Compressed Oops mode: 32-bit

CDS archive(s) mapped at: [0x0000000800000000-0x0000000800c40000-0x0000000800c40000), size 12845056, SharedBaseAddress: 0x0000000800000000, ArchiveRelocationMode: 0.
Compressed class space mapped at: 0x0000000801000000-0x0000000841000000, reserved size: 1073741824
Narrow klass base: 0x0000000800000000, Narrow klass shift: 0, Narrow klass range: 0x100000000

GC Precious Log:
 CardTable entry size: 512
 Card Set container configuration: InlinePtr #cards 5 size 8 Array Of Cards #cards 12 size 40 Howl #buckets 4 coarsen threshold 1843 Howl Bitmap #cards 512 size 80 coarsen threshold 460 Card regions per heap region 1 cards per card region 2048
 CPUs: 8 total, 8 available
 Memory: 7883M
 Large Page Support: Disabled
 NUMA Support: Disabled
 Compressed Oops: Enabled (32-bit)
 Heap Region Size: 1M
 Heap Min Capacity: 8M
 Heap Initial Capacity: 124M
 Heap Max Capacity: 1972M
 Pre-touch: Disabled
 Parallel Workers: 8
 Concurrent Workers: 2
 Concurrent Refinement Workers: 8
 Periodic GC: Disabled

Heap:
 garbage-first heap   total 51200K, used 22275K [0x0000000084c00000, 0x0000000100000000)
  region size 1024K, 2 young (2048K), 2 survivors (2048K)
 Metaspace       used 47491K, committed 47936K, reserved 1114112K
  class space    used 6524K, committed 6720K, reserved 1048576K

Heap Regions: E=young(eden), S=young(survivor), O=old, HS=humongous(starts), HC=humongous(continues), CS=collection set, F=free, OA=open archive, CA=closed archive, TAMS=top-at-mark-start (previous, next)
|   0|0x0000000084c00000, 0x0000000084d00000, 0x0000000084d00000|100%|HS|  |TAMS 0x0000000084d00000, 0x0000000084c00000| Complete 
|   1|0x0000000084d00000, 0x0000000084e00000, 0x0000000084e00000|100%| O|  |TAMS 0x0000000084e00000, 0x0000000084d00000| Untracked 
|   2|0x0000000084e00000, 0x0000000084f00000, 0x0000000084f00000|100%| O|  |TAMS 0x0000000084f00000, 0x0000000084e00000| Untracked 
|   3|0x0000000084f00000, 0x0000000085000000, 0x0000000085000000|100%| O|  |TAMS 0x0000000085000000, 0x0000000084f00000| Untracked 
|   4|0x0000000085000000, 0x0000000085100000, 0x0000000085100000|100%| O|  |TAMS 0x0000000085100000, 0x0000000085000000| Untracked 
|   5|0x0000000085100000, 0x0000000085200000, 0x0000000085200000|100%| O|  |TAMS 0x0000000085200000, 0x0000000085100000| Untracked 
|   6|0x0000000085200000, 0x0000000085300000, 0x0000000085300000|100%| O|  |TAMS 0x0000000085300000, 0x0000000085200000| Untracked 
|   7|0x0000000085300000, 0x0000000085400000, 0x0000000085400000|100%| O|  |TAMS 0x0000000085400000, 0x0000000085300000| Untracked 
|   8|0x0000000085400000, 0x00000000854ff200, 0x0000000085500000| 99%| O|  |TAMS 0x00000000854ff200, 0x0000000085400000| Untracked 
|   9|0x0000000085500000, 0x0000000085600000, 0x0000000085600000|100%| O|  |TAMS 0x0000000085600000, 0x0000000085500000| Untracked 
|  10|0x0000000085600000, 0x0000000085700000, 0x0000000085700000|100%| O|  |TAMS 0x0000000085700000, 0x0000000085600000| Untracked 
|  11|0x0000000085700000, 0x0000000085800000, 0x0000000085800000|100%| O|  |TAMS 0x0000000085800000, 0x0000000085700000| Untracked 
|  12|0x0000000085800000, 0x0000000085900000, 0x0000000085900000|100%| O|  |TAMS 0x0000000085900000, 0x0000000085800000| Untracked 
|  13|0x0000000085900000, 0x0000000085a00000, 0x0000000085a00000|100%| O|  |TAMS 0x0000000085a00000, 0x0000000085900000| Untracked 
|  14|0x0000000085a00000, 0x0000000085b00000, 0x0000000085b00000|100%| O|  |TAMS 0x0000000085b00000, 0x0000000085a00000| Untracked 
|  15|0x0000000085b00000, 0x0000000085b00000, 0x0000000085c00000|  0%| F|  |TAMS 0x0000000085b00000, 0x0000000085b00000| Untracked 
|  16|0x0000000085c00000, 0x0000000085d00000, 0x0000000085d00000|100%| O|  |TAMS 0x0000000085cff800, 0x0000000085c00000| Untracked 
|  17|0x0000000085d00000, 0x0000000085e00000, 0x0000000085e00000|100%| O|  |TAMS 0x0000000085d00000, 0x0000000085d00000| Untracked 
|  18|0x0000000085e00000, 0x0000000085f00000, 0x0000000085f00000|100%| O|  |TAMS 0x0000000085e00000, 0x0000000085e00000| Untracked 
|  19|0x0000000085f00000, 0x0000000086000000, 0x0000000086000000|100%| O|  |TAMS 0x0000000085f00000, 0x0000000085f00000| Untracked 
|  20|0x0000000086000000, 0x00000000860e8400, 0x0000000086100000| 90%| O|  |TAMS 0x0000000086000000, 0x0000000086000000| Untracked 
|  21|0x0000000086100000, 0x0000000086100000, 0x0000000086200000|  0%| F|  |TAMS 0x0000000086100000, 0x0000000086100000| Untracked 
|  22|0x0000000086200000, 0x0000000086200000, 0x0000000086300000|  0%| F|  |TAMS 0x0000000086200000, 0x0000000086200000| Untracked 
|  23|0x0000000086300000, 0x0000000086300000, 0x0000000086400000|  0%| F|  |TAMS 0x0000000086300000, 0x0000000086300000| Untracked 
|  24|0x0000000086400000, 0x0000000086400000, 0x0000000086500000|  0%| F|  |TAMS 0x0000000086400000, 0x0000000086400000| Untracked 
|  25|0x0000000086500000, 0x0000000086500000, 0x0000000086600000|  0%| F|  |TAMS 0x0000000086500000, 0x0000000086500000| Untracked 
|  26|0x0000000086600000, 0x0000000086600000, 0x0000000086700000|  0%| F|  |TAMS 0x0000000086600000, 0x0000000086600000| Untracked 
|  27|0x0000000086700000, 0x00000000867d9688, 0x0000000086800000| 84%| S|CS|TAMS 0x0000000086700000, 0x0000000086700000| Complete 
|  28|0x0000000086800000, 0x0000000086800000, 0x0000000086900000|  0%| F|  |TAMS 0x0000000086800000, 0x0000000086800000| Untracked 
|  29|0x0000000086900000, 0x0000000086900000, 0x0000000086a00000|  0%| F|  |TAMS 0x0000000086900000, 0x0000000086900000| Untracked 
|  30|0x0000000086a00000, 0x0000000086b00000, 0x0000000086b00000|100%| S|CS|TAMS 0x0000000086a00000, 0x0000000086a00000| Complete 
|  31|0x0000000086b00000, 0x0000000086b00000, 0x0000000086c00000|  0%| F|  |TAMS 0x0000000086b00000, 0x0000000086b00000| Untracked 
|  32|0x0000000086c00000, 0x0000000086c00000, 0x0000000086d00000|  0%| F|  |TAMS 0x0000000086c00000, 0x0000000086c00000| Untracked 
|  33|0x0000000086d00000, 0x0000000086d00000, 0x0000000086e00000|  0%| F|  |TAMS 0x0000000086d00000, 0x0000000086d00000| Untracked 
|  34|0x0000000086e00000, 0x0000000086e00000, 0x0000000086f00000|  0%| F|  |TAMS 0x0000000086e00000, 0x0000000086e00000| Untracked 
|  35|0x0000000086f00000, 0x0000000086f00000, 0x0000000087000000|  0%| F|  |TAMS 0x0000000086f00000, 0x0000000086f00000| Untracked 
|  36|0x0000000087000000, 0x0000000087000000, 0x0000000087100000|  0%| F|  |TAMS 0x0000000087000000, 0x0000000087000000| Untracked 
|  37|0x0000000087100000, 0x0000000087100000, 0x0000000087200000|  0%| F|  |TAMS 0x0000000087100000, 0x0000000087100000| Untracked 
|  38|0x0000000087200000, 0x0000000087200000, 0x0000000087300000|  0%| F|  |TAMS 0x0000000087200000, 0x0000000087200000| Untracked 
|  39|0x0000000087300000, 0x0000000087300000, 0x0000000087400000|  0%| F|  |TAMS 0x0000000087300000, 0x0000000087300000| Untracked 
|  40|0x0000000087400000, 0x0000000087400000, 0x0000000087500000|  0%| F|  |TAMS 0x0000000087400000, 0x0000000087400000| Untracked 
|  41|0x0000000087500000, 0x0000000087500000, 0x0000000087600000|  0%| F|  |TAMS 0x0000000087500000, 0x0000000087500000| Untracked 
|  42|0x0000000087600000, 0x0000000087600000, 0x0000000087700000|  0%| F|  |TAMS 0x0000000087600000, 0x0000000087600000| Untracked 
|  43|0x0000000087700000, 0x0000000087700000, 0x0000000087800000|  0%| F|  |TAMS 0x0000000087700000, 0x0000000087700000| Untracked 
| 107|0x000000008b700000, 0x000000008b700000, 0x000000008b800000|  0%| F|  |TAMS 0x000000008b700000, 0x000000008b700000| Untracked 
| 108|0x000000008b800000, 0x000000008b800000, 0x000000008b900000|  0%| F|  |TAMS 0x000000008b800000, 0x000000008b800000| Untracked 
| 109|0x000000008b900000, 0x000000008b900000, 0x000000008ba00000|  0%| F|  |TAMS 0x000000008b900000, 0x000000008b900000| Untracked 
| 110|0x000000008ba00000, 0x000000008ba00000, 0x000000008bb00000|  0%| F|  |TAMS 0x000000008ba00000, 0x000000008ba00000| Untracked 
| 111|0x000000008bb00000, 0x000000008bb00000, 0x000000008bc00000|  0%| F|  |TAMS 0x000000008bb00000, 0x000000008bb00000| Untracked 
| 123|0x000000008c700000, 0x000000008c700000, 0x000000008c800000|  0%| F|  |TAMS 0x000000008c700000, 0x000000008c700000| Untracked 

Card table byte_map: [0x000001de7dae0000,0x000001de7dec0000] _byte_map_base: 0x000001de7d6ba000

Marking Bits (Prev, Next): (CMBitMap*) 0x000001de726eb230, (CMBitMap*) 0x000001de726eb270
 Prev Bits: [0x000001de00000000, 0x000001de01ed0000)
 Next Bits: [0x000001de01ed0000, 0x000001de03da0000)

Polling page: 0x000001de71e50000

Metaspace:

Usage:
  Non-class:     40.01 MB used.
      Class:      6.37 MB used.
       Both:     46.38 MB used.

Virtual space:
  Non-class space:       64.00 MB reserved,      40.25 MB ( 63%) committed,  1 nodes.
      Class space:        1.00 GB reserved,       6.56 MB ( <1%) committed,  1 nodes.
             Both:        1.06 GB reserved,      46.81 MB (  4%) committed. 

Chunk freelists:
   Non-Class:  3.19 MB
       Class:  1.33 MB
        Both:  4.51 MB

MaxMetaspaceSize: unlimited
CompressedClassSpaceSize: 1.00 GB
Initial GC threshold: 21.00 MB
Current GC threshold: 59.38 MB
CDS: on
MetaspaceReclaimPolicy: balanced
 - commit_granule_bytes: 65536.
 - commit_granule_words: 8192.
 - virtual_space_node_default_size: 8388608.
 - enlarge_chunks_in_place: 1.
 - new_chunks_are_fully_committed: 0.
 - uncommit_free_chunks: 1.
 - use_allocation_guard: 0.


Internal statistics:

num_allocs_failed_limit: 9.
num_arena_births: 586.
num_arena_deaths: 0.
num_vsnodes_births: 2.
num_vsnodes_deaths: 0.
num_space_committed: 749.
num_space_uncommitted: 0.
num_chunks_returned_to_freelist: 9.
num_chunks_taken_from_freelist: 2206.
num_chunk_merges: 6.
num_chunk_splits: 1598.
num_chunks_enlarged: 1283.
num_inconsistent_stats: 0.

CodeCache: size=49152Kb used=11339Kb max_used=11339Kb free=37812Kb
 bounds [0x000001de7a5f0000, 0x000001de7b110000, 0x000001de7d5f0000]
 total_blobs=5665 nmethods=5068 adapters=519
 compilation: enabled
              stopped_count=0, restarted_count=0
 full_count=0

Compilation events (20 events):
Event: 4.541 Thread 0x000001de7ea4e7e0 nmethod 5058 0x000001de7b0fd590 code [0x000001de7b0fd740, 0x000001de7b0fd928]
Event: 4.542 Thread 0x000001de0a6d9bb0 nmethod 5060 0x000001de7b0fda10 code [0x000001de7b0fdc60, 0x000001de7b0fe058]
Event: 4.542 Thread 0x000001de0a0dee70 5061  s!   1       java.beans.PropertyDescriptor::getWriteMethod (152 bytes)
Event: 4.542 Thread 0x000001de0a0e96d0 5062   !   1       com.sun.beans.TypeResolver::resolve (268 bytes)
Event: 4.542 Thread 0x000001de0a6d9bb0 5063       1       java.util.Hashtable$Entry::getKey (5 bytes)
Event: 4.542 Thread 0x000001de7ea4e7e0 5064       1       java.util.Hashtable$Entry::getValue (5 bytes)
Event: 4.543 Thread 0x000001de7ea4e7e0 nmethod 5064 0x000001de7b0fe210 code [0x000001de7b0fe3a0, 0x000001de7b0fe458]
Event: 4.543 Thread 0x000001de0a6d9bb0 nmethod 5063 0x000001de7b0fe510 code [0x000001de7b0fe6a0, 0x000001de7b0fe758]
Event: 4.543 Thread 0x000001de0a6d9bb0 5065       1       java.beans.FeatureDescriptor::<init> (5 bytes)
Event: 4.543 Thread 0x000001de0a6d9bb0 nmethod 5065 0x000001de7b0fe810 code [0x000001de7b0fe9a0, 0x000001de7b0fea58]
Event: 4.543 Thread 0x000001de7ea4e7e0 5066       1       com.sun.beans.TypeResolver::resolve (37 bytes)
Event: 4.544 Thread 0x000001de0a0e96d0 nmethod 5062 0x000001de7b0feb10 code [0x000001de7b0fee80, 0x000001de7b0ffd98]
Event: 4.544 Thread 0x000001de0a0dee70 nmethod 5061 0x000001de7b100510 code [0x000001de7b1007c0, 0x000001de7b1014c8]
Event: 4.544 Thread 0x000001de0a0e96d0 5067       1       com.sun.beans.TypeResolver::getActualType (24 bytes)
Event: 4.544 Thread 0x000001de7ea4e7e0 nmethod 5066 0x000001de7b101b90 code [0x000001de7b101d40, 0x000001de7b102008]
Event: 4.544 Thread 0x000001de0a0dee70 5068       1       java.util.Hashtable$Enumerator::hasMoreElements (53 bytes)
Event: 4.544 Thread 0x000001de0a0dee70 nmethod 5068 0x000001de7b102190 code [0x000001de7b102320, 0x000001de7b102498]
Event: 4.544 Thread 0x000001de0a0e96d0 nmethod 5067 0x000001de7b102590 code [0x000001de7b102780, 0x000001de7b102b08]
Event: 4.544 Thread 0x000001de0a0e96d0 5069       1       java.lang.reflect.Method::getGenericExceptionTypes (5 bytes)
Event: 4.544 Thread 0x000001de7ea4e7e0 5070       1       java.lang.reflect.Executable::getGenericExceptionTypes (27 bytes)

GC Heap History (20 events):
Event: 2.281 GC heap after
{Heap after GC invocations=4 (full 0):
 garbage-first heap   total 126976K, used 13632K [0x0000000084c00000, 0x0000000100000000)
  region size 1024K, 5 young (5120K), 5 survivors (5120K)
 Metaspace       used 21204K, committed 21504K, reserved 1114112K
  class space    used 2679K, committed 2816K, reserved 1048576K
}
Event: 2.728 GC heap before
{Heap before GC invocations=5 (full 0):
 garbage-first heap   total 51200K, used 39232K [0x0000000084c00000, 0x0000000100000000)
  region size 1024K, 30 young (30720K), 5 survivors (5120K)
 Metaspace       used 24248K, committed 24640K, reserved 1114112K
  class space    used 3138K, committed 3328K, reserved 1048576K
}
Event: 2.733 GC heap after
{Heap after GC invocations=6 (full 0):
 garbage-first heap   total 51200K, used 15231K [0x0000000084c00000, 0x0000000100000000)
  region size 1024K, 3 young (3072K), 3 survivors (3072K)
 Metaspace       used 24248K, committed 24640K, reserved 1114112K
  class space    used 3138K, committed 3328K, reserved 1048576K
}
Event: 2.751 GC heap before
{Heap before GC invocations=6 (full 0):
 garbage-first heap   total 51200K, used 16255K [0x0000000084c00000, 0x0000000100000000)
  region size 1024K, 4 young (4096K), 3 survivors (3072K)
 Metaspace       used 24294K, committed 24640K, reserved 1114112K
  class space    used 3146K, committed 3328K, reserved 1048576K
}
Event: 2.754 GC heap after
{Heap after GC invocations=7 (full 0):
 garbage-first heap   total 51200K, used 15512K [0x0000000084c00000, 0x0000000100000000)
  region size 1024K, 1 young (1024K), 1 survivors (1024K)
 Metaspace       used 24294K, committed 24640K, reserved 1114112K
  class space    used 3146K, committed 3328K, reserved 1048576K
}
Event: 3.050 GC heap before
{Heap before GC invocations=7 (full 0):
 garbage-first heap   total 51200K, used 35992K [0x0000000084c00000, 0x0000000100000000)
  region size 1024K, 22 young (22528K), 1 survivors (1024K)
 Metaspace       used 27889K, committed 28352K, reserved 1114112K
  class space    used 3654K, committed 3904K, reserved 1048576K
}
Event: 3.052 GC heap after
{Heap after GC invocations=8 (full 0):
 garbage-first heap   total 51200K, used 17471K [0x0000000084c00000, 0x0000000100000000)
  region size 1024K, 3 young (3072K), 3 survivors (3072K)
 Metaspace       used 27889K, committed 28352K, reserved 1114112K
  class space    used 3654K, committed 3904K, reserved 1048576K
}
Event: 3.246 GC heap before
{Heap before GC invocations=8 (full 0):
 garbage-first heap   total 51200K, used 37951K [0x0000000084c00000, 0x0000000100000000)
  region size 1024K, 23 young (23552K), 3 survivors (3072K)
 Metaspace       used 29808K, committed 30208K, reserved 1114112K
  class space    used 3894K, committed 4096K, reserved 1048576K
}
Event: 3.249 GC heap after
{Heap after GC invocations=9 (full 0):
 garbage-first heap   total 51200K, used 18426K [0x0000000084c00000, 0x0000000100000000)
  region size 1024K, 1 young (1024K), 1 survivors (1024K)
 Metaspace       used 29808K, committed 30208K, reserved 1114112K
  class space    used 3894K, committed 4096K, reserved 1048576K
}
Event: 3.526 GC heap before
{Heap before GC invocations=9 (full 0):
 garbage-first heap   total 51200K, used 38906K [0x0000000084c00000, 0x0000000100000000)
  region size 1024K, 21 young (21504K), 1 survivors (1024K)
 Metaspace       used 34418K, committed 34880K, reserved 1114112K
  class space    used 4624K, committed 4864K, reserved 1048576K
}
Event: 3.528 GC heap after
{Heap after GC invocations=10 (full 0):
 garbage-first heap   total 51200K, used 19258K [0x0000000084c00000, 0x0000000100000000)
  region size 1024K, 2 young (2048K), 2 survivors (2048K)
 Metaspace       used 34418K, committed 34880K, reserved 1114112K
  class space    used 4624K, committed 4864K, reserved 1048576K
}
Event: 3.591 GC heap before
{Heap before GC invocations=10 (full 0):
 garbage-first heap   total 51200K, used 23354K [0x0000000084c00000, 0x0000000100000000)
  region size 1024K, 7 young (7168K), 2 survivors (2048K)
 Metaspace       used 35686K, committed 36096K, reserved 1114112K
  class space    used 4809K, committed 4992K, reserved 1048576K
}
Event: 3.593 GC heap after
{Heap after GC invocations=11 (full 0):
 garbage-first heap   total 51200K, used 19479K [0x0000000084c00000, 0x0000000100000000)
  region size 1024K, 2 young (2048K), 2 survivors (2048K)
 Metaspace       used 35686K, committed 36096K, reserved 1114112K
  class space    used 4809K, committed 4992K, reserved 1048576K
}
Event: 3.909 GC heap before
{Heap before GC invocations=12 (full 0):
 garbage-first heap   total 51200K, used 39959K [0x0000000084c00000, 0x0000000100000000)
  region size 1024K, 22 young (22528K), 2 survivors (2048K)
 Metaspace       used 40500K, committed 40896K, reserved 1114112K
  class space    used 5481K, committed 5696K, reserved 1048576K
}
Event: 3.912 GC heap after
{Heap after GC invocations=13 (full 0):
 garbage-first heap   total 51200K, used 20765K [0x0000000084c00000, 0x0000000100000000)
  region size 1024K, 3 young (3072K), 3 survivors (3072K)
 Metaspace       used 40500K, committed 40896K, reserved 1114112K
  class space    used 5481K, committed 5696K, reserved 1048576K
}
Event: 3.923 GC heap before
{Heap before GC invocations=13 (full 0):
 garbage-first heap   total 51200K, used 21789K [0x0000000084c00000, 0x0000000100000000)
  region size 1024K, 4 young (4096K), 3 survivors (3072K)
 Metaspace       used 40710K, committed 41088K, reserved 1114112K
  class space    used 5501K, committed 5696K, reserved 1048576K
}
Event: 3.926 GC heap after
{Heap after GC invocations=14 (full 0):
 garbage-first heap   total 51200K, used 20760K [0x0000000084c00000, 0x0000000100000000)
  region size 1024K, 1 young (1024K), 1 survivors (1024K)
 Metaspace       used 40710K, committed 41088K, reserved 1114112K
  class space    used 5501K, committed 5696K, reserved 1048576K
}
Event: 4.196 GC heap before
{Heap before GC invocations=14 (full 0):
 garbage-first heap   total 51200K, used 39192K [0x0000000084c00000, 0x0000000100000000)
  region size 1024K, 20 young (20480K), 1 survivors (1024K)
 Metaspace       used 44745K, committed 45184K, reserved 1114112K
  class space    used 6113K, committed 6336K, reserved 1048576K
}
Event: 4.198 GC heap after
{Heap after GC invocations=15 (full 0):
 garbage-first heap   total 51200K, used 21522K [0x0000000084c00000, 0x0000000100000000)
  region size 1024K, 2 young (2048K), 2 survivors (2048K)
 Metaspace       used 44745K, committed 45184K, reserved 1114112K
  class space    used 6113K, committed 6336K, reserved 1048576K
}
Event: 4.545 GC heap before
{Heap before GC invocations=15 (full 0):
 garbage-first heap   total 51200K, used 39954K [0x0000000084c00000, 0x0000000100000000)
  region size 1024K, 21 young (21504K), 2 survivors (2048K)
 Metaspace       used 47491K, committed 47936K, reserved 1114112K
  class space    used 6524K, committed 6720K, reserved 1048576K
}

Dll operation events (13 events):
Event: 0.007 Loaded shared library C:\Program Files\Java\jdk-19\bin\java.dll
Event: 0.008 Loaded shared library C:\Program Files\Java\jdk-19\bin\zip.dll
Event: 0.015 Loaded shared library C:\Program Files\Java\jdk-19\bin\jsvml.dll
Event: 0.470 Loaded shared library C:\Program Files\Java\jdk-19\bin\instrument.dll
Event: 0.500 Loaded shared library C:\Program Files\Java\jdk-19\bin\jimage.dll
Event: 0.521 Loaded shared library C:\Program Files\Java\jdk-19\bin\net.dll
Event: 0.522 Loaded shared library C:\Program Files\Java\jdk-19\bin\nio.dll
Event: 0.533 Loaded shared library C:\Program Files\Java\jdk-19\bin\zip.dll
Event: 0.604 Loaded shared library C:\Program Files\Java\jdk-19\bin\management.dll
Event: 0.617 Loaded shared library C:\Program Files\Java\jdk-19\bin\management_ext.dll
Event: 0.845 Loaded shared library C:\Program Files\Java\jdk-19\bin\extnet.dll
Event: 0.875 Loaded shared library C:\Program Files\Java\jdk-19\bin\verify.dll
Event: 3.043 Loaded shared library C:\Program Files\Java\jdk-19\bin\sunmscapi.dll

Deoptimization events (20 events):
Event: 4.543 Thread 0x000001de0ab00200 DEOPT PACKING pc=0x000001de7acee8ac sp=0x0000007ffb9fb150
Event: 4.543 Thread 0x000001de0ab00200 DEOPT UNPACKING pc=0x000001de7a65b0e3 sp=0x0000007ffb9fa688 mode 1
Event: 4.543 Thread 0x000001de0ab00200 DEOPT PACKING pc=0x000001de7acefea4 sp=0x0000007ffb9fb240
Event: 4.543 Thread 0x000001de0ab00200 DEOPT UNPACKING pc=0x000001de7a65b0e3 sp=0x0000007ffb9fa7e8 mode 1
Event: 4.543 Thread 0x000001de0ab00200 DEOPT PACKING pc=0x000001de7acf109c sp=0x0000007ffb9fb3a0
Event: 4.543 Thread 0x000001de0ab00200 DEOPT UNPACKING pc=0x000001de7a65b0e3 sp=0x0000007ffb9fa950 mode 1
Event: 4.543 Thread 0x000001de0ab00200 DEOPT PACKING pc=0x000001de7aac43b9 sp=0x0000007ffb9fa950
Event: 4.543 Thread 0x000001de0ab00200 DEOPT UNPACKING pc=0x000001de7a65b0e3 sp=0x0000007ffb9f9da8 mode 1
Event: 4.543 Thread 0x000001de0ab00200 DEOPT PACKING pc=0x000001de7aac2e1c sp=0x0000007ffb9fa9e0
Event: 4.543 Thread 0x000001de0ab00200 DEOPT UNPACKING pc=0x000001de7a65b0e3 sp=0x0000007ffb9f9e88 mode 1
Event: 4.543 Thread 0x000001de0ab00200 DEOPT PACKING pc=0x000001de7aa78964 sp=0x0000007ffb9fb360
Event: 4.543 Thread 0x000001de0ab00200 DEOPT UNPACKING pc=0x000001de7a65b0e3 sp=0x0000007ffb9fa828 mode 1
Event: 4.543 Thread 0x000001de0ab00200 DEOPT PACKING pc=0x000001de7aa7865c sp=0x0000007ffb9fb3f0
Event: 4.543 Thread 0x000001de0ab00200 DEOPT UNPACKING pc=0x000001de7a65b0e3 sp=0x0000007ffb9fa8c8 mode 1
Event: 4.543 Thread 0x000001de0ab00200 DEOPT PACKING pc=0x000001de7aac2e1c sp=0x0000007ffb9fb540
Event: 4.543 Thread 0x000001de0ab00200 DEOPT UNPACKING pc=0x000001de7a65b0e3 sp=0x0000007ffb9fa9e8 mode 1
Event: 4.543 Thread 0x000001de0ab00200 DEOPT PACKING pc=0x000001de7aa78964 sp=0x0000007ffb9fbec0
Event: 4.543 Thread 0x000001de0ab00200 DEOPT UNPACKING pc=0x000001de7a65b0e3 sp=0x0000007ffb9fb388 mode 1
Event: 4.543 Thread 0x000001de0ab00200 DEOPT PACKING pc=0x000001de7aa7865c sp=0x0000007ffb9fbf50
Event: 4.543 Thread 0x000001de0ab00200 DEOPT UNPACKING pc=0x000001de7a65b0e3 sp=0x0000007ffb9fb428 mode 1

Classes loaded (20 events):
Event: 4.540 Loading class org/springframework/data/repository/core/support/RepositoryFactoryBeanSupportCustomizer
Event: 4.540 Loading class org/springframework/data/repository/core/support/RepositoryFactoryBeanSupportCustomizer done
Event: 4.540 Loading class org/springframework/data/repository/core/support/RepositoryFactoryBeanSupportCustomizer
Event: 4.540 Loading class org/springframework/data/repository/core/support/RepositoryFactoryBeanSupportCustomizer done
Event: 4.540 Loading class org/springframework/data/repository/core/support/RepositoryFactoryBeanSupportCustomizer
Event: 4.540 Loading class org/springframework/data/repository/core/support/RepositoryFactoryBeanSupportCustomizer done
Event: 4.540 Loading class org/springframework/data/repository/query/QueryMethod
Event: 4.540 Loading class org/springframework/data/repository/query/QueryMethod done
Event: 4.541 Loading class org/springframework/data/repository/core/support/TransactionalRepositoryFactoryBeanSupportCustomizer
Event: 4.541 Loading class org/springframework/data/repository/core/support/TransactionalRepositoryFactoryBeanSupportCustomizer done
Event: 4.542 Loading class org/springframework/data/repository/core/support/TransactionalRepositoryFactoryBeanSupportCustomizer
Event: 4.542 Loading class org/springframework/data/repository/core/support/TransactionalRepositoryFactoryBeanSupportCustomizer done
Event: 4.542 Loading class org/springframework/data/repository/core/support/TransactionalRepositoryFactoryBeanSupportCustomizer
Event: 4.542 Loading class org/springframework/data/repository/core/support/TransactionalRepositoryFactoryBeanSupportCustomizer done
Event: 4.542 Loading class org/springframework/data/jpa/repository/support/JpaRepositoryFactoryBeanCustomizer
Event: 4.542 Loading class org/springframework/data/jpa/repository/support/JpaRepositoryFactoryBeanCustomizer done
Event: 4.543 Loading class org/springframework/data/jpa/repository/support/JpaRepositoryFactoryBeanCustomizer
Event: 4.543 Loading class org/springframework/data/jpa/repository/support/JpaRepositoryFactoryBeanCustomizer done
Event: 4.543 Loading class org/springframework/data/jpa/repository/support/JpaRepositoryFactoryBeanCustomizer
Event: 4.543 Loading class org/springframework/data/jpa/repository/support/JpaRepositoryFactoryBeanCustomizer done

Classes unloaded (0 events):
No events

Classes redefined (0 events):
No events

Internal exceptions (20 events):
Event: 3.067 Thread 0x000001de0ab00200 Exception <a 'sun/nio/fs/WindowsException'{0x000000008b977850}> (0x000000008b977850) 
thrown [s\open\src\hotspot\share\prims\jni.cpp, line 517]
Event: 3.067 Thread 0x000001de0ab00200 Exception <a 'sun/nio/fs/WindowsException'{0x000000008b977b48}> (0x000000008b977b48) 
thrown [s\open\src\hotspot\share\prims\jni.cpp, line 517]
Event: 3.068 Thread 0x000001de0ab00200 Exception <a 'sun/nio/fs/WindowsException'{0x000000008b978640}> (0x000000008b978640) 
thrown [s\open\src\hotspot\share\prims\jni.cpp, line 517]
Event: 3.068 Thread 0x000001de0ab00200 Exception <a 'sun/nio/fs/WindowsException'{0x000000008b9789a0}> (0x000000008b9789a0) 
thrown [s\open\src\hotspot\share\prims\jni.cpp, line 517]
Event: 3.123 Thread 0x000001de0ab00200 Exception <a 'java/io/FileNotFoundException'{0x00000000875f3b40}> (0x00000000875f3b40) 
thrown [s\open\src\hotspot\share\prims\jni.cpp, line 517]
Event: 3.133 Thread 0x000001de0ab00200 Exception <a 'java/lang/NoSuchMethodError'{0x0000000087357b78}: 'int java.lang.invoke.DirectMethodHandle$Holder.invokeInterface(java.lang.Object, java.lang.Object, java.lang.Object, java.lang.Object)'> (0x0000000087357b78) 
thrown [s\open\src\hotspot\share\interpreter\linkResolver.cpp, line 774]
Event: 3.175 Thread 0x000001de0ab00200 Exception <a 'java/lang/NoSuchMethodError'{0x000000008700b2f8}: 'long java.lang.invoke.DirectMethodHandle$Holder.invokeVirtual(java.lang.Object, java.lang.Object)'> (0x000000008700b2f8) 
thrown [s\open\src\hotspot\share\interpreter\linkResolver.cpp, line 774]
Event: 3.178 Thread 0x000001de0ab00200 Exception <a 'java/io/FileNotFoundException'{0x0000000087041ce0}> (0x0000000087041ce0) 
thrown [s\open\src\hotspot\share\prims\jni.cpp, line 517]
Event: 3.219 Thread 0x000001de0ab00200 Exception <a 'java/lang/NoSuchMethodError'{0x0000000086cd1ca8}: 'java.lang.Object java.lang.invoke.DirectMethodHandle$Holder.newInvokeSpecial(java.lang.Object, java.lang.Object, java.lang.Object, java.lang.Object, java.lang.Object, java.lang.Object, java.lang.Object, java.lang.Object, java.lang.Object, java.lang.Object, java.lang.Object)'> (0x0000000086cd1ca8) 
thrown [s\open\src\hotspot\share\interpreter\linkResolver.cpp, line 774]
Event: 3.650 Thread 0x000001de0ab00200 Exception <a 'sun/nio/fs/WindowsException'{0x000000008ba8ebe0}> (0x000000008ba8ebe0) 
thrown [s\open\src\hotspot\share\prims\jni.cpp, line 517]
Event: 3.670 Thread 0x000001de0ab00200 Exception <a 'java/lang/NoSuchMethodError'{0x000000008baf4470}: 'void java.lang.invoke.DirectMethodHandle$Holder.invokeVirtual(java.lang.Object, java.lang.Object)'> (0x000000008baf4470) 
thrown [s\open\src\hotspot\share\interpreter\linkResolver.cpp, line 774]
Event: 3.768 Thread 0x000001de0ab00200 Exception <a 'java/lang/NoSuchMethodError'{0x000000008723d6a0}: 'java.lang.Object java.lang.invoke.DirectMethodHandle$Holder.invokeStaticInit(java.lang.Object, java.lang.Object, java.lang.Object, java.lang.Object)'> (0x000000008723d6a0) 
thrown [s\open\src\hotspot\share\interpreter\linkResolver.cpp, line 774]
Event: 3.917 Thread 0x000001de0ab00200 Exception <a 'java/lang/NoSuchMethodError'{0x000000008c73f170}: 'java.lang.Object java.lang.invoke.DirectMethodHandle$Holder.newInvokeSpecial(java.lang.Object, java.lang.Object, int)'> (0x000000008c73f170) 
thrown [s\open\src\hotspot\share\interpreter\linkResolver.cpp, line 774]
Event: 3.945 Thread 0x000001de0ab00200 Exception <a 'java/lang/NoSuchMethodError'{0x000000008babba30}: 'java.lang.Object java.lang.invoke.DirectMethodHandle$Holder.newInvokeSpecial(java.lang.Object, java.lang.Object, int, java.lang.Object, java.lang.Object)'> (0x000000008babba30) 
thrown [s\open\src\hotspot\share\interpreter\linkResolver.cpp, line 774]
Event: 4.343 Thread 0x000001de0ab00200 Exception <a 'java/lang/NoSuchMethodError'{0x0000000087308600}: 'java.lang.Object java.lang.invoke.DirectMethodHandle$Holder.invokeStaticInit(java.lang.Object, java.lang.Object, java.lang.Object, java.lang.Object, int, int)'> (0x0000000087308600) 
thrown [s\open\src\hotspot\share\interpreter\linkResolver.cpp, line 774]
Event: 4.536 Thread 0x000001de0ab00200 Exception <a 'java/lang/NoSuchMethodError'{0x0000000086b761a8}: 'void java.lang.invoke.Invokers$Holder.invokeExact_MT(java.lang.Object, java.lang.Object, java.lang.Object, java.lang.Object)'> (0x0000000086b761a8) 
thrown [s\open\src\hotspot\share\interpreter\linkResolver.cpp, line 774]
Event: 4.540 Thread 0x000001de0ab00200 Exception <a 'java/lang/ClassNotFoundException'{0x0000000086ba5ea8}: java/lang/ObjectCustomizer> (0x0000000086ba5ea8) 
thrown [s\open\src\hotspot\share\classfile\systemDictionary.cpp, line 255]
Event: 4.540 Thread 0x000001de0ab00200 Exception <a 'java/lang/ClassNotFoundException'{0x0000000086baf520}: org/springframework/data/repository/core/support/RepositoryFactoryBeanSupportCustomizer> (0x0000000086baf520) 
thrown [s\open\src\hotspot\share\classfile\systemDictionary.cpp, line 255]
Event: 4.542 Thread 0x000001de0ab00200 Exception <a 'java/lang/ClassNotFoundException'{0x0000000086bdabb8}: org/springframework/data/repository/core/support/TransactionalRepositoryFactoryBeanSupportCustomizer> (0x0000000086bdabb8) 
thrown [s\open\src\hotspot\share\classfile\systemDictionary.cpp, line 255]
Event: 4.543 Thread 0x000001de0ab00200 Exception <a 'java/lang/ClassNotFoundException'{0x0000000086beaa10}: org/springframework/data/jpa/repository/support/JpaRepositoryFactoryBeanCustomizer> (0x0000000086beaa10) 
thrown [s\open\src\hotspot\share\classfile\systemDictionary.cpp, line 255]

VM Operations (20 events):
Event: 3.615 Executing VM operation: G1PauseCleanup done
Event: 3.648 Executing VM operation: HandshakeAllThreads
Event: 3.649 Executing VM operation: HandshakeAllThreads done
Event: 3.654 Executing VM operation: HandshakeAllThreads
Event: 3.654 Executing VM operation: HandshakeAllThreads done
Event: 3.909 Executing VM operation: G1CollectForAllocation
Event: 3.912 Executing VM operation: G1CollectForAllocation done
Event: 3.923 Executing VM operation: G1CollectForAllocation
Event: 3.926 Executing VM operation: G1CollectForAllocation done
Event: 4.095 Executing VM operation: HandshakeAllThreads
Event: 4.095 Executing VM operation: HandshakeAllThreads done
Event: 4.195 Executing VM operation: G1CollectForAllocation
Event: 4.198 Executing VM operation: G1CollectForAllocation done
Event: 4.199 Executing VM operation: Cleanup
Event: 4.199 Executing VM operation: Cleanup done
Event: 4.293 Executing VM operation: ICBufferFull
Event: 4.293 Executing VM operation: ICBufferFull done
Event: 4.424 Executing VM operation: HandshakeAllThreads
Event: 4.424 Executing VM operation: HandshakeAllThreads done
Event: 4.544 Executing VM operation: G1CollectForAllocation

Events (20 events):
Event: 1.650 Thread 0x000001de0b14eb60 Thread exited: 0x000001de0b14eb60
Event: 1.756 Thread 0x000001de0b185aa0 Thread added: 0x000001de0b185aa0
Event: 1.874 Thread 0x000001de0b185aa0 Thread exited: 0x000001de0b185aa0
Event: 1.996 Thread 0x000001de0b184ab0 Thread added: 0x000001de0b184ab0
Event: 2.000 Thread 0x000001de0b184ab0 Thread exited: 0x000001de0b184ab0
Event: 2.501 Thread 0x000001de0b184560 Thread added: 0x000001de0b184560
Event: 2.505 Thread 0x000001de0b184560 Thread exited: 0x000001de0b184560
Event: 3.007 Thread 0x000001de0b184010 Thread added: 0x000001de0b184010
Event: 3.011 Thread 0x000001de0b184010 Thread exited: 0x000001de0b184010
Event: 3.183 Thread 0x000001de0b184ab0 Thread added: 0x000001de0b184ab0
Event: 3.184 Thread 0x000001de0b184010 Thread added: 0x000001de0b184010
Event: 3.186 Thread 0x000001de0b185000 Thread added: 0x000001de0b185000
Event: 3.512 Thread 0x000001de0b183570 Thread added: 0x000001de0b183570
Event: 3.516 Thread 0x000001de0b183570 Thread exited: 0x000001de0b183570
Event: 3.712 Thread 0x000001de0b184560 Thread added: 0x000001de0b184560
Event: 3.814 Thread 0x000001de0b185550 Thread added: 0x000001de0b185550
Event: 4.019 Thread 0x000001de0b183570 Thread added: 0x000001de0b183570
Event: 4.022 Thread 0x000001de0b183570 Thread exited: 0x000001de0b183570
Event: 4.524 Thread 0x000001de0b183570 Thread added: 0x000001de0b183570
Event: 4.526 Thread 0x000001de0b183570 Thread exited: 0x000001de0b183570


Dynamic libraries:
0x00007ff7a7610000 - 0x00007ff7a7620000 	C:\Program Files\Java\jdk-19\bin\java.exe
0x00007ffc6c4d0000 - 0x00007ffc6c6c5000 	C:\Windows\SYSTEM32\ntdll.dll
0x00007ffc6bf60000 - 0x00007ffc6c01e000 	C:\Windows\System32\KERNEL32.DLL
0x00007ffc69d60000 - 0x00007ffc6a029000 	C:\Windows\System32\KERNELBASE.dll
0x00007ffc6a390000 - 0x00007ffc6a490000 	C:\Windows\System32\ucrtbase.dll
0x00007ffc53650000 - 0x00007ffc53668000 	C:\Program Files\Java\jdk-19\bin\jli.dll
0x00007ffc52460000 - 0x00007ffc5247b000 	C:\Program Files\Java\jdk-19\bin\VCRUNTIME140.dll
0x00007ffc6c3e0000 - 0x00007ffc6c48c000 	C:\Windows\System32\ADVAPI32.dll
0x00007ffc6c2a0000 - 0x00007ffc6c33e000 	C:\Windows\System32\msvcrt.dll
0x00007ffc6c340000 - 0x00007ffc6c3db000 	C:\Windows\System32\sechost.dll
0x00007ffc6be30000 - 0x00007ffc6bf5a000 	C:\Windows\System32\RPCRT4.dll
0x00007ffc6bc80000 - 0x00007ffc6be21000 	C:\Windows\System32\USER32.dll
0x00007ffc69d30000 - 0x00007ffc69d52000 	C:\Windows\System32\win32u.dll
0x00007ffc54080000 - 0x00007ffc5431a000 	C:\Windows\WinSxS\amd64_microsoft.windows.common-controls_6595b64144ccf1df_6.0.19041.1110_none_60b5254171f9507e\COMCTL32.dll
0x00007ffc6b530000 - 0x00007ffc6b55b000 	C:\Windows\System32\GDI32.dll
0x00007ffc6a1e0000 - 0x00007ffc6a2eb000 	C:\Windows\System32\gdi32full.dll
0x00007ffc6a2f0000 - 0x00007ffc6a38d000 	C:\Windows\System32\msvcp_win.dll
0x00007ffc62e20000 - 0x00007ffc62e2a000 	C:\Windows\SYSTEM32\VERSION.dll
0x00007ffc6a800000 - 0x00007ffc6a830000 	C:\Windows\System32\IMM32.DLL
0x00007ffc62e30000 - 0x00007ffc62e3c000 	C:\Program Files\Java\jdk-19\bin\vcruntime140_1.dll
0x00007ffc4ed30000 - 0x00007ffc4edbe000 	C:\Program Files\Java\jdk-19\bin\msvcp140.dll
0x00007ffc18710000 - 0x00007ffc193d0000 	C:\Program Files\Java\jdk-19\bin\server\jvm.dll
0x00007ffc4e9b0000 - 0x00007ffc4e9d7000 	C:\Windows\SYSTEM32\WINMM.dll
0x00007ffc4f0a0000 - 0x00007ffc4f0a9000 	C:\Windows\SYSTEM32\WSOCK32.dll
0x00007ffc6b6d0000 - 0x00007ffc6b73b000 	C:\Windows\System32\WS2_32.dll
0x00007ffc684c0000 - 0x00007ffc684d2000 	C:\Windows\SYSTEM32\kernel.appcore.dll
0x00007ffc54850000 - 0x00007ffc5485a000 	C:\Program Files\Java\jdk-19\bin\jimage.dll
0x00007ffc679e0000 - 0x00007ffc67bc4000 	C:\Windows\SYSTEM32\DBGHELP.DLL
0x00007ffc505b0000 - 0x00007ffc505dc000 	C:\Windows\SYSTEM32\dbgcore.DLL
0x00007ffc6a490000 - 0x00007ffc6a513000 	C:\Windows\System32\bcryptPrimitives.dll
0x00007ffc65280000 - 0x00007ffc652bc000 	C:\Program Files\Java\jdk-19\bin\jdwp.dll
0x00007ffc54840000 - 0x00007ffc5484e000 	C:\Program Files\Java\jdk-19\bin\instrument.dll
0x00007ffc4ed00000 - 0x00007ffc4ed26000 	C:\Program Files\Java\jdk-19\bin\java.dll
0x00007ffc54890000 - 0x00007ffc548a8000 	C:\Program Files\Java\jdk-19\bin\zip.dll
0x00007ffc4e540000 - 0x00007ffc4e617000 	C:\Program Files\Java\jdk-19\bin\jsvml.dll
0x00007ffc6adf0000 - 0x00007ffc6b52f000 	C:\Windows\System32\SHELL32.dll
0x00007ffc67cd0000 - 0x00007ffc68460000 	C:\Windows\SYSTEM32\windows.storage.dll
0x00007ffc6b7a0000 - 0x00007ffc6baf5000 	C:\Windows\System32\combase.dll
0x00007ffc69640000 - 0x00007ffc6966c000 	C:\Windows\SYSTEM32\Wldp.dll
0x00007ffc6c020000 - 0x00007ffc6c0ce000 	C:\Windows\System32\SHCORE.dll
0x00007ffc6acc0000 - 0x00007ffc6ad15000 	C:\Windows\System32\shlwapi.dll
0x00007ffc69b30000 - 0x00007ffc69b4f000 	C:\Windows\SYSTEM32\profapi.dll
0x00007ffc53d70000 - 0x00007ffc53d7c000 	C:\Program Files\Java\jdk-19\bin\dt_socket.dll
0x00007ffc69020000 - 0x00007ffc6905b000 	C:\Windows\SYSTEM32\IPHLPAPI.DLL
0x00007ffc69350000 - 0x00007ffc693ba000 	C:\Windows\system32\mswsock.dll
0x00007ffc5eab0000 - 0x00007ffc5eac3000 	C:\Program Files\Java\jdk-19\bin\net.dll
0x00007ffc549e0000 - 0x00007ffc54ae8000 	C:\Windows\SYSTEM32\WINHTTP.dll
0x00007ffc5e820000 - 0x00007ffc5e836000 	C:\Program Files\Java\jdk-19\bin\nio.dll
0x00007ffc69060000 - 0x00007ffc6912c000 	C:\Windows\SYSTEM32\DNSAPI.dll
0x00007ffc6a830000 - 0x00007ffc6a838000 	C:\Windows\System32\NSI.dll
0x00007ffc54920000 - 0x00007ffc5492a000 	C:\Windows\System32\rasadhlp.dll
0x00007ffc54960000 - 0x00007ffc549df000 	C:\Windows\System32\fwpuclnt.dll
0x00007ffc69bf0000 - 0x00007ffc69c17000 	C:\Windows\System32\bcrypt.dll
0x00007ffc543f0000 - 0x00007ffc543fa000 	C:\Program Files\Java\jdk-19\bin\management.dll
0x00007ffc543e0000 - 0x00007ffc543eb000 	C:\Program Files\Java\jdk-19\bin\management_ext.dll
0x00007ffc6a5d0000 - 0x00007ffc6a5d8000 	C:\Windows\System32\PSAPI.DLL
0x00007ffc69590000 - 0x00007ffc695a8000 	C:\Windows\SYSTEM32\CRYPTSP.dll
0x00007ffc68cb0000 - 0x00007ffc68ce4000 	C:\Windows\system32\rsaenh.dll
0x00007ffc69ab0000 - 0x00007ffc69ade000 	C:\Windows\SYSTEM32\USERENV.dll
0x00007ffc695b0000 - 0x00007ffc695bc000 	C:\Windows\SYSTEM32\CRYPTBASE.dll
0x00007ffc5f3f0000 - 0x00007ffc5f407000 	C:\Windows\SYSTEM32\dhcpcsvc6.DLL
0x00007ffc5f430000 - 0x00007ffc5f44d000 	C:\Windows\SYSTEM32\dhcpcsvc.DLL
0x00007ffc4e750000 - 0x00007ffc4e767000 	C:\Windows\system32\napinsp.dll
0x00007ffc4e6a0000 - 0x00007ffc4e6bb000 	C:\Windows\system32\pnrpnsp.dll
0x00007ffc644b0000 - 0x00007ffc644c5000 	C:\Windows\system32\wshbth.dll
0x00007ffc64dc0000 - 0x00007ffc64ddd000 	C:\Windows\system32\NLAapi.dll
0x00007ffc4e680000 - 0x00007ffc4e692000 	C:\Windows\System32\winrnr.dll
0x00007ffc5e810000 - 0x00007ffc5e818000 	C:\Program Files\Java\jdk-19\bin\extnet.dll
0x00007ffc54860000 - 0x00007ffc54870000 	C:\Program Files\Java\jdk-19\bin\verify.dll
0x00007ffc53c80000 - 0x00007ffc53c8e000 	C:\Program Files\Java\jdk-19\bin\sunmscapi.dll
0x00007ffc6a080000 - 0x00007ffc6a1d6000 	C:\Windows\System32\CRYPT32.dll
0x00007ffc696b0000 - 0x00007ffc696d7000 	C:\Windows\SYSTEM32\ncrypt.dll
0x00007ffc69670000 - 0x00007ffc696ab000 	C:\Windows\SYSTEM32\NTASN1.dll

dbghelp: loaded successfully - version: 4.0.5 - missing functions: none
symbol engine: initialized successfully - sym options: 0x614 - pdb path: .;C:\Program Files\Java\jdk-19\bin;C:\Windows\SYSTEM32;C:\Windows\WinSxS\amd64_microsoft.windows.common-controls_6595b64144ccf1df_6.0.19041.1110_none_60b5254171f9507e;C:\Program Files\Java\jdk-19\bin\server

VM Arguments:
jvm_args: -agentlib:jdwp=transport=dt_socket,address=127.0.0.1:51539,suspend=y,server=n -XX:TieredStopAtLevel=1 -Dspring.output.ansi.enabled=always -Dcom.sun.management.jmxremote -Dspring.jmx.enabled=true -Dspring.liveBeansView.mbeanDomain -Dspring.application.admin.enabled=true -Dmanagement.endpoints.jmx.exposure.include=* -javaagent:C:\Users\Жанарбай\AppData\Local\JetBrains\IntelliJIdea2023.1\captureAgent\debugger-agent.jar -Dfile.encoding=UTF-8 -Dsun.stdout.encoding=UTF-8 -Dsun.stderr.encoding=UTF-8 
java_command: com.example.demokankretnalast.DemoKankretnaLastApplication
java_class_path (initial): C:\Users\Жанарбай\Desktop\frameworks\SPRING\demo-kankretna-last\target\classes;C:\Users\Жанарбай\.m2\repository\org\springframework\boot\spring-boot-starter-security\2.7.11\spring-boot-starter-security-2.7.11.jar;C:\Users\Жанарбай\.m2\repository\org\springframework\boot\spring-boot-starter\2.7.11\spring-boot-starter-2.7.11.jar;C:\Users\Жанарбай\.m2\repository\org\springframework\boot\spring-boot-starter-logging\2.7.11\spring-boot-starter-logging-2.7.11.jar;C:\Users\Жанарбай\.m2\repository\ch\qos\logback\logback-classic\1.2.12\logback-classic-1.2.12.jar;C:\Users\Жанарбай\.m2\repository\ch\qos\logback\logback-core\1.2.12\logback-core-1.2.12.jar;C:\Users\Жанарбай\.m2\repository\org\apache\logging\log4j\log4j-to-slf4j\2.17.2\log4j-to-slf4j-2.17.2.jar;C:\Users\Жанарбай\.m2\repository\org\apache\logging\log4j\log4j-api\2.17.2\log4j-api-2.17.2.jar;C:\Users\Жанарбай\.m2\repository\org\slf4j\jul-to-slf4j\1.7.36\jul-to-slf4j-1.7.36.jar;C:\Users\Жанарбай\.m2\repository\jakarta\annotation\jakarta.annotation-api\1.3.5\jakarta.annotation-api-1.3.5.jar;C:\Users\Жанарбай\.m2\repository\org\yaml\snakeyaml\1.30\snakeyaml-1.30.jar;C:\Users\Жанарбай\.m2\repository\org\springframework\spring-aop\5.3.27\spring-aop-5.3.27.jar;C:\Users\Жанарбай\.m2\repository\org\springframework\spring-beans\5.3.27\spring-beans-5.3.27.jar;C:\Users\Жанарбай\.m2\repository\org\springframework\security\spring-security-config\5.7.8\spring-security-config-5.7.8.jar;C:\Users\Жанарбай\.m2\repository\org\springframework\spring-context\5.3.27\spring-context-5.3.27.jar;C:\Users\Жанарбай\.m2\repository\org\springframework\security\spring-security-web\5.7.8\spring-security-web-5.7.8.jar;C:\Users\Жанарбай\.m2\repository\org\springframework\spring-expression\5.3.27\spring-expression-5.3.27.jar;C:\Users\Жанарбай\.m2\repository\org\springframework\boot\spring-boot-starter-data-jpa\2.7.11\spring-boot-starter-data-jpa-2.7.11.jar;C:\Users\Жанарбай\.m2\repository\org\springframework\boot\spring-boot-starter-aop\2.7.11\spring-boot-starter-aop-2.7.11.jar;C:\Users\Жанарбай\.m2\repository\org\aspectj\aspectjweaver\1.9.7\aspectjweaver-1.9.7.jar;C:\Users\Жанарбай\.m2\repository\org\springframework\boot\spring-boot-starter-jdbc\2.7.11\spring-boot-starter-jdbc-2.7.11.jar;C:\Users\Жанарбай\.m2\repository\com\zaxxer\HikariCP\4.0.3\HikariCP-4.0.3.jar;C:\Users\Жанарбай\.m2\repository\org\springframework\spring-jdbc\5.3.27\spring-jdbc-5.3.27.jar;C:\Users\Жанарбай\.m2\repository\jakarta\transaction\jakarta.transaction-api\1.3.3\jakarta.transaction-api-1.3.3.jar;C:\Users\Жанарбай\.m2\repository\jakarta\persistence\jakarta.persistence-api\2.2.3\jakarta.persistence-api-2.2.3.jar;C:\Users\Жанарбай\.m2\repository\org\hibernate\hibernate-core\5.6.15.Final\hibernate-core-5.6.15.Final.jar;C:\Users\Жанарбай\.m2\repository\org\jboss\logging\jboss-logging\3.4.3.Final\jboss-logging-3.4.3.Final.jar;C:\Users\Жанарбай\.m2\repository\net\bytebuddy\byte-buddy\1.12.23\byte-buddy-1.12.23.jar;C:\Users\Жанарбай\.m2\repository\antlr\antlr\2.7.7\antlr-2.7.7.jar;C:\Users\Жанарбай\.m2\repository\org\jboss\jandex\2.4.2.Final\jandex-2.4.2.Final.jar;C:\Users\Жанарбай\.m2\repository\com\fasterxml\classmate\1.5.1\classmate-1.5.1.jar;C:\Users\Жанарбай\.m2\repository\org\hibernate\common\hibernate-commons-annotations\5.1.2.Final\hibernate-commons-annotations-5.1.2.Final.jar;C:\Users\Жанарбай\.m2\repository\org\glassfish\jaxb\jaxb-runtime\2.3.8\jaxb-runtime-2.3.8.jar;C:\Users\Жанарбай\.m2\repository\org\glassfish\jaxb\txw2\2.3.8\txw2-2.3.8.jar;C:\Users\Жанарбай\.m2\repository\com\sun\istack\istack-commons-runtime\3.0.12\istack-commons-runtime-3.0.12.jar;C:\Users\Жанарбай\.m2\repository\org\springframework\data\spring-data-jpa\2.7.11\spring-data-jpa-2.7.11.jar;C:\Users\Жанарбай\.m2\repository\org\springframework\data\spring-data-commons\2.7.11\spring-data-commons-2.7.11.jar;C:\Users\Жанарбай\.m2\repository\org\springframework\spring-orm\5.3.27\spring-orm-5.3.27.jar;C:\Users\Жанарбай\.m2\repository\org\springframework\spring-tx\5.3.27\spring-tx-5.3.27.jar;C:\Users\Жанарбай\.m2\repository\org\slf4j\slf4j-api\1.7.36\slf4j-api-1.7.36.jar;C:\Users\Жанарбай\.m2\repository\org\springframework\spring-aspects\5.3.27\spring-aspects-5.3.27.jar;C:\Users\Жанарбай\.m2\repository\org\springframework\boot\spring-boot-starter-thymeleaf\2.7.11\spring-boot-starter-thymeleaf-2.7.11.jar;C:\Users\Жанарбай\.m2\repository\org\thymeleaf\thymeleaf-spring5\3.0.15.RELEASE\thymeleaf-spring5-3.0.15.RELEASE.jar;C:\Users\Жанарбай\.m2\repository\org\thymeleaf\thymeleaf\3.0.15.RELEASE\thymeleaf-3.0.15.RELEASE.jar;C:\Users\Жанарбай\.m2\repository\org\attoparser\attoparser\2.0.5.RELEASE\attoparser-2.0.5.RELEASE.jar;C:\Users\Жанарбай\.m2\repository\org\unbescape\unbescape\1.1.6.RELEASE\unbescape-1.1.6.RELEASE.jar;C:\Users\Жанарбай\.m2\repository\org\thymeleaf\extras\thymeleaf-extras-java8time\3.0.4.RELEASE\thymeleaf-extras-java8time-3.0.4.RELEASE.jar;C:\Users\Жанарбай\.m2\repository\org\springframework\boot\spring-boot-starter-mail\2.7.11\spring-boot-starter-mail-2.7.11.jar;C:\Users\Жанарбай\.m2\repository\org\springframework\spring-context-support\5.3.27\spring-context-support-5.3.27.jar;C:\Users\Жанарбай\.m2\repository\com\sun\mail\jakarta.mail\1.6.7\jakarta.mail-1.6.7.jar;C:\Users\Жанарбай\.m2\repository\com\sun\activation\jakarta.activation\1.2.2\jakarta.activation-1.2.2.jar;C:\Users\Жанарбай\.m2\repository\org\springframework\boot\spring-boot-starter-web\2.7.11\spring-boot-starter-web-2.7.11.jar;C:\Users\Жанарбай\.m2\repository\org\springframework\boot\spring-boot-starter-json\2.7.11\spring-boot-starter-json-2.7.11.jar;C:\Users\Жанарбай\.m2\repository\com\fasterxml\jackson\core\jackson-databind\2.13.5\jackson-databind-2.13.5.jar;C:\Users\Жанарбай\.m2\repository\com\fasterxml\jackson\core\jackson-annotations\2.13.5\jackson-annotations-2.13.5.jar;C:\Users\Жанарбай\.m2\repository\com\fasterxml\jackson\core\jackson-core\2.13.5\jackson-core-2.13.5.jar;C:\Users\Жанарбай\.m2\repository\com\fasterxml\jackson\datatype\jackson-datatype-jdk8\2.13.5\jackson-datatype-jdk8-2.13.5.jar;C:\Users\Жанарбай\.m2\repository\com\fasterxml\jackson\datatype\jackson-datatype-jsr310\2.13.5\jackson-datatype-jsr310-2.13.5.jar;C:\Users\Жанарбай\.m2\repository\com\fasterxml\jackson\module\jackson-module-parameter-names\2.13.5\jackson-module-parameter-names-2.13.5.jar;C:\Users\Жанарбай\.m2\repository\org\springframework\boot\spring-boot-starter-tomcat\2.7.11\spring-boot-starter-tomcat-2.7.11.jar;C:\Users\Жанарбай\.m2\repository\org\apache\tomcat\embed\tomcat-embed-core\9.0.74\tomcat-embed-core-9.0.74.jar;C:\Users\Жанарбай\.m2\repository\org\apache\tomcat\embed\tomcat-embed-el\9.0.74\tomcat-embed-el-9.0.74.jar;C:\Users\Жанарбай\.m2\repository\org\apache\tomcat\embed\tomcat-embed-websocket\9.0.74\tomcat-embed-websocket-9.0.74.jar;C:\Users\Жанарбай\.m2\repository\org\springframework\spring-web\5.3.27\spring-web-5.3.27.jar;C:\Users\Жанарбай\.m2\repository\org\springframework\spring-webmvc\5.3.27\spring-webmvc-5.3.27.jar;C:\Users\Жанарбай\.m2\repository\org\springframework\boot\spring-boot-devtools\2.7.11\spring-boot-devtools-2.7.11.jar;C:\Users\Жанарбай\.m2\repository\org\springframework\boot\spring-boot\2.7.11\spring-boot-2.7.11.jar;C:\Users\Жанарбай\.m2\repository\org\springframework\boot\spring-boot-autoconfigure\2.7.11\spring-boot-autoconfigure-2.7.11.jar;C:\Users\Жанарбай\.m2\repository\org\postgresql\postgresql\42.3.8\postgresql-42.3.8.jar;C:\Users\Жанарбай\.m2\repository\org\checkerframework\checker-qual\3.5.0\checker-qual-3.5.0.jar;C:\Users\Жанарбай\.m2\repository\org\projectlombok\lombok\1.18.26\lombok-1.18.26.jar;C:\Users\Жанарбай\.m2\repository\jakarta\xml\bind\jakarta.xml.bind-api\2.3.3\jakarta.xml.bind-api-2.3.3.jar;C:\Users\Жанарбай\.m2\repository\jakarta\activation\jakarta.activation-api\1.2.2\jakarta.activation-api-1.2.2.jar;C:\Users\Жанарбай\.m2\repository\org\springframework\spring-core\5.3.27\spring-core-5.3.27.jar;C:\Users\Жанарбай\.m2\repository\org\springframework\spring-jcl\5.3.27\spring-jcl-5.3.27.jar;C:\Users\Жанарбай\.m2\repository\org\springframework\security\spring-security-core\5.7.8\spring-security-core-5.7.8.jar;C:\Users\Жанарбай\.m2\repository\org\springframework\security\spring-security-crypto\5.7.8\spring-security-crypto-5.7.8.jar;C:\Program Files\JetBrains\IntelliJ IDEA 2023.1.1\lib\idea_rt.jar
Launcher Type: SUN_STANDARD

[Global flags]
     intx CICompilerCount                          = 4                                         {product} {ergonomic}
     uint ConcGCThreads                            = 2                                         {product} {ergonomic}
     uint G1ConcRefinementThreads                  = 8                                         {product} {ergonomic}
   size_t G1HeapRegionSize                         = 1048576                                   {product} {ergonomic}
    uintx GCDrainStackTargetSize                   = 64                                        {product} {ergonomic}
   size_t InitialHeapSize                          = 130023424                                 {product} {ergonomic}
     bool ManagementServer                         = true                                      {product} {command line}
   size_t MarkStackSize                            = 4194304                                   {product} {ergonomic}
   size_t MaxHeapSize                              = 2067791872                                {product} {ergonomic}
   size_t MaxNewSize                               = 1240465408                                {product} {ergonomic}
   size_t MinHeapDeltaBytes                        = 1048576                                   {product} {ergonomic}
   size_t MinHeapSize                              = 8388608                                   {product} {ergonomic}
    uintx NonProfiledCodeHeapSize                  = 0                                      {pd product} {ergonomic}
     bool ProfileInterpreter                       = false                                  {pd product} {command line}
    uintx ProfiledCodeHeapSize                     = 0                                      {pd product} {ergonomic}
   size_t SoftMaxHeapSize                          = 2067791872                             {manageable} {ergonomic}
     intx TieredStopAtLevel                        = 1                                         {product} {command line}
     bool UseCompressedClassPointers               = true                           {product lp64_product} {ergonomic}
     bool UseCompressedOops                        = true                           {product lp64_product} {ergonomic}
     bool UseG1GC                                  = true                                      {product} {ergonomic}
     bool UseLargePagesIndividualAllocation        = false                                  {pd product} {ergonomic}

Logging:
Log output configuration:
 #0: stdout all=warning uptime,level,tags foldmultilines=false
 #1: stderr all=off uptime,level,tags foldmultilines=false

Environment Variables:
JAVA_HOME=C:\Program Files\Java\jdk-19
PATH=C:\Program Files\Common Files\Oracle\Java\javapath;C:\Windows\system32;C:\Windows;C:\Windows\System32\Wbem;C:\Windows\System32\WindowsPowerShell\v1.0\;C:\Program Files\Git\cmd;C:\Program Files\Java\jdk-19\bin;C:\Program Files\nodejs\;C:\Program Files\MySQL\MySQL Shell 8.0\bin\;C:\Users\Жанарбай\AppData\Local\Microsoft\WindowsApps;C:\Users\Жанарбай\AppData\Local\Programs\Microsoft VS Code\bin;C:\Program Files\JetBrains\PyCharm Community Edition 2022.2.3\bin;;C:\Users\Жанарбай\AppData\Local\GitHubDesktop\bin;C:\Users\Жанарбай\AppData\Roaming\npm;C:\Program Files\JetBrains\IntelliJ IDEA 2023.1.1\bin;
USERNAME=Жанарбай
OS=Windows_NT
PROCESSOR_IDENTIFIER=Intel64 Family 6 Model 140 Stepping 1, GenuineIntel
TMP=C:\Users\46FB~1\AppData\Local\Temp
TEMP=C:\Users\46FB~1\AppData\Local\Temp



---------------  S Y S T E M  ---------------

OS:
 Windows 10 , 64 bit Build 19041 (10.0.19041.1202)
OS uptime: 0 days 1:42 hours

CPU: total 8 (initial active 8) (4 cores per cpu, 2 threads per core) family 6 model 140 stepping 1 microcode 0xa4, cx8, cmov, fxsr, ht, mmx, 3dnowpref, sse, sse2, sse3, ssse3, sse4.1, sse4.2, popcnt, lzcnt, tsc, tscinvbit, avx, avx2, aes, erms, clmul, bmi1, bmi2, adx, avx512f, avx512dq, avx512cd, avx512bw, avx512vl, sha, fma, vzeroupper, avx512_vpopcntdq, avx512_vpclmulqdq, avx512_vaes, avx512_vnni, clflush, clflushopt, clwb, avx512_vbmi2, avx512_vbmi, rdtscp, rdpid, fsrm, gfni, avx512_bitalg

Memory: 4k page, system-wide physical 7883M (367M free)
TotalPageFile size 7883M (AvailPageFile size 5M)
current process WorkingSet (physical memory assigned to process): 173M, peak: 173M
current process commit charge ("private bytes"): 215M, peak: 264M

vm_info: Java HotSpot(TM) 64-Bit Server VM (19.0.2+7-44) for windows-amd64 JRE (19.0.2+7-44), built on 2022-11-30T18:02:09Z by "mach5one" with MS VC++ 17.1 (VS2022)

END.
