#
# There is insufficient memory for the Java Runtime Environment to continue.
# Native memory allocation (mmap) failed to map 227540992 bytes for G1 virtual space
# Possible reasons:
#   The system is out of physical RAM or swap space
#   The process is running with CompressedOops enabled, and the Java Heap may be blocking the growth of the native heap
# Possible solutions:
#   Reduce memory load on the system
#   Increase physical memory or swap space
#   Check if swap backing store is full
#   Decrease Java heap size (-Xmx/-Xms)
#   Decrease number of Java threads
#   Decrease Java thread stack sizes (-Xss)
#   Set larger code cache with -XX:ReservedCodeCacheSize=
#   JVM is running with Unscaled Compressed Oops mode in which the Java heap is
#     placed in the first 4GB address space. The Java Heap base address is the
#     maximum limit for the native heap growth. Please use -XX:HeapBaseMinAddress
#     to set the Java Heap base and to place the Java Heap above 4GB virtual address.
# This output file may be truncated or incomplete.
#
#  Out of Memory Error (os_windows.cpp:3536), pid=7124, tid=7832
#
# JRE version: Java(TM) SE Runtime Environment (19.0.2+7) (build 19.0.2+7-44)
# Java VM: Java HotSpot(TM) 64-Bit Server VM (19.0.2+7-44, mixed mode, emulated-client, sharing, tiered, compressed oops, compressed class ptrs, g1 gc, windows-amd64)
# No core dump will be written. Minidumps are not enabled by default on client versions of Windows
#

---------------  S U M M A R Y ------------

Command Line: -XX:TieredStopAtLevel=1 -Dspring.output.ansi.enabled=always -Dcom.sun.management.jmxremote -Dspring.jmx.enabled=true -Dspring.liveBeansView.mbeanDomain -Dspring.application.admin.enabled=true -Dmanagement.endpoints.jmx.exposure.include=* -javaagent:C:\Program Files\JetBrains\IntelliJ IDEA 2023.1.1\lib\idea_rt.jar=65106:C:\Program Files\JetBrains\IntelliJ IDEA 2023.1.1\bin -Dfile.encoding=UTF-8 -Dsun.stdout.encoding=UTF-8 -Dsun.stderr.encoding=UTF-8 com.example.demokankretnalast.DemoKankretnaLastApplication

Host: 11th Gen Intel(R) Core(TM) i7-1165G7 @ 2.80GHz, 8 cores, 7G,  Windows 10 , 64 bit Build 19041 (10.0.19041.1202)
Time: Mon May 22 14:50:16 2023  Windows 10 , 64 bit Build 19041 (10.0.19041.1202) elapsed time: 22.677032 seconds (0d 0h 0m 22s)

---------------  T H R E A D  ---------------

Current thread (0x00000222b9748850):  VMThread "VM Thread" [stack: 0x000000e803500000,0x000000e803600000] [id=7832]

Stack: [0x000000e803500000,0x000000e803600000]
Native frames: (J=compiled Java code, j=interpreted, Vv=VM code, C=native code)
V  [jvm.dll+0x6ee21a]
V  [jvm.dll+0x85765e]
V  [jvm.dll+0x85904e]
V  [jvm.dll+0x859703]
V  [jvm.dll+0x28298f]
V  [jvm.dll+0x6eb009]
V  [jvm.dll+0x6dfbaa]
V  [jvm.dll+0x3573f6]
V  [jvm.dll+0x35ee56]
V  [jvm.dll+0x3b541e]
V  [jvm.dll+0x3b564f]
V  [jvm.dll+0x32c9ea]
V  [jvm.dll+0x32ca97]
V  [jvm.dll+0x374cd2]
V  [jvm.dll+0x37340f]
V  [jvm.dll+0x32c210]
V  [jvm.dll+0x3729ab]
V  [jvm.dll+0x85ebc3]
V  [jvm.dll+0x85f989]
V  [jvm.dll+0x85febd]
V  [jvm.dll+0x86034b]
V  [jvm.dll+0x860407]
V  [jvm.dll+0x80125a]
V  [jvm.dll+0x6ecf0b]
C  [ucrtbase.dll+0x21bb2]
C  [KERNEL32.DLL+0x17034]
C  [ntdll.dll+0x52651]

VM_Operation (0x000000e805ff7e60): G1CollectForAllocation, mode: safepoint, requested by thread 0x00000222bf5ed510


---------------  P R O C E S S  ---------------

Threads class SMR info:
_java_thread_list=0x00000222bf10bb30, length=36, elements={
0x00000222b97604c0, 0x00000222b9760f90, 0x00000222b9766980, 0x00000222b97672b0,
0x00000222b976ada0, 0x00000222b976e8b0, 0x00000222b9782010, 0x00000222b976ee00,
0x00000222b976d8c0, 0x00000222b976f8a0, 0x00000222b976e360, 0x00000222b976de10,
0x00000222b976fdf0, 0x00000222b976ce20, 0x00000222b976d370, 0x00000222bf5e7570,
0x00000222bf5eba80, 0x00000222bf5e8ab0, 0x00000222bf5e9000, 0x00000222bf5ebfd0,
0x00000222bf5e9ff0, 0x00000222bf5e9550, 0x00000222bf5e9aa0, 0x00000222bf5e5ae0,
0x00000222bf5eca70, 0x00000222bf5ed510, 0x00000222bf5ea540, 0x00000222bf5e6030,
0x00000222bf5e8560, 0x00000222bf5ec520, 0x00000222bf5e6580, 0x00000222bf5eaa90,
0x00000222bf5eafe0, 0x00000222bf5eb530, 0x00000222c02ec830, 0x00000222bf5ecfc0
}

Java Threads: ( => current thread )
  0x00000222b97604c0 JavaThread "Reference Handler" daemon [_thread_blocked, id=5384, stack(0x000000e803600000,0x000000e803700000)]
  0x00000222b9760f90 JavaThread "Finalizer" daemon [_thread_blocked, id=1820, stack(0x000000e803700000,0x000000e803800000)]
  0x00000222b9766980 JavaThread "Signal Dispatcher" daemon [_thread_blocked, id=7636, stack(0x000000e803800000,0x000000e803900000)]
  0x00000222b97672b0 JavaThread "Attach Listener" daemon [_thread_blocked, id=3944, stack(0x000000e803900000,0x000000e803a00000)]
  0x00000222b976ada0 JavaThread "Service Thread" daemon [_thread_blocked, id=8560, stack(0x000000e803a00000,0x000000e803b00000)]
  0x00000222b976e8b0 JavaThread "Monitor Deflation Thread" daemon [_thread_blocked, id=4484, stack(0x000000e803b00000,0x000000e803c00000)]
  0x00000222b9782010 JavaThread "C1 CompilerThread0" daemon [_thread_blocked, id=5796, stack(0x000000e803c00000,0x000000e803d00000)]
  0x00000222b976ee00 JavaThread "Sweeper thread" daemon [_thread_blocked, id=10132, stack(0x000000e803d00000,0x000000e803e00000)]
  0x00000222b976d8c0 JavaThread "Common-Cleaner" daemon [_thread_blocked, id=9928, stack(0x000000e803e00000,0x000000e803f00000)]
  0x00000222b976f8a0 JavaThread "Monitor Ctrl-Break" daemon [_thread_in_native, id=2608, stack(0x000000e804100000,0x000000e804200000)]
  0x00000222b976e360 JavaThread "Notification Thread" daemon [_thread_blocked, id=252, stack(0x000000e804200000,0x000000e804300000)]
  0x00000222b976de10 JavaThread "RMI TCP Accept-0" daemon [_thread_in_native, id=4584, stack(0x000000e804400000,0x000000e804500000)]
  0x00000222b976fdf0 JavaThread "RMI TCP Connection(1)-192.168.82.103" daemon [_thread_in_native, id=1440, stack(0x000000e804e00000,0x000000e804f00000)]
  0x00000222b976ce20 JavaThread "RMI Scheduler(0)" daemon [_thread_blocked, id=8656, stack(0x000000e805000000,0x000000e805100000)]
  0x00000222b976d370 JavaThread "Catalina-utility-1" [_thread_blocked, id=1788, stack(0x000000e805200000,0x000000e805300000)]
  0x00000222bf5e7570 JavaThread "Catalina-utility-2" [_thread_blocked, id=7372, stack(0x000000e805300000,0x000000e805400000)]
  0x00000222bf5eba80 JavaThread "container-0" [_thread_blocked, id=2328, stack(0x000000e805400000,0x000000e805500000)]
  0x00000222bf5e8ab0 JavaThread "HikariPool-1 housekeeper" daemon [_thread_blocked, id=7828, stack(0x000000e805600000,0x000000e805700000)]
  0x00000222bf5e9000 JavaThread "File Watcher" daemon [_thread_blocked, id=9840, stack(0x000000e805800000,0x000000e805900000)]
  0x00000222bf5ebfd0 JavaThread "Live Reload Server" daemon [_thread_in_native, id=2960, stack(0x000000e805900000,0x000000e805a00000)]
  0x00000222bf5e9ff0 JavaThread "http-nio-8081-exec-1" daemon [_thread_blocked, id=8564, stack(0x000000e805a00000,0x000000e805b00000)]
  0x00000222bf5e9550 JavaThread "http-nio-8081-exec-2" daemon [_thread_blocked, id=3688, stack(0x000000e805b00000,0x000000e805c00000)]
  0x00000222bf5e9aa0 JavaThread "http-nio-8081-exec-3" daemon [_thread_blocked, id=8032, stack(0x000000e805c00000,0x000000e805d00000)]
  0x00000222bf5e5ae0 JavaThread "http-nio-8081-exec-4" daemon [_thread_blocked, id=3636, stack(0x000000e805d00000,0x000000e805e00000)]
  0x00000222bf5eca70 JavaThread "http-nio-8081-exec-5" daemon [_thread_blocked, id=3516, stack(0x000000e805e00000,0x000000e805f00000)]
  0x00000222bf5ed510 JavaThread "http-nio-8081-exec-6" daemon [_thread_blocked, id=5016, stack(0x000000e805f00000,0x000000e806000000)]
  0x00000222bf5ea540 JavaThread "http-nio-8081-exec-7" daemon [_thread_blocked, id=2372, stack(0x000000e806000000,0x000000e806100000)]
  0x00000222bf5e6030 JavaThread "http-nio-8081-exec-8" daemon [_thread_blocked, id=9720, stack(0x000000e806100000,0x000000e806200000)]
  0x00000222bf5e8560 JavaThread "http-nio-8081-exec-9" daemon [_thread_blocked, id=6520, stack(0x000000e806200000,0x000000e806300000)]
  0x00000222bf5ec520 JavaThread "http-nio-8081-exec-10" daemon [_thread_blocked, id=3008, stack(0x000000e806300000,0x000000e806400000)]
  0x00000222bf5e6580 JavaThread "http-nio-8081-Poller" daemon [_thread_in_native, id=4544, stack(0x000000e806400000,0x000000e806500000)]
  0x00000222bf5eaa90 JavaThread "http-nio-8081-Acceptor" daemon [_thread_in_native, id=9448, stack(0x000000e806500000,0x000000e806600000)]
  0x00000222bf5eafe0 JavaThread "DestroyJavaVM" [_thread_blocked, id=7224, stack(0x000000e802f00000,0x000000e803000000)]
  0x00000222bf5eb530 JavaThread "RMI TCP Connection(2)-192.168.82.103" daemon [_thread_in_native, id=1200, stack(0x000000e804c00000,0x000000e804d00000)]
  0x00000222c02ec830 JavaThread "C1 CompilerThread1" daemon [_thread_blocked, id=9352, stack(0x000000e803f00000,0x000000e804000000)]
  0x00000222bf5ecfc0 JavaThread "HikariPool-1 connection adder" daemon [_thread_blocked, id=6768, stack(0x000000e804d00000,0x000000e804e00000)]

Other Threads:
=>0x00000222b9748850 VMThread "VM Thread" [stack: 0x000000e803500000,0x000000e803600000] [id=7832]
  0x00000222a535b880 WatcherThread "VM Periodic Task Thread" [stack: 0x000000e804500000,0x000000e804600000] [id=5004]
  0x00000222a53b8c70 WorkerThread "GC Thread#0" [stack: 0x000000e803000000,0x000000e803100000] [id=8652]
  0x00000222be310780 WorkerThread "GC Thread#1" [stack: 0x000000e804600000,0x000000e804700000] [id=9064]
  0x00000222be345120 WorkerThread "GC Thread#2" [stack: 0x000000e804700000,0x000000e804800000] [id=1544]
  0x00000222be3453f0 WorkerThread "GC Thread#3" [stack: 0x000000e804800000,0x000000e804900000] [id=7996]
  0x00000222be346250 WorkerThread "GC Thread#4" [stack: 0x000000e804900000,0x000000e804a00000] [id=2552]
  0x00000222be347060 WorkerThread "GC Thread#5" [stack: 0x000000e804a00000,0x000000e804b00000] [id=8148]
  0x00000222be345f80 WorkerThread "GC Thread#6" [stack: 0x000000e804b00000,0x000000e804c00000] [id=3504]
  0x00000222be346ac0 WorkerThread "GC Thread#7" [stack: 0x000000e804f00000,0x000000e805000000] [id=8796]
  0x00000222a53ca170 ConcurrentGCThread "G1 Main Marker" [stack: 0x000000e803100000,0x000000e803200000] [id=8020]
  0x00000222a53cac50 WorkerThread "G1 Conc#0" [stack: 0x000000e803200000,0x000000e803300000] [id=2856]
  0x00000222be3467f0 WorkerThread "G1 Conc#1" [stack: 0x000000e805100000,0x000000e805200000] [id=4916]
  0x00000222a541e090 ConcurrentGCThread "G1 Refine#0" [stack: 0x000000e803300000,0x000000e803400000] [id=6956]
  0x00000222a541e880 ConcurrentGCThread "G1 Service" [stack: 0x000000e803400000,0x000000e803500000] [id=5664]

Threads with active compile tasks:

VM state: at safepoint (normal execution)

VM Mutex/Monitor currently owned by a thread:  ([mutex/lock_event])
[0x00000222a53540a0] Threads_lock - owner thread: 0x00000222b9748850
[0x00000222a53550f0] Heap_lock - owner thread: 0x00000222bf5ed510

Heap address: 0x0000000084c00000, size: 1972 MB, Compressed Oops mode: 32-bit

CDS archive(s) mapped at: [0x0000000800000000-0x0000000800c40000-0x0000000800c40000), size 12845056, SharedBaseAddress: 0x0000000800000000, ArchiveRelocationMode: 0.
Compressed class space mapped at: 0x0000000801000000-0x0000000841000000, reserved size: 1073741824
Narrow klass base: 0x0000000800000000, Narrow klass shift: 0, Narrow klass range: 0x100000000

GC Precious Log:
 CardTable entry size: 512
 Card Set container configuration: InlinePtr #cards 5 size 8 Array Of Cards #cards 12 size 40 Howl #buckets 4 coarsen threshold 1843 Howl Bitmap #cards 512 size 80 coarsen threshold 460 Card regions per heap region 1 cards per card region 2048
 CPUs: 8 total, 8 available
 Memory: 7883M
 Large Page Support: Disabled
 NUMA Support: Disabled
 Compressed Oops: Enabled (32-bit)
 Heap Region Size: 1M
 Heap Min Capacity: 8M
 Heap Initial Capacity: 124M
 Heap Max Capacity: 1972M
 Pre-touch: Disabled
 Parallel Workers: 8
 Concurrent Workers: 2
 Concurrent Refinement Workers: 8
 Periodic GC: Disabled

Heap:
 garbage-first heap   total 157696K, used 83705K [0x0000000084c00000, 0x0000000100000000)
  region size 1024K, 4 young (4096K), 4 survivors (4096K)
 Metaspace       used 67381K, committed 68160K, reserved 1114112K
  class space    used 9387K, committed 9728K, reserved 1048576K

Heap Regions: E=young(eden), S=young(survivor), O=old, HS=humongous(starts), HC=humongous(continues), CS=collection set, F=free, OA=open archive, CA=closed archive, TAMS=top-at-mark-start (previous, next)
|   0|0x0000000084c00000, 0x0000000084d00000, 0x0000000084d00000|100%|HS|  |TAMS 0x0000000084d00000, 0x0000000084c00000| Complete 
|   1|0x0000000084d00000, 0x0000000084e00000, 0x0000000084e00000|100%| O|  |TAMS 0x0000000084e00000, 0x0000000084d00000| Untracked 
|   2|0x0000000084e00000, 0x0000000084f00000, 0x0000000084f00000|100%| O|  |TAMS 0x0000000084f00000, 0x0000000084e00000| Untracked 
|   3|0x0000000084f00000, 0x0000000085000000, 0x0000000085000000|100%| O|  |TAMS 0x0000000085000000, 0x0000000084f00000| Untracked 
|   4|0x0000000085000000, 0x0000000085100000, 0x0000000085100000|100%| O|  |TAMS 0x0000000085100000, 0x0000000085000000| Untracked 
|   5|0x0000000085100000, 0x0000000085200000, 0x0000000085200000|100%| O|  |TAMS 0x0000000085200000, 0x0000000085100000| Untracked 
|   6|0x0000000085200000, 0x0000000085300000, 0x0000000085300000|100%| O|  |TAMS 0x0000000085300000, 0x0000000085200000| Untracked 
|   7|0x0000000085300000, 0x0000000085400000, 0x0000000085400000|100%| O|  |TAMS 0x0000000085400000, 0x0000000085300000| Untracked 
|   8|0x0000000085400000, 0x0000000085500000, 0x0000000085500000|100%| O|  |TAMS 0x0000000085500000, 0x0000000085400000| Untracked 
|   9|0x0000000085500000, 0x0000000085600000, 0x0000000085600000|100%| O|  |TAMS 0x0000000085600000, 0x0000000085500000| Untracked 
|  10|0x0000000085600000, 0x0000000085700000, 0x0000000085700000|100%| O|  |TAMS 0x0000000085700000, 0x0000000085600000| Untracked 
|  11|0x0000000085700000, 0x0000000085800000, 0x0000000085800000|100%| O|  |TAMS 0x0000000085800000, 0x0000000085700000| Untracked 
|  12|0x0000000085800000, 0x0000000085900000, 0x0000000085900000|100%| O|  |TAMS 0x0000000085900000, 0x0000000085800000| Untracked 
|  13|0x0000000085900000, 0x0000000085a00000, 0x0000000085a00000|100%| O|  |TAMS 0x0000000085a00000, 0x0000000085900000| Untracked 
|  14|0x0000000085a00000, 0x0000000085b00000, 0x0000000085b00000|100%| O|  |TAMS 0x0000000085b00000, 0x0000000085a00000| Untracked 
|  15|0x0000000085b00000, 0x0000000085c00000, 0x0000000085c00000|100%| O|  |TAMS 0x0000000085c00000, 0x0000000085b00000| Untracked 
|  16|0x0000000085c00000, 0x0000000085c00000, 0x0000000085d00000|  0%| F|  |TAMS 0x0000000085c00000, 0x0000000085c00000| Untracked 
|  17|0x0000000085d00000, 0x0000000085e00000, 0x0000000085e00000|100%| O|  |TAMS 0x0000000085e00000, 0x0000000085d00000| Untracked 
|  18|0x0000000085e00000, 0x0000000085f00000, 0x0000000085f00000|100%| O|  |TAMS 0x0000000085f00000, 0x0000000085e00000| Untracked 
|  19|0x0000000085f00000, 0x0000000086000000, 0x0000000086000000|100%| O|  |TAMS 0x0000000086000000, 0x0000000085f00000| Untracked 
|  20|0x0000000086000000, 0x0000000086100000, 0x0000000086100000|100%| O|  |TAMS 0x0000000086100000, 0x0000000086000000| Untracked 
|  21|0x0000000086100000, 0x0000000086200000, 0x0000000086200000|100%| O|  |TAMS 0x0000000086200000, 0x0000000086100000| Untracked 
|  22|0x0000000086200000, 0x0000000086300000, 0x0000000086300000|100%| O|  |TAMS 0x0000000086300000, 0x0000000086200000| Untracked 
|  23|0x0000000086300000, 0x0000000086400000, 0x0000000086400000|100%| O|  |TAMS 0x0000000086400000, 0x0000000086300000| Untracked 
|  24|0x0000000086400000, 0x0000000086500000, 0x0000000086500000|100%| O|  |TAMS 0x0000000086500000, 0x0000000086400000| Untracked 
|  25|0x0000000086500000, 0x0000000086600000, 0x0000000086600000|100%| O|  |TAMS 0x0000000086600000, 0x0000000086500000| Untracked 
|  26|0x0000000086600000, 0x0000000086700000, 0x0000000086700000|100%| O|  |TAMS 0x0000000086700000, 0x0000000086600000| Untracked 
|  27|0x0000000086700000, 0x0000000086800000, 0x0000000086800000|100%| O|  |TAMS 0x0000000086800000, 0x0000000086700000| Untracked 
|  28|0x0000000086800000, 0x0000000086900000, 0x0000000086900000|100%| O|  |TAMS 0x0000000086900000, 0x0000000086800000| Untracked 
|  29|0x0000000086900000, 0x0000000086900000, 0x0000000086a00000|  0%| F|  |TAMS 0x0000000086900000, 0x0000000086900000| Untracked 
|  30|0x0000000086a00000, 0x0000000086b00000, 0x0000000086b00000|100%| O|  |TAMS 0x0000000086b00000, 0x0000000086a00000| Untracked 
|  31|0x0000000086b00000, 0x0000000086c00000, 0x0000000086c00000|100%| O|  |TAMS 0x0000000086c00000, 0x0000000086b00000| Untracked 
|  32|0x0000000086c00000, 0x0000000086c00000, 0x0000000086d00000|  0%| F|  |TAMS 0x0000000086c00000, 0x0000000086c00000| Untracked 
|  33|0x0000000086d00000, 0x0000000086e00000, 0x0000000086e00000|100%| O|  |TAMS 0x0000000086d00000, 0x0000000086d00000| Untracked 
|  34|0x0000000086e00000, 0x0000000086f00000, 0x0000000086f00000|100%| O|  |TAMS 0x0000000086e00000, 0x0000000086e00000| Untracked 
|  35|0x0000000086f00000, 0x0000000087000000, 0x0000000087000000|100%| O|  |TAMS 0x0000000086f00000, 0x0000000086f00000| Untracked 
|  36|0x0000000087000000, 0x0000000087100000, 0x0000000087100000|100%| O|  |TAMS 0x0000000087100000, 0x0000000087000000| Untracked 
|  37|0x0000000087100000, 0x0000000087200000, 0x0000000087200000|100%| O|  |TAMS 0x000000008715e800, 0x0000000087100000| Untracked 
|  38|0x0000000087200000, 0x0000000087300000, 0x0000000087300000|100%|HS|  |TAMS 0x0000000087300000, 0x0000000087200000| Complete 
|  39|0x0000000087300000, 0x0000000087400000, 0x0000000087400000|100%|HC|  |TAMS 0x0000000087400000, 0x0000000087300000| Complete 
|  40|0x0000000087400000, 0x0000000087500000, 0x0000000087500000|100%|HC|  |TAMS 0x0000000087500000, 0x0000000087400000| Complete 
|  41|0x0000000087500000, 0x0000000087600000, 0x0000000087600000|100%| O|  |TAMS 0x0000000087500000, 0x0000000087500000| Untracked 
|  42|0x0000000087600000, 0x0000000087700000, 0x0000000087700000|100%| O|  |TAMS 0x0000000087600000, 0x0000000087600000| Untracked 
|  43|0x0000000087700000, 0x0000000087800000, 0x0000000087800000|100%|HS|  |TAMS 0x0000000087800000, 0x0000000087700000| Complete 
|  44|0x0000000087800000, 0x0000000087900000, 0x0000000087900000|100%|HC|  |TAMS 0x0000000087900000, 0x0000000087800000| Complete 
|  45|0x0000000087900000, 0x0000000087a00000, 0x0000000087a00000|100%|HC|  |TAMS 0x0000000087a00000, 0x0000000087900000| Complete 
|  46|0x0000000087a00000, 0x0000000087a00000, 0x0000000087b00000|  0%| F|  |TAMS 0x0000000087a00000, 0x0000000087a00000| Untracked 
|  47|0x0000000087b00000, 0x0000000087b00000, 0x0000000087c00000|  0%| F|  |TAMS 0x0000000087b00000, 0x0000000087b00000| Untracked 
|  48|0x0000000087c00000, 0x0000000087c00000, 0x0000000087d00000|  0%| F|  |TAMS 0x0000000087c00000, 0x0000000087c00000| Untracked 
|  49|0x0000000087d00000, 0x0000000087d00000, 0x0000000087e00000|  0%| F|  |TAMS 0x0000000087d00000, 0x0000000087d00000| Untracked 
|  50|0x0000000087e00000, 0x0000000087e00000, 0x0000000087f00000|  0%| F|  |TAMS 0x0000000087e00000, 0x0000000087e00000| Untracked 
|  51|0x0000000087f00000, 0x0000000087f00000, 0x0000000088000000|  0%| F|  |TAMS 0x0000000087f00000, 0x0000000087f00000| Untracked 
|  52|0x0000000088000000, 0x0000000088000000, 0x0000000088100000|  0%| F|  |TAMS 0x0000000088000000, 0x0000000088000000| Untracked 
|  53|0x0000000088100000, 0x0000000088100000, 0x0000000088200000|  0%| F|  |TAMS 0x0000000088100000, 0x0000000088100000| Untracked 
|  54|0x0000000088200000, 0x0000000088200000, 0x0000000088300000|  0%| F|  |TAMS 0x0000000088200000, 0x0000000088200000| Untracked 
|  55|0x0000000088300000, 0x0000000088300000, 0x0000000088400000|  0%| F|  |TAMS 0x0000000088300000, 0x0000000088300000| Untracked 
|  56|0x0000000088400000, 0x0000000088500000, 0x0000000088500000|100%| O|  |TAMS 0x0000000088400000, 0x0000000088400000| Untracked 
|  57|0x0000000088500000, 0x0000000088600000, 0x0000000088600000|100%| O|  |TAMS 0x0000000088500000, 0x0000000088500000| Untracked 
|  58|0x0000000088600000, 0x0000000088700000, 0x0000000088700000|100%| O|  |TAMS 0x0000000088600000, 0x0000000088600000| Untracked 
|  59|0x0000000088700000, 0x0000000088700000, 0x0000000088800000|  0%| F|  |TAMS 0x0000000088700000, 0x0000000088700000| Untracked 
|  60|0x0000000088800000, 0x0000000088800000, 0x0000000088900000|  0%| F|  |TAMS 0x0000000088800000, 0x0000000088800000| Untracked 
|  61|0x0000000088900000, 0x0000000088900000, 0x0000000088a00000|  0%| F|  |TAMS 0x0000000088900000, 0x0000000088900000| Untracked 
|  62|0x0000000088a00000, 0x0000000088b00000, 0x0000000088b00000|100%| O|  |TAMS 0x0000000088a00000, 0x0000000088a00000| Untracked 
|  63|0x0000000088b00000, 0x0000000088c00000, 0x0000000088c00000|100%| O|  |TAMS 0x0000000088b00000, 0x0000000088b00000| Untracked 
|  64|0x0000000088c00000, 0x0000000088d00000, 0x0000000088d00000|100%|HS|  |TAMS 0x0000000088d00000, 0x0000000088c00000| Complete 
|  65|0x0000000088d00000, 0x0000000088e00000, 0x0000000088e00000|100%|HC|  |TAMS 0x0000000088e00000, 0x0000000088d00000| Complete 
|  66|0x0000000088e00000, 0x0000000088f00000, 0x0000000088f00000|100%|HC|  |TAMS 0x0000000088f00000, 0x0000000088e00000| Complete 
|  67|0x0000000088f00000, 0x0000000089000000, 0x0000000089000000|100%|HS|  |TAMS 0x0000000088f00000, 0x0000000088f00000| Complete 
|  68|0x0000000089000000, 0x0000000089100000, 0x0000000089100000|100%|HC|  |TAMS 0x0000000089000000, 0x0000000089000000| Complete 
|  69|0x0000000089100000, 0x0000000089200000, 0x0000000089200000|100%|HC|  |TAMS 0x0000000089100000, 0x0000000089100000| Complete 
|  70|0x0000000089200000, 0x0000000089300000, 0x0000000089300000|100%|HS|  |TAMS 0x0000000089300000, 0x0000000089200000| Complete 
|  71|0x0000000089300000, 0x0000000089400000, 0x0000000089400000|100%|HC|  |TAMS 0x0000000089400000, 0x0000000089300000| Complete 
|  72|0x0000000089400000, 0x0000000089500000, 0x0000000089500000|100%|HS|  |TAMS 0x0000000089500000, 0x0000000089400000| Complete 
|  73|0x0000000089500000, 0x0000000089600000, 0x0000000089600000|100%|HC|  |TAMS 0x0000000089600000, 0x0000000089500000| Complete 
|  74|0x0000000089600000, 0x0000000089700000, 0x0000000089700000|100%|HS|  |TAMS 0x0000000089700000, 0x0000000089600000| Complete 
|  75|0x0000000089700000, 0x0000000089800000, 0x0000000089800000|100%|HC|  |TAMS 0x0000000089800000, 0x0000000089700000| Complete 
|  76|0x0000000089800000, 0x0000000089900000, 0x0000000089900000|100%|HC|  |TAMS 0x0000000089900000, 0x0000000089800000| Complete 
|  77|0x0000000089900000, 0x0000000089a00000, 0x0000000089a00000|100%| O|  |TAMS 0x0000000089900000, 0x0000000089900000| Untracked 
|  78|0x0000000089a00000, 0x0000000089a00000, 0x0000000089b00000|  0%| F|  |TAMS 0x0000000089a00000, 0x0000000089a00000| Untracked 
|  79|0x0000000089b00000, 0x0000000089b00000, 0x0000000089c00000|  0%| F|  |TAMS 0x0000000089b00000, 0x0000000089b00000| Untracked 
|  80|0x0000000089c00000, 0x0000000089c00000, 0x0000000089d00000|  0%| F|  |TAMS 0x0000000089c00000, 0x0000000089c00000| Untracked 
|  81|0x0000000089d00000, 0x0000000089d00000, 0x0000000089e00000|  0%| F|  |TAMS 0x0000000089d00000, 0x0000000089d00000| Untracked 
|  82|0x0000000089e00000, 0x0000000089e00000, 0x0000000089f00000|  0%| F|  |TAMS 0x0000000089e00000, 0x0000000089e00000| Untracked 
|  83|0x0000000089f00000, 0x0000000089f00000, 0x000000008a000000|  0%| F|  |TAMS 0x0000000089f00000, 0x0000000089f00000| Untracked 
|  84|0x000000008a000000, 0x000000008a100000, 0x000000008a100000|100%|HS|  |TAMS 0x000000008a000000, 0x000000008a000000| Complete 
|  85|0x000000008a100000, 0x000000008a200000, 0x000000008a200000|100%|HC|  |TAMS 0x000000008a100000, 0x000000008a100000| Complete 
|  86|0x000000008a200000, 0x000000008a300000, 0x000000008a300000|100%|HC|  |TAMS 0x000000008a200000, 0x000000008a200000| Complete 
|  87|0x000000008a300000, 0x000000008a300000, 0x000000008a400000|  0%| F|  |TAMS 0x000000008a300000, 0x000000008a300000| Untracked 
|  88|0x000000008a400000, 0x000000008a400000, 0x000000008a500000|  0%| F|  |TAMS 0x000000008a400000, 0x000000008a400000| Untracked 
|  89|0x000000008a500000, 0x000000008a500000, 0x000000008a600000|  0%| F|  |TAMS 0x000000008a500000, 0x000000008a500000| Untracked 
|  90|0x000000008a600000, 0x000000008a600000, 0x000000008a700000|  0%| F|  |TAMS 0x000000008a600000, 0x000000008a600000| Untracked 
|  91|0x000000008a700000, 0x000000008a700000, 0x000000008a800000|  0%| F|  |TAMS 0x000000008a700000, 0x000000008a700000| Untracked 
|  92|0x000000008a800000, 0x000000008a800000, 0x000000008a900000|  0%| F|  |TAMS 0x000000008a800000, 0x000000008a800000| Untracked 
|  93|0x000000008a900000, 0x000000008a900000, 0x000000008aa00000|  0%| F|  |TAMS 0x000000008a900000, 0x000000008a900000| Untracked 
|  94|0x000000008aa00000, 0x000000008aa00000, 0x000000008ab00000|  0%| F|  |TAMS 0x000000008aa00000, 0x000000008aa00000| Untracked 
|  95|0x000000008ab00000, 0x000000008ab00000, 0x000000008ac00000|  0%| F|  |TAMS 0x000000008ab00000, 0x000000008ab00000| Untracked 
|  96|0x000000008ac00000, 0x000000008ac00000, 0x000000008ad00000|  0%| F|  |TAMS 0x000000008ac00000, 0x000000008ac00000| Untracked 
|  97|0x000000008ad00000, 0x000000008ad00000, 0x000000008ae00000|  0%| F|  |TAMS 0x000000008ad00000, 0x000000008ad00000| Untracked 
|  98|0x000000008ae00000, 0x000000008ae00000, 0x000000008af00000|  0%| F|  |TAMS 0x000000008ae00000, 0x000000008ae00000| Untracked 
|  99|0x000000008af00000, 0x000000008af00000, 0x000000008b000000|  0%| F|  |TAMS 0x000000008af00000, 0x000000008af00000| Untracked 
| 100|0x000000008b000000, 0x000000008b000000, 0x000000008b100000|  0%| F|  |TAMS 0x000000008b000000, 0x000000008b000000| Untracked 
| 101|0x000000008b100000, 0x000000008b100000, 0x000000008b200000|  0%| F|  |TAMS 0x000000008b100000, 0x000000008b100000| Untracked 
| 102|0x000000008b200000, 0x000000008b200000, 0x000000008b300000|  0%| F|  |TAMS 0x000000008b200000, 0x000000008b200000| Untracked 
| 103|0x000000008b300000, 0x000000008b300000, 0x000000008b400000|  0%| F|  |TAMS 0x000000008b300000, 0x000000008b300000| Untracked 
| 104|0x000000008b400000, 0x000000008b400000, 0x000000008b500000|  0%| F|  |TAMS 0x000000008b400000, 0x000000008b400000| Untracked 
| 105|0x000000008b500000, 0x000000008b500000, 0x000000008b600000|  0%| F|  |TAMS 0x000000008b500000, 0x000000008b500000| Untracked 
| 106|0x000000008b600000, 0x000000008b600000, 0x000000008b700000|  0%| F|  |TAMS 0x000000008b600000, 0x000000008b600000| Untracked 
| 107|0x000000008b700000, 0x000000008b700000, 0x000000008b800000|  0%| F|  |TAMS 0x000000008b700000, 0x000000008b700000| Untracked 
| 108|0x000000008b800000, 0x000000008b800000, 0x000000008b900000|  0%| F|  |TAMS 0x000000008b800000, 0x000000008b800000| Untracked 
| 109|0x000000008b900000, 0x000000008b900000, 0x000000008ba00000|  0%| F|  |TAMS 0x000000008b900000, 0x000000008b900000| Untracked 
| 110|0x000000008ba00000, 0x000000008ba00000, 0x000000008bb00000|  0%| F|  |TAMS 0x000000008ba00000, 0x000000008ba00000| Untracked 
| 111|0x000000008bb00000, 0x000000008bb00000, 0x000000008bc00000|  0%| F|  |TAMS 0x000000008bb00000, 0x000000008bb00000| Untracked 
| 112|0x000000008bc00000, 0x000000008bc00000, 0x000000008bd00000|  0%| F|  |TAMS 0x000000008bc00000, 0x000000008bc00000| Untracked 
| 113|0x000000008bd00000, 0x000000008bd00000, 0x000000008be00000|  0%| F|  |TAMS 0x000000008bd00000, 0x000000008bd00000| Untracked 
| 114|0x000000008be00000, 0x000000008be00000, 0x000000008bf00000|  0%| F|  |TAMS 0x000000008be00000, 0x000000008be00000| Untracked 
| 115|0x000000008bf00000, 0x000000008bf00000, 0x000000008c000000|  0%| F|  |TAMS 0x000000008bf00000, 0x000000008bf00000| Untracked 
| 116|0x000000008c000000, 0x000000008c000000, 0x000000008c100000|  0%| F|  |TAMS 0x000000008c000000, 0x000000008c000000| Untracked 
| 117|0x000000008c100000, 0x000000008c100000, 0x000000008c200000|  0%| F|  |TAMS 0x000000008c100000, 0x000000008c100000| Untracked 
| 118|0x000000008c200000, 0x000000008c200000, 0x000000008c300000|  0%| F|  |TAMS 0x000000008c200000, 0x000000008c200000| Untracked 
| 119|0x000000008c300000, 0x000000008c400000, 0x000000008c400000|100%|HS|  |TAMS 0x000000008c300000, 0x000000008c300000| Complete 
| 120|0x000000008c400000, 0x000000008c500000, 0x000000008c500000|100%|HC|  |TAMS 0x000000008c400000, 0x000000008c400000| Complete 
| 121|0x000000008c500000, 0x000000008c500000, 0x000000008c600000|  0%| F|  |TAMS 0x000000008c500000, 0x000000008c500000| Untracked 
| 122|0x000000008c600000, 0x000000008c600000, 0x000000008c700000|  0%| F|  |TAMS 0x000000008c600000, 0x000000008c600000| Untracked 
| 123|0x000000008c700000, 0x000000008c700000, 0x000000008c800000|  0%| F|  |TAMS 0x000000008c700000, 0x000000008c700000| Untracked 
| 124|0x000000008c800000, 0x000000008c800000, 0x000000008c900000|  0%| F|  |TAMS 0x000000008c800000, 0x000000008c800000| Untracked 
| 125|0x000000008c900000, 0x000000008c900000, 0x000000008ca00000|  0%| F|  |TAMS 0x000000008c900000, 0x000000008c900000| Untracked 
| 126|0x000000008ca00000, 0x000000008ca00000, 0x000000008cb00000|  0%| F|  |TAMS 0x000000008ca00000, 0x000000008ca00000| Untracked 
| 127|0x000000008cb00000, 0x000000008cb00000, 0x000000008cc00000|  0%| F|  |TAMS 0x000000008cb00000, 0x000000008cb00000| Untracked 
| 128|0x000000008cc00000, 0x000000008cc00000, 0x000000008cd00000|  0%| F|  |TAMS 0x000000008cc00000, 0x000000008cc00000| Untracked 
| 129|0x000000008cd00000, 0x000000008cd00000, 0x000000008ce00000|  0%| F|  |TAMS 0x000000008cd00000, 0x000000008cd00000| Untracked 
| 130|0x000000008ce00000, 0x000000008ce00000, 0x000000008cf00000|  0%| F|  |TAMS 0x000000008ce00000, 0x000000008ce00000| Untracked 
| 131|0x000000008cf00000, 0x000000008cf00000, 0x000000008d000000|  0%| F|  |TAMS 0x000000008cf00000, 0x000000008cf00000| Untracked 
| 132|0x000000008d000000, 0x000000008d000000, 0x000000008d100000|  0%| F|  |TAMS 0x000000008d000000, 0x000000008d000000| Untracked 
| 133|0x000000008d100000, 0x000000008d100000, 0x000000008d200000|  0%| F|  |TAMS 0x000000008d100000, 0x000000008d100000| Untracked 
| 134|0x000000008d200000, 0x000000008d200000, 0x000000008d300000|  0%| F|  |TAMS 0x000000008d200000, 0x000000008d200000| Untracked 
| 135|0x000000008d300000, 0x000000008d300000, 0x000000008d400000|  0%| F|  |TAMS 0x000000008d300000, 0x000000008d300000| Untracked 
| 136|0x000000008d400000, 0x000000008d400000, 0x000000008d500000|  0%| F|  |TAMS 0x000000008d400000, 0x000000008d400000| Untracked 
| 137|0x000000008d500000, 0x000000008d600000, 0x000000008d600000|100%|HS|  |TAMS 0x000000008d500000, 0x000000008d500000| Complete 
| 138|0x000000008d600000, 0x000000008d700000, 0x000000008d700000|100%|HC|  |TAMS 0x000000008d600000, 0x000000008d600000| Complete 
| 139|0x000000008d700000, 0x000000008d800000, 0x000000008d800000|100%| S|CS|TAMS 0x000000008d700000, 0x000000008d700000| Complete 
| 140|0x000000008d800000, 0x000000008d900000, 0x000000008d900000|100%| S|CS|TAMS 0x000000008d800000, 0x000000008d800000| Complete 
| 141|0x000000008d900000, 0x000000008da00000, 0x000000008da00000|100%| S|CS|TAMS 0x000000008d900000, 0x000000008d900000| Complete 
| 142|0x000000008da00000, 0x000000008db00000, 0x000000008db00000|100%| S|CS|TAMS 0x000000008da00000, 0x000000008da00000| Complete 
|1961|0x00000000ff500000, 0x00000000ff5be600, 0x00000000ff600000| 74%| O|  |TAMS 0x00000000ff500000, 0x00000000ff500000| Untracked 
|1962|0x00000000ff600000, 0x00000000ff700000, 0x00000000ff700000|100%| O|  |TAMS 0x00000000ff700000, 0x00000000ff600000| Untracked 
|1963|0x00000000ff700000, 0x00000000ff700000, 0x00000000ff800000|  0%| F|  |TAMS 0x00000000ff700000, 0x00000000ff700000| Untracked 
|1964|0x00000000ff800000, 0x00000000ff900000, 0x00000000ff900000|100%| O|  |TAMS 0x00000000ff900000, 0x00000000ff800000| Untracked 
|1965|0x00000000ff900000, 0x00000000ffa00000, 0x00000000ffa00000|100%| O|  |TAMS 0x00000000ffa00000, 0x00000000ff900000| Untracked 
|1966|0x00000000ffa00000, 0x00000000ffa00000, 0x00000000ffb00000|  0%| F|  |TAMS 0x00000000ffa00000, 0x00000000ffa00000| Untracked 
|1967|0x00000000ffb00000, 0x00000000ffc00000, 0x00000000ffc00000|100%| O|  |TAMS 0x00000000ffc00000, 0x00000000ffb00000| Untracked 
|1968|0x00000000ffc00000, 0x00000000ffd00000, 0x00000000ffd00000|100%| O|  |TAMS 0x00000000ffd00000, 0x00000000ffc00000| Untracked 
|1969|0x00000000ffd00000, 0x00000000ffe00000, 0x00000000ffe00000|100%| O|  |TAMS 0x00000000ffe00000, 0x00000000ffd00000| Untracked 
|1970|0x00000000ffe00000, 0x00000000fff00000, 0x00000000fff00000|100%| O|  |TAMS 0x00000000fff00000, 0x00000000ffe00000| Untracked 
|1971|0x00000000fff00000, 0x0000000100000000, 0x0000000100000000|100%| O|  |TAMS 0x0000000100000000, 0x00000000fff00000| Untracked 

Card table byte_map: [0x00000222b2760000,0x00000222b2b40000] _byte_map_base: 0x00000222b233a000

Marking Bits (Prev, Next): (CMBitMap*) 0x00000222a53ba1c0, (CMBitMap*) 0x00000222a53ba200
 Prev Bits: [0x00000222b2f20000, 0x00000222b4df0000)
 Next Bits: [0x00000222b4df0000, 0x00000222b6cc0000)

Polling page: 0x00000222aea70000

Metaspace:

Usage:
  Non-class:     56.64 MB used.
      Class:      9.17 MB used.
       Both:     65.80 MB used.

Virtual space:
  Non-class space:       64.00 MB reserved,      57.06 MB ( 89%) committed,  1 nodes.
      Class space:        1.00 GB reserved,       9.50 MB ( <1%) committed,  1 nodes.
             Both:        1.06 GB reserved,      66.56 MB (  6%) committed. 

Chunk freelists:
   Non-Class:  2.98 MB
       Class:  2.39 MB
        Both:  5.38 MB

MaxMetaspaceSize: unlimited
CompressedClassSpaceSize: 1.00 GB
Initial GC threshold: 21.00 MB
Current GC threshold: 110.62 MB
CDS: on
MetaspaceReclaimPolicy: balanced
 - commit_granule_bytes: 65536.
 - commit_granule_words: 8192.
 - virtual_space_node_default_size: 8388608.
 - enlarge_chunks_in_place: 1.
 - new_chunks_are_fully_committed: 0.
 - uncommit_free_chunks: 1.
 - use_allocation_guard: 0.


Internal statistics:

num_allocs_failed_limit: 9.
num_arena_births: 1064.
num_arena_deaths: 2.
num_vsnodes_births: 2.
num_vsnodes_deaths: 0.
num_space_committed: 1065.
num_space_uncommitted: 0.
num_chunks_returned_to_freelist: 12.
num_chunks_taken_from_freelist: 3441.
num_chunk_merges: 6.
num_chunk_splits: 2535.
num_chunks_enlarged: 2036.
num_inconsistent_stats: 0.

CodeCache: size=49152Kb used=14427Kb max_used=15349Kb free=34725Kb
 bounds [0x00000222aea90000, 0x00000222af990000, 0x00000222b1a90000]
 total_blobs=8757 nmethods=8062 adapters=618
 compilation: enabled
              stopped_count=0, restarted_count=0
 full_count=0

Compilation events (20 events):
Event: 22.660 Thread 0x00000222b9782010 nmethod 8042 0x00000222af8c2c90 code [0x00000222af8c3820, 0x00000222af8c8208]
Event: 22.660 Thread 0x00000222b9782010 8057       1       org.springframework.expression.spel.support.StandardEvaluationContext::getPropertyAccessors (5 bytes)
Event: 22.660 Thread 0x00000222c02ec830 nmethod 8053 0x00000222af8c2990 code [0x00000222af8c2b20, 0x00000222af8c2bd8]
Event: 22.660 Thread 0x00000222c02ec830 8058       1       org.thymeleaf.context.WebEngineContext::getVariable (51 bytes)
Event: 22.660 Thread 0x00000222b9782010 nmethod 8057 0x00000222af8c2690 code [0x00000222af8c2820, 0x00000222af8c2908]
Event: 22.660 Thread 0x00000222b9782010 8059       1       org.thymeleaf.context.WebEngineContext$ExchangeAttributeMap::getVariable (14 bytes)
Event: 22.660 Thread 0x00000222b9782010 nmethod 8059 0x00000222af8c2090 code [0x00000222af8c2260, 0x00000222af8c2528]
Event: 22.660 Thread 0x00000222b9782010 8054       1       org.unbescape.html.HtmlEscapeType::getUseHtml5 (5 bytes)
Event: 22.661 Thread 0x00000222b9782010 nmethod 8054 0x00000222af8c1d90 code [0x00000222af8c1f20, 0x00000222af8c1ff8]
Event: 22.661 Thread 0x00000222c02ec830 nmethod 8058 0x00000222af8c1590 code [0x00000222af8c17a0, 0x00000222af8c1bb8]
Event: 22.661 Thread 0x00000222b9782010 8055       1       org.unbescape.html.HtmlEscapeType::getUseNCRs (5 bytes)
Event: 22.661 Thread 0x00000222c02ec830 8056       1       org.unbescape.html.HtmlEscapeType::getUseHexa (5 bytes)
Event: 22.661 Thread 0x00000222b9782010 nmethod 8055 0x00000222af8c1290 code [0x00000222af8c1420, 0x00000222af8c14f8]
Event: 22.661 Thread 0x00000222b9782010 8060       1       org.thymeleaf.standard.expression.LiteralValue::unwrap (23 bytes)
Event: 22.661 Thread 0x00000222c02ec830 nmethod 8056 0x00000222af8c0f90 code [0x00000222af8c1120, 0x00000222af8c11f8]
Event: 22.661 Thread 0x00000222b9782010 nmethod 8060 0x00000222af8c0b90 code [0x00000222af8c0d40, 0x00000222af8c0ed8]
Event: 22.661 Thread 0x00000222b9782010 8061       1       org.hibernate.query.spi.QueryOptionsAdapter::getDatabaseHints (4 bytes)
Event: 22.661 Thread 0x00000222b9782010 nmethod 8061 0x00000222af8c0890 code [0x00000222af8c0a20, 0x00000222af8c0af8]
Event: 22.661 Thread 0x00000222b9782010 8062       1       org.hibernate.sql.results.graph.entity.AbstractNonLazyEntityFetch::getFetchedMapping (5 bytes)
Event: 22.661 Thread 0x00000222b9782010 nmethod 8062 0x00000222af8c0590 code [0x00000222af8c0720, 0x00000222af8c07d8]

GC Heap History (20 events):
Event: 5.127 GC heap after
{Heap after GC invocations=13 (full 0):
 garbage-first heap   total 71680K, used 23492K [0x0000000084c00000, 0x0000000100000000)
  region size 1024K, 2 young (2048K), 2 survivors (2048K)
 Metaspace       used 50873K, committed 51520K, reserved 1114112K
  class space    used 7060K, committed 7360K, reserved 1048576K
}
Event: 5.505 GC heap before
{Heap before GC invocations=13 (full 0):
 garbage-first heap   total 71680K, used 55236K [0x0000000084c00000, 0x0000000100000000)
  region size 1024K, 33 young (33792K), 2 survivors (2048K)
 Metaspace       used 54586K, committed 55232K, reserved 1114112K
  class space    used 7522K, committed 7808K, reserved 1048576K
}
Event: 5.512 GC heap after
{Heap after GC invocations=14 (full 0):
 garbage-first heap   total 71680K, used 25724K [0x0000000084c00000, 0x0000000100000000)
  region size 1024K, 4 young (4096K), 4 survivors (4096K)
 Metaspace       used 54586K, committed 55232K, reserved 1114112K
  class space    used 7522K, committed 7808K, reserved 1048576K
}
Event: 5.752 GC heap before
{Heap before GC invocations=14 (full 0):
 garbage-first heap   total 71680K, used 56444K [0x0000000084c00000, 0x0000000100000000)
  region size 1024K, 34 young (34816K), 4 survivors (4096K)
 Metaspace       used 56058K, committed 56768K, reserved 1114112K
  class space    used 7726K, committed 8064K, reserved 1048576K
}
Event: 5.758 GC heap after
{Heap after GC invocations=15 (full 0):
 garbage-first heap   total 71680K, used 26897K [0x0000000084c00000, 0x0000000100000000)
  region size 1024K, 4 young (4096K), 4 survivors (4096K)
 Metaspace       used 56058K, committed 56768K, reserved 1114112K
  class space    used 7726K, committed 8064K, reserved 1048576K
}
Event: 6.270 GC heap before
{Heap before GC invocations=15 (full 0):
 garbage-first heap   total 71680K, used 56593K [0x0000000084c00000, 0x0000000100000000)
  region size 1024K, 33 young (33792K), 4 survivors (4096K)
 Metaspace       used 59006K, committed 59648K, reserved 1114112K
  class space    used 8159K, committed 8448K, reserved 1048576K
}
Event: 6.277 GC heap after
{Heap after GC invocations=16 (full 0):
 garbage-first heap   total 107520K, used 29404K [0x0000000084c00000, 0x0000000100000000)
  region size 1024K, 4 young (4096K), 4 survivors (4096K)
 Metaspace       used 59006K, committed 59648K, reserved 1114112K
  class space    used 8159K, committed 8448K, reserved 1048576K
}
Event: 10.381 GC heap before
{Heap before GC invocations=16 (full 0):
 garbage-first heap   total 107520K, used 46812K [0x0000000084c00000, 0x0000000100000000)
  region size 1024K, 22 young (22528K), 4 survivors (4096K)
 Metaspace       used 59946K, committed 60608K, reserved 1114112K
  class space    used 8303K, committed 8640K, reserved 1048576K
}
Event: 10.390 GC heap after
{Heap after GC invocations=17 (full 0):
 garbage-first heap   total 107520K, used 30594K [0x0000000084c00000, 0x0000000100000000)
  region size 1024K, 5 young (5120K), 5 survivors (5120K)
 Metaspace       used 59946K, committed 60608K, reserved 1114112K
  class space    used 8303K, committed 8640K, reserved 1048576K
}
Event: 11.406 GC heap before
{Heap before GC invocations=18 (full 0):
 garbage-first heap   total 107520K, used 105346K [0x0000000084c00000, 0x0000000100000000)
  region size 1024K, 44 young (45056K), 5 survivors (5120K)
 Metaspace       used 65751K, committed 66432K, reserved 1114112K
  class space    used 9148K, committed 9472K, reserved 1048576K
}
Event: 11.423 GC heap after
{Heap after GC invocations=19 (full 0):
 garbage-first heap   total 124928K, used 65836K [0x0000000084c00000, 0x0000000100000000)
  region size 1024K, 7 young (7168K), 7 survivors (7168K)
 Metaspace       used 65751K, committed 66432K, reserved 1114112K
  class space    used 9148K, committed 9472K, reserved 1048576K
}
Event: 11.425 GC heap before
{Heap before GC invocations=19 (full 0):
 garbage-first heap   total 124928K, used 65836K [0x0000000084c00000, 0x0000000100000000)
  region size 1024K, 8 young (8192K), 7 survivors (7168K)
 Metaspace       used 65751K, committed 66432K, reserved 1114112K
  class space    used 9148K, committed 9472K, reserved 1048576K
}
Event: 11.432 GC heap after
{Heap after GC invocations=20 (full 0):
 garbage-first heap   total 124928K, used 66720K [0x0000000084c00000, 0x0000000100000000)
  region size 1024K, 1 young (1024K), 1 survivors (1024K)
 Metaspace       used 65751K, committed 66432K, reserved 1114112K
  class space    used 9148K, committed 9472K, reserved 1048576K
}
Event: 18.675 GC heap before
{Heap before GC invocations=20 (full 0):
 garbage-first heap   total 124928K, used 114848K [0x0000000084c00000, 0x0000000100000000)
  region size 1024K, 28 young (28672K), 1 survivors (1024K)
 Metaspace       used 67140K, committed 67904K, reserved 1114112K
  class space    used 9344K, committed 9664K, reserved 1048576K
}
Event: 18.677 GC heap after
{Heap after GC invocations=21 (full 0):
 garbage-first heap   total 124928K, used 85730K [0x0000000084c00000, 0x0000000100000000)
  region size 1024K, 4 young (4096K), 4 survivors (4096K)
 Metaspace       used 67140K, committed 67904K, reserved 1114112K
  class space    used 9344K, committed 9664K, reserved 1048576K
}
Event: 20.646 GC heap before
{Heap before GC invocations=22 (full 0):
 garbage-first heap   total 150528K, used 106210K [0x0000000084c00000, 0x0000000100000000)
  region size 1024K, 17 young (17408K), 4 survivors (4096K)
 Metaspace       used 67141K, committed 67968K, reserved 1114112K
  class space    used 9346K, committed 9728K, reserved 1048576K
}
Event: 20.650 GC heap after
{Heap after GC invocations=23 (full 0):
 garbage-first heap   total 150528K, used 90883K [0x0000000084c00000, 0x0000000100000000)
  region size 1024K, 3 young (3072K), 3 survivors (3072K)
 Metaspace       used 67141K, committed 67968K, reserved 1114112K
  class space    used 9346K, committed 9728K, reserved 1048576K
}
Event: 20.757 GC heap before
{Heap before GC invocations=23 (full 0):
 garbage-first heap   total 150528K, used 106243K [0x0000000084c00000, 0x0000000100000000)
  region size 1024K, 7 young (7168K), 3 survivors (3072K)
 Metaspace       used 67142K, committed 67968K, reserved 1114112K
  class space    used 9347K, committed 9728K, reserved 1048576K
}
Event: 20.761 GC heap after
{Heap after GC invocations=24 (full 0):
 garbage-first heap   total 150528K, used 74952K [0x0000000084c00000, 0x0000000100000000)
  region size 1024K, 1 young (1024K), 1 survivors (1024K)
 Metaspace       used 67142K, committed 67968K, reserved 1114112K
  class space    used 9347K, committed 9728K, reserved 1048576K
}
Event: 22.666 GC heap before
{Heap before GC invocations=24 (full 0):
 garbage-first heap   total 152576K, used 150728K [0x0000000084c00000, 0x0000000100000000)
  region size 1024K, 18 young (18432K), 1 survivors (1024K)
 Metaspace       used 67381K, committed 68160K, reserved 1114112K
  class space    used 9387K, committed 9728K, reserved 1048576K
}

Dll operation events (14 events):
Event: 0.007 Loaded shared library C:\Program Files\Java\jdk-19\bin\java.dll
Event: 0.015 Loaded shared library C:\Program Files\Java\jdk-19\bin\jsvml.dll
Event: 0.081 Loaded shared library C:\Program Files\Java\jdk-19\bin\zip.dll
Event: 0.083 Loaded shared library C:\Program Files\Java\jdk-19\bin\instrument.dll
Event: 0.086 Loaded shared library C:\Program Files\Java\jdk-19\bin\net.dll
Event: 0.087 Loaded shared library C:\Program Files\Java\jdk-19\bin\nio.dll
Event: 0.089 Loaded shared library C:\Program Files\Java\jdk-19\bin\zip.dll
Event: 0.132 Loaded shared library C:\Program Files\JetBrains\IntelliJ IDEA 2023.1.1\bin\breakgen64.dll
Event: 0.136 Loaded shared library C:\Program Files\Java\jdk-19\bin\jimage.dll
Event: 0.139 Loaded shared library C:\Program Files\Java\jdk-19\bin\extnet.dll
Event: 0.149 Loaded shared library C:\Program Files\Java\jdk-19\bin\management.dll
Event: 0.156 Loaded shared library C:\Program Files\Java\jdk-19\bin\management_ext.dll
Event: 0.786 Loaded shared library C:\Program Files\Java\jdk-19\bin\verify.dll
Event: 2.598 Loaded shared library C:\Program Files\Java\jdk-19\bin\sunmscapi.dll

Deoptimization events (16 events):
Event: 0.228 Thread 0x00000222a535aa50 DEOPT PACKING pc=0x00000222aedd3a55 sp=0x000000e802ffd3b0
Event: 0.228 Thread 0x00000222a535aa50 DEOPT UNPACKING pc=0x00000222aeafb0e3 sp=0x000000e802ffc860 mode 3
Event: 0.236 Thread 0x00000222a535aa50 DEOPT PACKING pc=0x00000222aee78dd0 sp=0x000000e802ffd380
Event: 0.236 Thread 0x00000222a535aa50 DEOPT UNPACKING pc=0x00000222aeafb0e3 sp=0x000000e802ffc838 mode 3
Event: 0.824 Thread 0x00000222b976c8d0 DEOPT PACKING pc=0x00000222af07b3b9 sp=0x000000e804dfd020
Event: 0.824 Thread 0x00000222b976c8d0 DEOPT UNPACKING pc=0x00000222aeafb0e3 sp=0x000000e804dfc500 mode 3
Event: 2.254 Thread 0x00000222b976c8d0 DEOPT PACKING pc=0x00000222af12f19d sp=0x000000e804dfc410
Event: 2.254 Thread 0x00000222b976c8d0 DEOPT UNPACKING pc=0x00000222aeafb0e3 sp=0x000000e804dfb978 mode 3
Event: 5.281 Thread 0x00000222b976c8d0 DEOPT PACKING pc=0x00000222af0bdd24 sp=0x000000e804dfc080
Event: 5.281 Thread 0x00000222b976c8d0 DEOPT UNPACKING pc=0x00000222aeafb0e3 sp=0x000000e804dfb5d8 mode 0
Event: 6.002 Thread 0x00000222b976c8d0 DEOPT PACKING pc=0x00000222af0ac542 sp=0x000000e804df8ef0
Event: 6.002 Thread 0x00000222b976c8d0 DEOPT UNPACKING pc=0x00000222aeafb0e3 sp=0x000000e804df83f8 mode 3
Event: 6.003 Thread 0x00000222b976c8d0 DEOPT PACKING pc=0x00000222af09c3dc sp=0x000000e804df8eb0
Event: 6.003 Thread 0x00000222b976c8d0 DEOPT UNPACKING pc=0x00000222aeafb0e3 sp=0x000000e804df83f8 mode 3
Event: 22.444 Thread 0x00000222bf5e6030 DEOPT PACKING pc=0x00000222af98bdb8 sp=0x000000e8061f8f60
Event: 22.444 Thread 0x00000222bf5e6030 DEOPT UNPACKING pc=0x00000222aeafb0e3 sp=0x000000e8061f8528 mode 3

Classes loaded (20 events):
Event: 11.504 Loading class java/time/format/DateTimeFormatterBuilder$ZoneTextPrinterParser
Event: 11.505 Loading class java/time/format/DateTimeFormatterBuilder$ZoneTextPrinterParser done
Event: 11.505 Loading class java/time/format/DateTimeFormatterBuilder$ReducedPrinterParser
Event: 11.505 Loading class java/time/format/DateTimeFormatterBuilder$ReducedPrinterParser done
Event: 12.948 Loading class java/util/Collections$ReverseComparator
Event: 12.948 Loading class java/util/Collections$ReverseComparator done
Event: 12.948 Loading class java/util/Collections$ReverseComparator2
Event: 12.948 Loading class java/util/Collections$ReverseComparator2 done
Event: 16.290 Loading class sun/security/provider/SecureRandom
Event: 16.290 Loading class sun/security/provider/SecureRandom done
Event: 16.291 Loading class sun/security/provider/SecureRandom$SeederHolder
Event: 16.292 Loading class sun/security/provider/SecureRandom$SeederHolder done
Event: 16.505 Loading class java/util/OptionalLong
Event: 16.505 Loading class java/util/OptionalLong done
Event: 16.505 Loading class java/util/OptionalDouble
Event: 16.505 Loading class java/util/OptionalDouble done
Event: 16.523 Loading class java/util/stream/LongStream
Event: 16.523 Loading class java/util/stream/LongStream done
Event: 16.523 Loading class java/util/stream/DoubleStream
Event: 16.523 Loading class java/util/stream/DoubleStream done

Classes unloaded (1 events):
Event: 18.706 Thread 0x00000222b9748850 Unloading class 0x00000008017e8000 'jdk/internal/reflect/GeneratedSerializationConstructorAccessor35'

Classes redefined (0 events):
No events

Internal exceptions (20 events):
Event: 5.325 Thread 0x00000222b976c8d0 Exception <a 'java/lang/IncompatibleClassChangeError'{0x00000000882278c8}: Found class java.lang.Object, but interface was expected> (0x00000000882278c8) 
thrown [s\open\src\hotspot\share\interpreter\linkResolver.cpp, line 841]
Event: 5.395 Thread 0x00000222b976c8d0 Exception <a 'java/lang/IncompatibleClassChangeError'{0x0000000087b8d9a0}: Found class java.lang.Object, but interface was expected> (0x0000000087b8d9a0) 
thrown [s\open\src\hotspot\share\interpreter\linkResolver.cpp, line 841]
Event: 5.396 Thread 0x00000222b976c8d0 Exception <a 'java/lang/IncompatibleClassChangeError'{0x0000000087b942b8}: Found class java.lang.Object, but interface was expected> (0x0000000087b942b8) 
thrown [s\open\src\hotspot\share\interpreter\linkResolver.cpp, line 841]
Event: 5.715 Thread 0x00000222b976c8d0 Exception <a 'java/lang/NoSuchMethodError'{0x000000008771bb78}: 'java.lang.Object java.lang.invoke.DirectMethodHandle$Holder.newInvokeSpecial(java.lang.Object, java.lang.Object, java.lang.Object, java.lang.Object, java.lang.Object, java.lang.Object, java.lang.Object, java.lang.Object)'> (0x000000008771bb78) 
thrown [s\open\src\hotspot\share\interpreter\linkResolver.cpp, line 774]
Event: 6.014 Thread 0x00000222b976c8d0 Exception <a 'java/lang/IncompatibleClassChangeError'{0x000000008836c680}: Found class java.lang.Object, but interface was expected> (0x000000008836c680) 
thrown [s\open\src\hotspot\share\interpreter\linkResolver.cpp, line 841]
Event: 6.134 Thread 0x00000222b976c8d0 Exception <a 'java/lang/NoSuchMethodError'{0x0000000087dfcf68}: 'void java.lang.invoke.DirectMethodHandle$Holder.invokeVirtual(java.lang.Object, java.lang.Object, long)'> (0x0000000087dfcf68) 
thrown [s\open\src\hotspot\share\interpreter\linkResolver.cpp, line 774]
Event: 6.470 Thread 0x00000222b976c8d0 Exception <a 'java/lang/NoSuchMethodError'{0x000000008a817d58}: 'java.lang.Object java.lang.invoke.DirectMethodHandle$Holder.newInvokeSpecial(java.lang.Object, java.lang.Object, int, java.lang.Object, java.lang.Object)'> (0x000000008a817d58) 
thrown [s\open\src\hotspot\share\interpreter\linkResolver.cpp, line 774]
Event: 6.471 Thread 0x00000222b976c8d0 Exception <a 'java/lang/NoSuchMethodError'{0x000000008a823100}: 'java.lang.Object java.lang.invoke.DirectMethodHandle$Holder.invokeSpecial(java.lang.Object, java.lang.Object, int, java.lang.Object, int, java.lang.Object)'> (0x000000008a823100) 
thrown [s\open\src\hotspot\share\interpreter\linkResolver.cpp, line 774]
Event: 6.471 Thread 0x00000222b976c8d0 Exception <a 'java/lang/NoSuchMethodError'{0x000000008a82b108}: 'java.lang.Object java.lang.invoke.DirectMethodHandle$Holder.newInvokeSpecial(java.lang.Object, java.lang.Object, int, java.lang.Object, int)'> (0x000000008a82b108) 
thrown [s\open\src\hotspot\share\interpreter\linkResolver.cpp, line 774]
Event: 6.471 Thread 0x00000222b976c8d0 Exception <a 'java/lang/NoSuchMethodError'{0x000000008a82f220}: 'java.lang.Object java.lang.invoke.DirectMethodHandle$Holder.invokeSpecial(java.lang.Object, java.lang.Object, java.lang.Object, int, java.lang.Object, int)'> (0x000000008a82f220) 
thrown [s\open\src\hotspot\share\interpreter\linkResolver.cpp, line 774]
Event: 6.720 Thread 0x00000222bf5eb530 Exception <a 'java/lang/NoSuchMethodError'{0x000000008a4160d0}: 'java.lang.Object java.lang.invoke.DirectMethodHandle$Holder.invokeInterface(java.lang.Object, java.lang.Object, java.lang.Object, java.lang.Object, java.lang.Object, java.lang.Object, java.lang.Object)'> (0x000000008a4160d0) 
thrown [s\open\src\hotspot\share\interpreter\linkResolver.cpp, line 774]
Event: 10.441 Thread 0x00000222bf5e9ff0 Exception <a 'java/lang/NoSuchMethodError'{0x000000008b3b5998}: 'java.lang.Object java.lang.invoke.DirectMethodHandle$Holder.invokeSpecial(java.lang.Object, java.lang.Object, java.lang.Object, java.lang.Object, java.lang.Object, long)'> (0x000000008b3b5998) 
thrown [s\open\src\hotspot\share\interpreter\linkResolver.cpp, line 774]
Event: 10.441 Thread 0x00000222bf5e9ff0 Exception <a 'java/lang/NoSuchMethodError'{0x000000008b3b93e8}: 'java.lang.Object java.lang.invoke.Invokers$Holder.linkToTargetMethod(java.lang.Object, java.lang.Object, java.lang.Object, long, java.lang.Object)'> (0x000000008b3b93e8) 
thrown [s\open\src\hotspot\share\interpreter\linkResolver.cpp, line 774]
Event: 10.512 Thread 0x00000222bf5e9ff0 Exception <a 'java/lang/NoSuchMethodError'{0x000000008add9940}: 'java.lang.Object java.lang.invoke.DirectMethodHandle$Holder.invokeInterface(java.lang.Object, java.lang.Object, java.lang.Object, java.lang.Object)'> (0x000000008add9940) 
thrown [s\open\src\hotspot\share\interpreter\linkResolver.cpp, line 774]
Event: 10.551 Thread 0x00000222bf5e9ff0 Exception <a 'java/lang/IncompatibleClassChangeError'{0x000000008aa61e40}: Found class java.lang.Object, but interface was expected> (0x000000008aa61e40) 
thrown [s\open\src\hotspot\share\interpreter\linkResolver.cpp, line 841]
Event: 11.192 Thread 0x00000222bf5e9ff0 Exception <a 'java/lang/NoSuchMethodError'{0x000000008953f9d0}: 'void java.lang.invoke.Invokers$Holder.invokeExact_MT(java.lang.Object, java.lang.Object, int, java.lang.Object)'> (0x000000008953f9d0) 
thrown [s\open\src\hotspot\share\interpreter\linkResolver.cpp, line 774]
Event: 11.490 Thread 0x00000222bf5e9550 Exception <a 'java/lang/NoSuchMethodError'{0x000000008b948728}: 'java.lang.Object java.lang.invoke.DirectMethodHandle$Holder.invokeStatic(java.lang.Object, int, int)'> (0x000000008b948728) 
thrown [s\open\src\hotspot\share\interpreter\linkResolver.cpp, line 774]
Event: 11.490 Thread 0x00000222bf5ed510 Exception <a 'java/lang/NoSuchMethodError'{0x000000008b9448f8}: 'java.lang.Object java.lang.invoke.DirectMethodHandle$Holder.invokeStatic(java.lang.Object, int, int)'> (0x000000008b9448f8) 
thrown [s\open\src\hotspot\share\interpreter\linkResolver.cpp, line 774]
Event: 22.444 Thread 0x00000222bf5e6030 Implicit null exception at 0x00000222af98b8cc to 0x00000222af98bdb3
Event: 22.563 Thread 0x00000222bf5e6030 Exception <a 'java/lang/NoSuchMethodError'{0x000000008ceee4c8}: 'int java.lang.invoke.Invokers$Holder.invokeExact_MT(java.lang.Object, java.lang.Object, java.lang.Object)'> (0x000000008ceee4c8) 
thrown [s\open\src\hotspot\share\interpreter\linkResolver.cpp, line 774]

VM Operations (20 events):
Event: 16.526 Executing VM operation: Cleanup done
Event: 17.534 Executing VM operation: Cleanup
Event: 17.534 Executing VM operation: Cleanup done
Event: 18.675 Executing VM operation: G1CollectForAllocation
Event: 18.677 Executing VM operation: G1CollectForAllocation done
Event: 18.705 Executing VM operation: G1PauseRemark
Event: 18.711 Executing VM operation: G1PauseRemark done
Event: 18.736 Executing VM operation: G1PauseCleanup
Event: 18.737 Executing VM operation: G1PauseCleanup done
Event: 19.746 Executing VM operation: Cleanup
Event: 19.746 Executing VM operation: Cleanup done
Event: 20.646 Executing VM operation: G1CollectForAllocation
Event: 20.650 Executing VM operation: G1CollectForAllocation done
Event: 20.749 Executing VM operation: G1CollectForAllocation
Event: 20.761 Executing VM operation: G1CollectForAllocation done
Event: 21.771 Executing VM operation: Cleanup
Event: 21.771 Executing VM operation: Cleanup done
Event: 22.458 Executing VM operation: HandshakeAllThreads
Event: 22.458 Executing VM operation: HandshakeAllThreads done
Event: 22.666 Executing VM operation: G1CollectForAllocation

Events (20 events):
Event: 6.502 Thread 0x00000222bf5eafe0 Thread added: 0x00000222bf5eafe0
Event: 6.687 Thread 0x00000222bf5eb530 Thread added: 0x00000222bf5eb530
Event: 6.704 Thread 0x00000222bf5eb530 Thread exited: 0x00000222bf5eb530
Event: 6.711 Thread 0x00000222bf5eb530 Thread added: 0x00000222bf5eb530
Event: 6.713 Thread 0x00000222bf5ecfc0 Thread added: 0x00000222bf5ecfc0
Event: 6.727 Thread 0x00000222bf5e8010 Thread added: 0x00000222bf5e8010
Event: 6.728 Thread 0x00000222bf5ecfc0 Thread exited: 0x00000222bf5ecfc0
Event: 6.740 Thread 0x00000222bf5e8010 Thread exited: 0x00000222bf5e8010
Event: 7.518 Thread 0x00000222bdf0c180 Thread exited: 0x00000222bdf0c180
Event: 9.583 Thread 0x00000222bf5e7020 Thread exited: 0x00000222bf5e7020
Event: 12.947 Thread 0x00000222bd9b81d0 Thread exited: 0x00000222bd9b81d0
Event: 14.369 Thread 0x00000222bd9b5420 Thread exited: 0x00000222bd9b5420
Event: 16.383 Thread 0x00000222c02ec830 Thread added: 0x00000222c02ec830
Event: 16.384 Thread 0x00000222c04b64b0 Thread added: 0x00000222c04b64b0
Event: 20.491 Thread 0x00000222c04b64b0 Thread exited: 0x00000222c04b64b0
Event: 20.741 Thread 0x00000222c0608160 Thread added: 0x00000222c0608160
Event: 20.742 Thread 0x00000222c05badd0 Thread added: 0x00000222c05badd0
Event: 20.774 Thread 0x00000222bf5ecfc0 Thread added: 0x00000222bf5ecfc0
Event: 22.435 Thread 0x00000222c05badd0 Thread exited: 0x00000222c05badd0
Event: 22.438 Thread 0x00000222c0608160 Thread exited: 0x00000222c0608160


Dynamic libraries:
0x00007ff7a50d0000 - 0x00007ff7a50e0000 	C:\Program Files\Java\jdk-19\bin\java.exe
0x00007ffb89710000 - 0x00007ffb89905000 	C:\Windows\SYSTEM32\ntdll.dll
0x00007ffb87760000 - 0x00007ffb8781e000 	C:\Windows\System32\KERNEL32.DLL
0x00007ffb870c0000 - 0x00007ffb87389000 	C:\Windows\System32\KERNELBASE.dll
0x00007ffb86fc0000 - 0x00007ffb870c0000 	C:\Windows\System32\ucrtbase.dll
0x00007ffb719c0000 - 0x00007ffb719db000 	C:\Program Files\Java\jdk-19\bin\VCRUNTIME140.dll
0x00007ffb70cd0000 - 0x00007ffb70ce8000 	C:\Program Files\Java\jdk-19\bin\jli.dll
0x00007ffb88c20000 - 0x00007ffb88ccc000 	C:\Windows\System32\ADVAPI32.dll
0x00007ffb88190000 - 0x00007ffb8822e000 	C:\Windows\System32\msvcrt.dll
0x00007ffb879b0000 - 0x00007ffb87a4b000 	C:\Windows\System32\sechost.dll
0x00007ffb87820000 - 0x00007ffb8794a000 	C:\Windows\System32\RPCRT4.dll
0x00007ffb87c20000 - 0x00007ffb87dc1000 	C:\Windows\System32\USER32.dll
0x00007ffb86e30000 - 0x00007ffb86e52000 	C:\Windows\System32\win32u.dll
0x00007ffb71220000 - 0x00007ffb714ba000 	C:\Windows\WinSxS\amd64_microsoft.windows.common-controls_6595b64144ccf1df_6.0.19041.1110_none_60b5254171f9507e\COMCTL32.dll
0x00007ffb87950000 - 0x00007ffb8797b000 	C:\Windows\System32\GDI32.dll
0x00007ffb87510000 - 0x00007ffb8761b000 	C:\Windows\System32\gdi32full.dll
0x00007ffb87470000 - 0x00007ffb8750d000 	C:\Windows\System32\msvcp_win.dll
0x00007ffb7fed0000 - 0x00007ffb7feda000 	C:\Windows\SYSTEM32\VERSION.dll
0x00007ffb87980000 - 0x00007ffb879b0000 	C:\Windows\System32\IMM32.DLL
0x00007ffb7b940000 - 0x00007ffb7b94c000 	C:\Program Files\Java\jdk-19\bin\vcruntime140_1.dll
0x00007ffb59ff0000 - 0x00007ffb5a07e000 	C:\Program Files\Java\jdk-19\bin\msvcp140.dll
0x00007ffb31930000 - 0x00007ffb325f0000 	C:\Program Files\Java\jdk-19\bin\server\jvm.dll
0x00007ffb6a990000 - 0x00007ffb6a999000 	C:\Windows\SYSTEM32\WSOCK32.dll
0x00007ffb69e50000 - 0x00007ffb69e77000 	C:\Windows\SYSTEM32\WINMM.dll
0x00007ffb88340000 - 0x00007ffb883ab000 	C:\Windows\System32\WS2_32.dll
0x00007ffb856b0000 - 0x00007ffb856c2000 	C:\Windows\SYSTEM32\kernel.appcore.dll
0x00007ffb734d0000 - 0x00007ffb734da000 	C:\Program Files\Java\jdk-19\bin\jimage.dll
0x00007ffb84c20000 - 0x00007ffb84e04000 	C:\Windows\SYSTEM32\DBGHELP.DLL
0x00007ffb6d710000 - 0x00007ffb6d73c000 	C:\Windows\SYSTEM32\dbgcore.DLL
0x00007ffb87620000 - 0x00007ffb876a3000 	C:\Windows\System32\bcryptPrimitives.dll
0x00007ffb82700000 - 0x00007ffb8270e000 	C:\Program Files\Java\jdk-19\bin\instrument.dll
0x00007ffb66580000 - 0x00007ffb665a6000 	C:\Program Files\Java\jdk-19\bin\java.dll
0x00007ffb573a0000 - 0x00007ffb57477000 	C:\Program Files\Java\jdk-19\bin\jsvml.dll
0x00007ffb883b0000 - 0x00007ffb88aef000 	C:\Windows\System32\SHELL32.dll
0x00007ffb84f10000 - 0x00007ffb856a0000 	C:\Windows\SYSTEM32\windows.storage.dll
0x00007ffb87dd0000 - 0x00007ffb88125000 	C:\Windows\System32\combase.dll
0x00007ffb86880000 - 0x00007ffb868ac000 	C:\Windows\SYSTEM32\Wldp.dll
0x00007ffb88230000 - 0x00007ffb882de000 	C:\Windows\System32\SHCORE.dll
0x00007ffb87ae0000 - 0x00007ffb87b35000 	C:\Windows\System32\shlwapi.dll
0x00007ffb86d70000 - 0x00007ffb86d8f000 	C:\Windows\SYSTEM32\profapi.dll
0x00007ffb6f420000 - 0x00007ffb6f438000 	C:\Program Files\Java\jdk-19\bin\zip.dll
0x00007ffb70c30000 - 0x00007ffb70c43000 	C:\Program Files\Java\jdk-19\bin\net.dll
0x00007ffb80060000 - 0x00007ffb80168000 	C:\Windows\SYSTEM32\WINHTTP.dll
0x00007ffb86570000 - 0x00007ffb865da000 	C:\Windows\system32\mswsock.dll
0x00007ffb6fe80000 - 0x00007ffb6fe96000 	C:\Program Files\Java\jdk-19\bin\nio.dll
0x00007ffb80da0000 - 0x00007ffb80dba000 	C:\Program Files\JetBrains\IntelliJ IDEA 2023.1.1\bin\breakgen64.dll
0x00007ffb731d0000 - 0x00007ffb731d8000 	C:\Program Files\Java\jdk-19\bin\extnet.dll
0x00007ffb862a0000 - 0x00007ffb8636c000 	C:\Windows\SYSTEM32\DNSAPI.dll
0x00007ffb86260000 - 0x00007ffb8629b000 	C:\Windows\SYSTEM32\IPHLPAPI.DLL
0x00007ffb87a50000 - 0x00007ffb87a58000 	C:\Windows\System32\NSI.dll
0x00007ffb71ad0000 - 0x00007ffb71ada000 	C:\Windows\System32\rasadhlp.dll
0x00007ffb71b10000 - 0x00007ffb71b8f000 	C:\Windows\System32\fwpuclnt.dll
0x00007ffb87390000 - 0x00007ffb873b7000 	C:\Windows\System32\bcrypt.dll
0x00007ffb826f0000 - 0x00007ffb826fa000 	C:\Program Files\Java\jdk-19\bin\management.dll
0x00007ffb80eb0000 - 0x00007ffb80ebb000 	C:\Program Files\Java\jdk-19\bin\management_ext.dll
0x00007ffb88af0000 - 0x00007ffb88af8000 	C:\Windows\System32\PSAPI.DLL
0x00007ffb867d0000 - 0x00007ffb867e8000 	C:\Windows\SYSTEM32\CRYPTSP.dll
0x00007ffb85ef0000 - 0x00007ffb85f24000 	C:\Windows\system32\rsaenh.dll
0x00007ffb86d30000 - 0x00007ffb86d5e000 	C:\Windows\SYSTEM32\USERENV.dll
0x00007ffb867f0000 - 0x00007ffb867fc000 	C:\Windows\SYSTEM32\CRYPTBASE.dll
0x00007ffb7b900000 - 0x00007ffb7b917000 	C:\Windows\SYSTEM32\dhcpcsvc6.DLL
0x00007ffb7c480000 - 0x00007ffb7c49d000 	C:\Windows\SYSTEM32\dhcpcsvc.DLL
0x00007ffb6aaa0000 - 0x00007ffb6aab7000 	C:\Windows\system32\napinsp.dll
0x00007ffb6aa80000 - 0x00007ffb6aa9b000 	C:\Windows\system32\pnrpnsp.dll
0x00007ffb816f0000 - 0x00007ffb81705000 	C:\Windows\system32\wshbth.dll
0x00007ffb82170000 - 0x00007ffb8218d000 	C:\Windows\system32\NLAapi.dll
0x00007ffb6aa60000 - 0x00007ffb6aa72000 	C:\Windows\System32\winrnr.dll
0x00007ffb70f20000 - 0x00007ffb70f30000 	C:\Program Files\Java\jdk-19\bin\verify.dll
0x00007ffb7cc10000 - 0x00007ffb7cc1e000 	C:\Program Files\Java\jdk-19\bin\sunmscapi.dll
0x00007ffb86e60000 - 0x00007ffb86fb6000 	C:\Windows\System32\CRYPT32.dll
0x00007ffb868f0000 - 0x00007ffb86917000 	C:\Windows\SYSTEM32\ncrypt.dll
0x00007ffb868b0000 - 0x00007ffb868eb000 	C:\Windows\SYSTEM32\NTASN1.dll
0x00007ffb80200000 - 0x00007ffb80207000 	C:\Windows\system32\wshunix.dll

dbghelp: loaded successfully - version: 4.0.5 - missing functions: none
symbol engine: initialized successfully - sym options: 0x614 - pdb path: .;C:\Program Files\Java\jdk-19\bin;C:\Windows\SYSTEM32;C:\Windows\WinSxS\amd64_microsoft.windows.common-controls_6595b64144ccf1df_6.0.19041.1110_none_60b5254171f9507e;C:\Program Files\Java\jdk-19\bin\server;C:\Program Files\JetBrains\IntelliJ IDEA 2023.1.1\bin

VM Arguments:
jvm_args: -XX:TieredStopAtLevel=1 -Dspring.output.ansi.enabled=always -Dcom.sun.management.jmxremote -Dspring.jmx.enabled=true -Dspring.liveBeansView.mbeanDomain -Dspring.application.admin.enabled=true -Dmanagement.endpoints.jmx.exposure.include=* -javaagent:C:\Program Files\JetBrains\IntelliJ IDEA 2023.1.1\lib\idea_rt.jar=65106:C:\Program Files\JetBrains\IntelliJ IDEA 2023.1.1\bin -Dfile.encoding=UTF-8 -Dsun.stdout.encoding=UTF-8 -Dsun.stderr.encoding=UTF-8 
java_command: com.example.demokankretnalast.DemoKankretnaLastApplication
java_class_path (initial): C:\Users\\Desktop\frameworks\SPRING\demo-kankretna-last\target\classes;C:\Users\\.m2\repository\org\springframework\boot\spring-boot-starter-security\3.0.4\spring-boot-starter-security-3.0.4.jar;C:\Users\\.m2\repository\org\springframework\boot\spring-boot-starter\3.0.4\spring-boot-starter-3.0.4.jar;C:\Users\\.m2\repository\org\springframework\boot\spring-boot-starter-logging\3.0.4\spring-boot-starter-logging-3.0.4.jar;C:\Users\\.m2\repository\ch\qos\logback\logback-classic\1.4.5\logback-classic-1.4.5.jar;C:\Users\\.m2\repository\ch\qos\logback\logback-core\1.4.5\logback-core-1.4.5.jar;C:\Users\\.m2\repository\org\apache\logging\log4j\log4j-to-slf4j\2.19.0\log4j-to-slf4j-2.19.0.jar;C:\Users\\.m2\repository\org\apache\logging\log4j\log4j-api\2.19.0\log4j-api-2.19.0.jar;C:\Users\\.m2\repository\org\slf4j\jul-to-slf4j\2.0.6\jul-to-slf4j-2.0.6.jar;C:\Users\\.m2\repository\jakarta\annotation\jakarta.annotation-api\2.1.1\jakarta.annotation-api-2.1.1.jar;C:\Users\\.m2\repository\org\yaml\snakeyaml\1.33\snakeyaml-1.33.jar;C:\Users\\.m2\repository\org\springframework\spring-aop\6.0.6\spring-aop-6.0.6.jar;C:\Users\\.m2\repository\org\springframework\spring-beans\6.0.6\spring-beans-6.0.6.jar;C:\Users\\.m2\repository\org\springframework\security\spring-security-config\6.0.2\spring-security-config-6.0.2.jar;C:\Users\\.m2\repository\org\springframework\spring-context\6.0.6\spring-context-6.0.6.jar;C:\Users\\.m2\repository\org\springframework\security\spring-security-web\6.0.2\spring-security-web-6.0.2.jar;C:\Users\\.m2\repository\org\springframework\spring-expression\6.0.6\spring-expression-6.0.6.jar;C:\Users\\.m2\repository\org\springframework\boot\spring-boot-devtools\3.0.4\spring-boot-devtools-3.0.4.jar;C:\Users\\.m2\repository\org\springframework\boot\spring-boot\3.0.4\spring-boot-3.0.4.jar;C:\Users\\.m2\repository\org\springframework\boot\spring-boot-autoconfigure\3.0.4\spring-boot-autoconfigure-3.0.4.jar;C:\Users\\.m2\repository\org\springframework\security\spring-security-core\6.0.2\spring-security-core-6.0.2.jar;C:\Users\\.m2\repository\org\springframework\security\spring-security-crypto\6.0.2\spring-security-crypto-6.0.2.jar;C:\Users\\.m2\repository\io\micrometer\micrometer-observation\1.10.4\micrometer-observation-1.10.4.jar;C:\Users\\.m2\repository\io\micrometer\micrometer-commons\1.10.4\micrometer-commons-1.10.4.jar;C:\Users\\.m2\repository\org\springframework\spring-core\6.0.6\spring-core-6.0.6.jar;C:\Users\\.m2\repository\org\springframework\spring-jcl\6.0.6\spring-jcl-6.0.6.jar;C:\Users\\.m2\repository\org\thymeleaf\extras\thymeleaf-extras-springsecurity6\3.1.1.RELEASE\thymeleaf-extras-springsecurity6-3.1.1.RELEASE.jar;C:\Users\\.m2\repository\org\thymeleaf\thymeleaf-spring6\3.1.1.RELEASE\thymeleaf-spring6-3.1.1.RELEASE.jar;C:\Users\\.m2\repository\org\thymeleaf\thymeleaf\3.1.1.RELEASE\thymeleaf-3.1.1.RELEASE.jar;C:\Users\\.m2\repository\org\attoparser\attoparser\2.0.6.RELEASE\attoparser-2.0.6.RELEASE.jar;C:\Users\\.m2\repository\org\unbescape\unbescape\1.1.6.RELEASE\unbescape-1.1.6.RELEASE.jar;C:\Users\\.m2\repository\org\slf4j\slf4j-api\2.0.6\slf4j-api-2.0.6.jar;C:\Users\\.m2\repository\org\springframework\boot\spring-boot-starter-data-jpa\3.0.4\spring-boot-starter-data-jpa-3.0.4.jar;C:\Users\\.m2\repository\org\springframework\boot\spring-boot-starter-aop\3.0.4\spring-boot-starter-aop-3.0.4.jar;C:\Users\\.m2\repository\org\aspectj\aspectjweaver\1.9.19\aspectjweaver-1.9.19.jar;C:\Users\\.m2\repository\org\springframework\boot\spring-boot-starter-jdbc\3.0.4\spring-boot-starter-jdbc-3.0.4.jar;C:\Users\\.m2\repository\com\zaxxer\HikariCP\5.0.1\HikariCP-5.0.1.jar;C:\Users\\.m2\repository\org\springframework\spring-jdbc\6.0.6\spring-jdbc-6.0.6.jar;C:\Users\\.m2\repository\org\hibernate\orm\hibernate-core\6.1.7.Final\hibernate-core-6.1.7.Final.jar;C:\Users\\.m2\repository\jakarta\persistence\jakarta.persistence-api\3.1.0\jakarta.persistence-api-3.1.0.jar;C:\Users\\.m2\repository\jakarta\transaction\jakarta.transaction-api\2.0.1\jakarta.transaction-api-2.0.1.jar;C:\Users\\.m2\repository\org\jboss\logging\jboss-logging\3.5.0.Final\jboss-logging-3.5.0.Final.jar;C:\Users\\.m2\repository\org\hibernate\common\hibernate-commons-annotations\6.0.6.Final\hibernate-commons-annotations-6.0.6.Final.jar;C:\Users\\.m2\repository\org\jboss\jandex\2.4.2.Final\jandex-2.4.2.Final.jar;C:\Users\\.m2\repository\com\fasterxml\classmate\1.5.1\classmate-1.5.1.jar;C:\Users\\.m2\repository\net\bytebuddy\byte-buddy\1.12.23\byte-buddy-1.12.23.jar;C:\Users\\.m2\repository\org\glassfish\jaxb\jaxb-runtime\4.0.2\jaxb-runtime-4.0.2.jar;C:\Users\\.m2\repository\org\glassfish\jaxb\jaxb-core\4.0.2\jaxb-core-4.0.2.jar;C:\Users\\.m2\repository\org\glassfish\jaxb\txw2\4.0.2\txw2-4.0.2.jar;C:\Users\\.m2\repository\com\sun\istack\istack-commons-runtime\4.1.1\istack-commons-runtime-4.1.1.jar;C:\Users\\.m2\repository\jakarta\inject\jakarta.inject-api\2.0.0\jakarta.inject-api-2.0.0.jar;C:\Users\\.m2\repository\org\antlr\antlr4-runtime\4.10.1\antlr4-runtime-4.10.1.jar;C:\Users\\.m2\repository\org\springframework\data\spring-data-jpa\3.0.3\spring-data-jpa-3.0.3.jar;C:\Users\\.m2\repository\org\springframework\data\spring-data-commons\3.0.3\spring-data-commons-3.0.3.jar;C:\Users\\.m2\repository\org\springframework\spring-orm\6.0.6\spring-orm-6.0.6.jar;C:\Users\\.m2\repository\org\springframework\spring-tx\6.0.6\spring-tx-6.0.6.jar;C:\Users\\.m2\repository\org\springframework\spring-aspects\6.0.6\spring-aspects-6.0.6.jar;C:\Users\\.m2\repository\org\springframework\boot\spring-boot-starter-thymeleaf\3.0.4\spring-boot-starter-thymeleaf-3.0.4.jar;C:\Users\\.m2\repository\org\springframework\boot\spring-boot-starter-mail\3.0.4\spring-boot-starter-mail-3.0.4.jar;C:\Users\\.m2\repository\org\springframework\spring-context-support\6.0.6\spring-context-support-6.0.6.jar;C:\Users\\.m2\repository\org\eclipse\angus\jakarta.mail\1.0.0\jakarta.mail-1.0.0.jar;C:\Users\\.m2\repository\jakarta\activation\jakarta.activation-api\2.1.1\jakarta.activation-api-2.1.1.jar;C:\Users\\.m2\repository\org\eclipse\angus\angus-activation\2.0.0\angus-activation-2.0.0.jar;C:\Users\\.m2\repository\org\springframework\boot\spring-boot-starter-web\3.0.4\spring-boot-starter-web-3.0.4.jar;C:\Users\\.m2\repository\org\springframework\boot\spring-boot-starter-json\3.0.4\spring-boot-starter-json-3.0.4.jar;C:\Users\\.m2\repository\com\fasterxml\jackson\core\jackson-databind\2.14.2\jackson-databind-2.14.2.jar;C:\Users\\.m2\repository\com\fasterxml\jackson\core\jackson-annotations\2.14.2\jackson-annotations-2.14.2.jar;C:\Users\\.m2\repository\com\fasterxml\jackson\core\jackson-core\2.14.2\jackson-core-2.14.2.jar;C:\Users\\.m2\repository\com\fasterxml\jackson\datatype\jackson-datatype-jdk8\2.14.2\jackson-datatype-jdk8-2.14.2.jar;C:\Users\\.m2\repository\com\fasterxml\jackson\datatype\jackson-datatype-jsr310\2.14.2\jackson-datatype-jsr310-2.14.2.jar;C:\Users\\.m2\repository\com\fasterxml\jackson\module\jackson-module-parameter-names\2.14.2\jackson-module-parameter-names-2.14.2.jar;C:\Users\\.m2\repository\org\springframework\boot\spring-boot-starter-tomcat\3.0.4\spring-boot-starter-tomcat-3.0.4.jar;C:\Users\\.m2\repository\org\apache\tomcat\embed\tomcat-embed-core\10.1.5\tomcat-embed-core-10.1.5.jar;C:\Users\\.m2\repository\org\apache\tomcat\embed\tomcat-embed-el\10.1.5\tomcat-embed-el-10.1.5.jar;C:\Users\\.m2\repository\org\apache\tomcat\embed\tomcat-embed-websocket\10.1.5\tomcat-embed-websocket-10.1.5.jar;C:\Users\\.m2\repository\org\springframework\spring-web\6.0.6\spring-web-6.0.6.jar;C:\Users\\.m2\repository\org\springframework\spring-webmvc\6.0.6\spring-webmvc-6.0.6.jar;C:\Users\\.m2\repository\org\postgresql\postgresql\42.5.4\postgresql-42.5.4.jar;C:\Users\\.m2\repository\org\checkerframework\checker-qual\3.5.0\checker-qual-3.5.0.jar;C:\Users\\.m2\repository\org\projectlombok\lombok\1.18.26\lombok-1.18.26.jar;C:\Users\\.m2\repository\jakarta\xml\bind\jakarta.xml.bind-api\4.0.0\jakarta.xml.bind-api-4.0.0.jar
Launcher Type: SUN_STANDARD

[Global flags]
     intx CICompilerCount                          = 4                                         {product} {ergonomic}
     uint ConcGCThreads                            = 2                                         {product} {ergonomic}
     uint G1ConcRefinementThreads                  = 8                                         {product} {ergonomic}
   size_t G1HeapRegionSize                         = 1048576                                   {product} {ergonomic}
    uintx GCDrainStackTargetSize                   = 64                                        {product} {ergonomic}
   size_t InitialHeapSize                          = 130023424                                 {product} {ergonomic}
     bool ManagementServer                         = true                                      {product} {command line}
   size_t MarkStackSize                            = 4194304                                   {product} {ergonomic}
   size_t MaxHeapSize                              = 2067791872                                {product} {ergonomic}
   size_t MaxNewSize                               = 1240465408                                {product} {ergonomic}
   size_t MinHeapDeltaBytes                        = 1048576                                   {product} {ergonomic}
   size_t MinHeapSize                              = 8388608                                   {product} {ergonomic}
    uintx NonProfiledCodeHeapSize                  = 0                                      {pd product} {ergonomic}
     bool ProfileInterpreter                       = false                                  {pd product} {command line}
    uintx ProfiledCodeHeapSize                     = 0                                      {pd product} {ergonomic}
   size_t SoftMaxHeapSize                          = 2067791872                             {manageable} {ergonomic}
     intx TieredStopAtLevel                        = 1                                         {product} {command line}
     bool UseCompressedClassPointers               = true                           {product lp64_product} {ergonomic}
     bool UseCompressedOops                        = true                           {product lp64_product} {ergonomic}
     bool UseG1GC                                  = true                                      {product} {ergonomic}
     bool UseLargePagesIndividualAllocation        = false                                  {pd product} {ergonomic}

Logging:
Log output configuration:
 #0: stdout all=warning uptime,level,tags foldmultilines=false
 #1: stderr all=off uptime,level,tags foldmultilines=false

Environment Variables:
JAVA_HOME=C:\Program Files\Java\jdk-19
PATH=C:\Program Files\Common Files\Oracle\Java\javapath;C:\Windows\system32;C:\Windows;C:\Windows\System32\Wbem;C:\Windows\System32\WindowsPowerShell\v1.0\;C:\Program Files\Git\cmd;C:\Program Files\Java\jdk-19\bin;C:\Program Files\nodejs\;C:\Program Files\MySQL\MySQL Shell 8.0\bin\;C:\Users\\AppData\Local\Microsoft\WindowsApps;C:\Users\\AppData\Local\Programs\Microsoft VS Code\bin;C:\Program Files\JetBrains\PyCharm Community Edition 2022.2.3\bin;;C:\Users\\AppData\Local\GitHubDesktop\bin;C:\Users\\AppData\Roaming\npm;C:\Program Files\JetBrains\IntelliJ IDEA 2023.1.1\bin;
USERNAME=
OS=Windows_NT
PROCESSOR_IDENTIFIER=Intel64 Family 6 Model 140 Stepping 1, GenuineIntel
TMP=C:\Users\46FB~1\AppData\Local\Temp
TEMP=C:\Users\46FB~1\AppData\Local\Temp



---------------  S Y S T E M  ---------------

OS:
 Windows 10 , 64 bit Build 19041 (10.0.19041.1202)
OS uptime: 0 days 2:55 hours

CPU: total 8 (initial active 8) (4 cores per cpu, 2 threads per core) family 6 model 140 stepping 1 microcode 0xa4, cx8, cmov, fxsr, ht, mmx, 3dnowpref, sse, sse2, sse3, ssse3, sse4.1, sse4.2, popcnt, lzcnt, tsc, tscinvbit, avx, avx2, aes, erms, clmul, bmi1, bmi2, adx, avx512f, avx512dq, avx512cd, avx512bw, avx512vl, sha, fma, vzeroupper, avx512_vpopcntdq, avx512_vpclmulqdq, avx512_vaes, avx512_vnni, clflush, clflushopt, clwb, avx512_vbmi2, avx512_vbmi, rdtscp, rdpid, fsrm, gfni, avx512_bitalg

Memory: 4k page, system-wide physical 7883M (394M free)
TotalPageFile size 7883M (AvailPageFile size 117M)
current process WorkingSet (physical memory assigned to process): 305M, peak: 305M
current process commit charge ("private bytes"): 354M, peak: 571M

vm_info: Java HotSpot(TM) 64-Bit Server VM (19.0.2+7-44) for windows-amd64 JRE (19.0.2+7-44), built on 2022-11-30T18:02:09Z by "mach5one" with MS VC++ 17.1 (VS2022)

END.
