#
# There is insufficient memory for the Java Runtime Environment to continue.
# Native memory allocation (mmap) failed to map 65536 bytes for Failed to commit metaspace.
# Possible reasons:
#   The system is out of physical RAM or swap space
#   The process is running with CompressedOops enabled, and the Java Heap may be blocking the growth of the native heap
# Possible solutions:
#   Reduce memory load on the system
#   Increase physical memory or swap space
#   Check if swap backing store is full
#   Decrease Java heap size (-Xmx/-Xms)
#   Decrease number of Java threads
#   Decrease Java thread stack sizes (-Xss)
#   Set larger code cache with -XX:ReservedCodeCacheSize=
#   JVM is running with Unscaled Compressed Oops mode in which the Java heap is
#     placed in the first 4GB address space. The Java Heap base address is the
#     maximum limit for the native heap growth. Please use -XX:HeapBaseMinAddress
#     to set the Java Heap base and to place the Java Heap above 4GB virtual address.
# This output file may be truncated or incomplete.
#
#  Out of Memory Error (virtualSpaceNode.cpp:110), pid=5816, tid=9312
#
# JRE version: Java(TM) SE Runtime Environment (19.0.2+7) (build 19.0.2+7-44)
# Java VM: Java HotSpot(TM) 64-Bit Server VM (19.0.2+7-44, mixed mode, emulated-client, sharing, tiered, compressed oops, compressed class ptrs, g1 gc, windows-amd64)
# No core dump will be written. Minidumps are not enabled by default on client versions of Windows
#

---------------  S U M M A R Y ------------

Command Line: -XX:TieredStopAtLevel=1 -Dspring.output.ansi.enabled=always -Dcom.sun.management.jmxremote -Dspring.jmx.enabled=true -Dspring.liveBeansView.mbeanDomain -Dspring.application.admin.enabled=true -Dmanagement.endpoints.jmx.exposure.include=* -javaagent:C:\Program Files\JetBrains\IntelliJ IDEA 2023.1.1\lib\idea_rt.jar=60081:C:\Program Files\JetBrains\IntelliJ IDEA 2023.1.1\bin -Dfile.encoding=UTF-8 -Dsun.stdout.encoding=UTF-8 -Dsun.stderr.encoding=UTF-8 com.example.demokankretnalast.DemoKankretnaLastApplication

Host: 11th Gen Intel(R) Core(TM) i7-1165G7 @ 2.80GHz, 8 cores, 7G,  Windows 10 , 64 bit Build 19041 (10.0.19041.1202)
Time: Sun May  7 18:25:05 2023  Windows 10 , 64 bit Build 19041 (10.0.19041.1202) elapsed time: 1.097231 seconds (0d 0h 0m 1s)

---------------  T H R E A D  ---------------

Current thread (0x0000026e31982700):  JavaThread "JMX server connection timeout 39" daemon [_thread_in_vm, id=9312, stack(0x000000c3b1a00000,0x000000c3b1b00000)]

Stack: [0x000000c3b1a00000,0x000000c3b1b00000]
Native frames: (J=compiled Java code, j=interpreted, Vv=VM code, C=native code)
V  [jvm.dll+0x6ee21a]
V  [jvm.dll+0x85765e]
V  [jvm.dll+0x85904e]
V  [jvm.dll+0x859703]
V  [jvm.dll+0x28298f]
V  [jvm.dll+0x8532db]
V  [jvm.dll+0x692cb6]
V  [jvm.dll+0x1f2937]
V  [jvm.dll+0x6956f2]
V  [jvm.dll+0x6954de]
V  [jvm.dll+0x6936de]
V  [jvm.dll+0x26f546]
V  [jvm.dll+0x21ea57]
V  [jvm.dll+0x2146a1]
V  [jvm.dll+0x5a9cb6]
V  [jvm.dll+0x7cd5d8]
V  [jvm.dll+0x7cd4fa]
V  [jvm.dll+0x46b2ad]
V  [jvm.dll+0x47d46d]
C  [java.dll+0x1657]

Java frames: (J=compiled Java code, j=interpreted, Vv=VM code)
J 2126  java.lang.ClassLoader.defineClass0(Ljava/lang/ClassLoader;Ljava/lang/Class;Ljava/lang/String;[BIILjava/security/ProtectionDomain;ZILjava/lang/Object;)Ljava/lang/Class; java.base@19.0.2 (0 bytes) @ 0x0000026e22539fb1 [0x0000026e22539ec0+0x00000000000000f1]
J 2125 c1 java.lang.System$2.defineClass(Ljava/lang/ClassLoader;Ljava/lang/Class;Ljava/lang/String;[BLjava/security/ProtectionDomain;ZILjava/lang/Object;)Ljava/lang/Class; java.base@19.0.2 (21 bytes) @ 0x0000026e2253a72c [0x0000026e2253a6c0+0x000000000000006c]
J 2124 c1 java.lang.invoke.MethodHandles$Lookup$ClassDefiner.defineClass(ZLjava/lang/Object;)Ljava/lang/Class; java.base@19.0.2 (97 bytes) @ 0x0000026e2253ac3c [0x0000026e2253aa60+0x00000000000001dc]
j  java.lang.invoke.InvokerBytecodeGenerator.loadMethod([B)Ljava/lang/invoke/MemberName;+19 java.base@19.0.2
j  java.lang.invoke.InvokerBytecodeGenerator.generateCustomizedCode(Ljava/lang/invoke/LambdaForm;Ljava/lang/invoke/MethodType;)Ljava/lang/invoke/MemberName;+30 java.base@19.0.2
j  java.lang.invoke.LambdaForm.compileToBytecode()V+69 java.base@19.0.2
j  java.lang.invoke.DirectMethodHandle.makePreparedLambdaForm(Ljava/lang/invoke/MethodType;I)Ljava/lang/invoke/LambdaForm;+792 java.base@19.0.2
J 952 c1 java.lang.invoke.DirectMethodHandle.preparedLambdaForm(Ljava/lang/invoke/MemberName;Z)Ljava/lang/invoke/LambdaForm; java.base@19.0.2 (244 bytes) @ 0x0000026e2235da4c [0x0000026e2235d7e0+0x000000000000026c]
J 1584 c1 java.lang.invoke.DirectMethodHandle.make(BLjava/lang/Class;Ljava/lang/invoke/MemberName;Ljava/lang/Class;)Ljava/lang/invoke/DirectMethodHandle; java.base@19.0.2 (275 bytes) @ 0x0000026e2246260c [0x0000026e22461fa0+0x000000000000066c]
J 1587 c1 java.lang.invoke.DirectMethodHandle.make(Ljava/lang/invoke/MemberName;)Ljava/lang/invoke/DirectMethodHandle; java.base@19.0.2 (21 bytes) @ 0x0000026e2246383c [0x0000026e224637c0+0x000000000000007c]
j  java.lang.invoke.Invokers.basicInvoker()Ljava/lang/invoke/MethodHandle;+60 java.base@19.0.2
j  java.lang.invoke.LambdaForm$NamedFunction.<init>(Ljava/lang/invoke/MethodType;)V+42 java.base@19.0.2
j  java.lang.invoke.LambdaForm$Name.<init>(Ljava/lang/invoke/MethodType;[Ljava/lang/Object;)V+6 java.base@19.0.2
j  java.lang.invoke.LambdaFormEditor.makeArgumentCombinationForm(ILjava/lang/invoke/MethodType;[IZZ)Ljava/lang/invoke/LambdaForm;+462 java.base@19.0.2
j  java.lang.invoke.LambdaFormEditor.foldArgumentsForm(IZLjava/lang/invoke/MethodType;[I)Ljava/lang/invoke/LambdaForm;+81 java.base@19.0.2
j  java.lang.invoke.MethodHandles.argumentsWithCombiner(ZLjava/lang/invoke/MethodHandle;ILjava/lang/invoke/MethodHandle;[I)Ljava/lang/invoke/MethodHandle;+94 java.base@19.0.2
j  java.lang.invoke.MethodHandles.foldArgumentsWithCombiner(Ljava/lang/invoke/MethodHandle;ILjava/lang/invoke/MethodHandle;[I)Ljava/lang/invoke/MethodHandle;+5 java.base@19.0.2
j  java.lang.invoke.StringConcatFactory.foldInLastMixers(Ljava/lang/invoke/MethodHandle;JI[Ljava/lang/Class;I)Ljava/lang/invoke/MethodHandle;+230 java.base@19.0.2
j  java.lang.invoke.StringConcatFactory.filterAndFoldInMixers(Ljava/lang/invoke/MethodHandle;J[Ljava/lang/Class;)Ljava/lang/invoke/MethodHandle;+85 java.base@19.0.2
j  java.lang.invoke.StringConcatFactory.generateMHInlineCopy(Ljava/lang/invoke/MethodType;[Ljava/lang/String;)Ljava/lang/invoke/MethodHandle;+418 java.base@19.0.2
j  java.lang.invoke.StringConcatFactory.makeConcatWithConstants(Ljava/lang/invoke/MethodHandles$Lookup;Ljava/lang/String;Ljava/lang/invoke/MethodType;Ljava/lang/String;[Ljava/lang/Object;)Ljava/lang/invoke/CallSite;+220 java.base@19.0.2
j  java.lang.invoke.DirectMethodHandle$Holder.invokeStatic(Ljava/lang/Object;Ljava/lang/Object;Ljava/lang/Object;Ljava/lang/Object;Ljava/lang/Object;Ljava/lang/Object;)Ljava/lang/Object;+18 java.base@19.0.2
j  java.lang.invoke.DelegatingMethodHandle$Holder.delegate(Ljava/lang/Object;Ljava/lang/Object;Ljava/lang/Object;Ljava/lang/Object;Ljava/lang/Object;Ljava/lang/Object;)Ljava/lang/Object;+21 java.base@19.0.2
J 1823 c1 java.lang.invoke.BootstrapMethodInvoker.invoke(Ljava/lang/Class;Ljava/lang/invoke/MethodHandle;Ljava/lang/String;Ljava/lang/Object;Ljava/lang/Object;Ljava/lang/Class;)Ljava/lang/Object; java.base@19.0.2 (974 bytes) @ 0x0000026e224c619c [0x0000026e224c4960+0x000000000000183c]
J 1822 c1 java.lang.invoke.CallSite.makeSite(Ljava/lang/invoke/MethodHandle;Ljava/lang/String;Ljava/lang/invoke/MethodType;Ljava/lang/Object;Ljava/lang/Class;)Ljava/lang/invoke/CallSite; java.base@19.0.2 (91 bytes) @ 0x0000026e224c0ee4 [0x0000026e224c0ea0+0x0000000000000044]
J 1821 c1 java.lang.invoke.MethodHandleNatives.linkCallSiteImpl(Ljava/lang/Class;Ljava/lang/invoke/MethodHandle;Ljava/lang/String;Ljava/lang/invoke/MethodType;Ljava/lang/Object;[Ljava/lang/Object;)Ljava/lang/invoke/MemberName; java.base@19.0.2 (44 bytes) @ 0x0000026e224be934 [0x0000026e224be900+0x0000000000000034]
J 1820 c1 java.lang.invoke.MethodHandleNatives.linkCallSite(Ljava/lang/Object;Ljava/lang/Object;Ljava/lang/Object;Ljava/lang/Object;Ljava/lang/Object;[Ljava/lang/Object;)Ljava/lang/invoke/MemberName; java.base@19.0.2 (65 bytes) @ 0x0000026e224be1ec [0x0000026e224be0e0+0x000000000000010c]
v  ~StubRoutines::call_stub 0x0000026e21f510e8
j  com.sun.jmx.remote.internal.ServerCommunicatorAdmin.logtime(Ljava/lang/String;J)V+7 java.management@19.0.2
j  com.sun.jmx.remote.internal.ServerCommunicatorAdmin$Timeout.run()V+47 java.management@19.0.2
j  java.lang.Thread.run()V+13 java.base@19.0.2
v  ~StubRoutines::call_stub 0x0000026e21f510e8

Compiled method (n/a)    1124 2126     n 0       java.lang.ClassLoader::defineClass0 (native)
 total in heap  [0x0000026e22539d10,0x0000026e2253a490] = 1920
 relocation     [0x0000026e22539e70,0x0000026e22539ea8] = 56
 main code      [0x0000026e22539ec0,0x0000026e2253a490] = 1488

[Constant Pool (empty)]

[MachCode]
[Entry Point]
  # {method} {0x00000008004355f8} 'defineClass0' '(Ljava/lang/ClassLoader;Ljava/lang/Class;Ljava/lang/String;[BIILjava/security/ProtectionDomain;ZILjava/lang/Object;)Ljava/lang/Class;' in 'java/lang/ClassLoader'
  # parm0:    rdx:rdx   = 'java/lang/ClassLoader'
  # parm1:    r8:r8     = 'java/lang/Class'
  # parm2:    r9:r9     = 'java/lang/String'
  # parm3:    rdi:rdi   = '[B'
  # parm4:    rsi       = int
  # parm5:    rcx       = int
  # parm6:    [sp+0xb0]   = 'java/security/ProtectionDomain'  (sp of caller)
  # parm7:    [sp+0xb8]   = boolean
  # parm8:    [sp+0xc0]   = int
  # parm9:    [sp+0xc8]   = 'java/lang/Object'
  0x0000026e22539ec0: 448b 5208 | 49bb 0000 | 0000 0800 | 0000 4d03 | d349 3bc2 | 0f84 0600 

  0x0000026e22539ed8: ;   {runtime_call ic_miss_stub}
  0x0000026e22539ed8: 0000 e9a1 | 80a7 ff90 
[Verified Entry Point]
  0x0000026e22539ee0: 8984 2400 | 90ff ff55 | 488b ec48 | 81ec a000 | 0000 4881 | 7d28 0000 | 0000 488d | 4528 480f 
  0x0000026e22539f00: 4445 2848 | 8944 2458 | 4863 4520 | 4889 4424 | 5048 6345 | 1848 8944 | 2448 4881 | 7d10 0000 
  0x0000026e22539f20: 0000 488d | 4510 480f | 4445 1048 | 8944 2440 | 4889 4c24 | 3848 8974 | 2430 4889 | 7c24 7848 
  0x0000026e22539f40: 83ff 0048 | 8d44 2478 | 480f 4444 | 2478 4889 | 4424 284c | 894c 2470 | 4983 f900 | 488d 4424 
  0x0000026e22539f60: 7048 0f44 | 4424 7048 | 8944 2420 | 4c89 4424 | 6849 83f8 | 004c 8d4c | 2468 4c0f | 444c 2468 
  0x0000026e22539f80: 4889 5424 | 6048 83fa | 004c 8d44 | 2460 4c0f | 4444 2460 

  0x0000026e22539f94: ;   {oop(a 'java/lang/Class'{0x00000000850ad0c0} = 'java/lang/ClassLoader')}
  0x0000026e22539f94: 49be c0d0 | 0a85 0000 | 0000 4c89 | b424 9000 | 0000 4c8d | b424 9000 | 0000 498b | d6c5 f877 
  0x0000026e22539fb4: ;   {internal_word}
  0x0000026e22539fb4: 49ba b19f | 5322 6e02 | 0000 4d89 | 97c8 0200 | 0049 89a7 | c002 0000 

  0x0000026e22539fcc: ;   {external_word}
  0x0000026e22539fcc: 49ba c984 | 24cf fa7f | 0000 4180 | 3a00 0f84 | 5000 0000 | 5241 5041 

  0x0000026e22539fe4: ;   {metadata({method} {0x00000008004355f8} 'defineClass0' '(Ljava/lang/ClassLoader;Ljava/lang/Class;Ljava/lang/String;[BIILjava/security/ProtectionDomain;ZILjava/lang/Object;)Ljava/lang/Class;' in 'java/lang/ClassLoader')}
  0x0000026e22539fe4: 5148 baf0 | 5543 0008 | 0000 0049 | 8bcf 4883 | ec20 40f6 | c40f 0f84 | 1a00 0000 | 4883 ec08 
  0x0000026e2253a004: ;   {runtime_call}
  0x0000026e2253a004: 49ba d027 | dcce fa7f | 0000 41ff | d248 83c4 | 08e9 0d00 

  0x0000026e2253a018: ;   {runtime_call}
  0x0000026e2253a018: 0000 49ba | d027 dcce | fa7f 0000 | 41ff d248 | 83c4 2041 | 5941 585a | 498d 8fe0 | 0200 0041 
  0x0000026e2253a038: c787 7403 | 0000 0400 

  0x0000026e2253a040: ;   {runtime_call}
  0x0000026e2253a040: 0000 49ba | 1c15 7802 | fb7f 0000 | 41ff d2c5 | f877 41c7 | 8774 0300 | 0005 0000 | 00f0 8344 
  0x0000026e2253a060: 24c0 0049 | 3baf 7803 | 0000 0f87 | 1100 0000 | 4181 bf70 | 0300 0000 | 0000 000f | 842c 0000 
  0x0000026e2253a080: 00c5 f877 | 4889 45f8 | 498b cf4c | 8be4 4883 | ec20 4883 

  0x0000026e2253a094: ;   {runtime_call}
  0x0000026e2253a094: e4f0 49ba | 0015 e7ce | fa7f 0000 | 41ff d249 | 8be4 4d33 | e448 8b45 | f841 c787 | 7403 0000 
  0x0000026e2253a0b4: 0800 0000 | 4181 bfe8 | 0300 0002 | 0000 000f | 8499 0300 

  0x0000026e2253a0c8: ;   {external_word}
  0x0000026e2253a0c8: 0049 bac9 | 8424 cffa | 7f00 0041 | 803a 000f | 844e 0000 | 0048 8945 

  0x0000026e2253a0e0: ;   {metadata({method} {0x00000008004355f8} 'defineClass0' '(Ljava/lang/ClassLoader;Ljava/lang/Class;Ljava/lang/String;[BIILjava/security/ProtectionDomain;ZILjava/lang/Object;)Ljava/lang/Class;' in 'java/lang/ClassLoader')}
  0x0000026e2253a0e0: f848 baf0 | 5543 0008 | 0000 0049 | 8bcf 4883 | ec20 40f6 | c40f 0f84 | 1a00 0000 | 4883 ec08 
  0x0000026e2253a100: ;   {runtime_call}
  0x0000026e2253a100: 49ba d027 | dcce fa7f | 0000 41ff | d248 83c4 | 08e9 0d00 

  0x0000026e2253a114: ;   {runtime_call}
  0x0000026e2253a114: 0000 49ba | d027 dcce | fa7f 0000 | 41ff d248 | 83c4 2048 | 8b45 f849 | c787 c002 | 0000 0000 
  0x0000026e2253a134: 0000 49c7 | 87c8 0200 | 0000 0000 | 00c5 f877 | 4885 c00f | 84ef 0200 | 00a8 010f | 84e4 0200 
  0x0000026e2253a154: 0048 8b40 | ff41 807f | 4000 0f84 | d002 0000 | 4883 f800 | 0f84 c602 | 0000 498b | 4f28 4883 
  0x0000026e2253a174: f900 0f84 | 1400 0000 | 4883 e908 | 4989 4f28 | 4903 4f38 | 4889 01e9 | a402 0000 | 4881 ec50 
  0x0000026e2253a194: 0100 0048 | 8904 2448 | 894c 2408 | 4889 5424 | 1048 8974 | 2418 4889 | 7c24 204c | 8944 2428 
  0x0000026e2253a1b4: 4c89 4c24 | 304c 8954 | 2438 4c89 | 5c24 40c5 | fb11 4424 | 50c5 fb11 | 4c24 58c5 | fb11 5424 
  0x0000026e2253a1d4: 60c5 fb11 | 5c24 68c5 | fb11 6424 | 70c5 fb11 | 6c24 78c5 | fb11 b424 | 8000 0000 | c5fb 11bc 
  0x0000026e2253a1f4: 2488 0000 | 00c5 7b11 | 8424 9000 | 0000 c57b | 118c 2498 | 0000 00c5 | 7b11 9424 | a000 0000 
  0x0000026e2253a214: c57b 119c | 24a8 0000 | 00c5 7b11 | a424 b000 | 0000 c57b | 11ac 24b8 | 0000 00c5 | 7b11 b424 
  0x0000026e2253a234: c000 0000 | c57b 11bc | 24c8 0000 | 0062 e1ff | 0811 4424 | 1a62 e1ff | 0811 4c24 | 1b62 e1ff 
  0x0000026e2253a254: 0811 5424 | 1c62 e1ff | 0811 5c24 | 1d62 e1ff | 0811 6424 | 1e62 e1ff | 0811 6c24 | 1f62 e1ff 
  0x0000026e2253a274: 0811 7424 | 2062 e1ff | 0811 7c24 | 2162 61ff | 0811 4424 | 2262 61ff | 0811 4c24 | 2362 61ff 
  0x0000026e2253a294: 0811 5424 | 2462 61ff | 0811 5c24 | 2562 61ff | 0811 6424 | 2662 61ff | 0811 6c24 | 2762 61ff 
  0x0000026e2253a2b4: 0811 7424 | 2862 61ff | 0811 7c24 | 2949 8bd7 | 488b c848 | 83ec 2040 | f6c4 0f0f | 841a 0000 
  0x0000026e2253a2d4: 0048 83ec 

  0x0000026e2253a2d8: ;   {runtime_call}
  0x0000026e2253a2d8: 0849 bab0 | 1e99 cefa | 7f00 0041 | ffd2 4883 | c408 e90d 

  0x0000026e2253a2ec: ;   {runtime_call}
  0x0000026e2253a2ec: 0000 0049 | bab0 1e99 | cefa 7f00 | 0041 ffd2 | 4883 c420 | 6261 ff08 | 107c 2429 | 6261 ff08 
  0x0000026e2253a30c: 1074 2428 | 6261 ff08 | 106c 2427 | 6261 ff08 | 1064 2426 | 6261 ff08 | 105c 2425 | 6261 ff08 
  0x0000026e2253a32c: 1054 2424 | 6261 ff08 | 104c 2423 | 6261 ff08 | 1044 2422 | 62e1 ff08 | 107c 2421 | 62e1 ff08 
  0x0000026e2253a34c: 1074 2420 | 62e1 ff08 | 106c 241f | 62e1 ff08 | 1064 241e | 62e1 ff08 | 105c 241d | 62e1 ff08 
  0x0000026e2253a36c: 1054 241c | 62e1 ff08 | 104c 241b | 62e1 ff08 | 1044 241a | c57b 10bc | 24c8 0000 | 00c5 7b10 
  0x0000026e2253a38c: b424 c000 | 0000 c57b | 10ac 24b8 | 0000 00c5 | 7b10 a424 | b000 0000 | c57b 109c | 24a8 0000 
  0x0000026e2253a3ac: 00c5 7b10 | 9424 a000 | 0000 c57b | 108c 2498 | 0000 00c5 | 7b10 8424 | 9000 0000 | c5fb 10bc 
  0x0000026e2253a3cc: 2488 0000 | 00c5 fb10 | b424 8000 | 0000 c5fb | 106c 2478 | c5fb 1064 | 2470 c5fb | 105c 2468 
  0x0000026e2253a3ec: c5fb 1054 | 2460 c5fb | 104c 2458 | c5fb 1044 | 2450 4c8b | 5c24 404c | 8b54 2438 | 4c8b 4c24 
  0x0000026e2253a40c: 304c 8b44 | 2428 488b | 7c24 2048 | 8b74 2418 | 488b 5424 | 1048 8b4c | 2408 488b | 0424 4881 
  0x0000026e2253a42c: c450 0100 | 00c5 f877 | e903 0000 | 0048 8b00 | 498b 8f50 | 0300 00c7 | 8100 0100 | 0000 0000 
  0x0000026e2253a44c: 00c9 4981 | 7f08 0000 | 0000 0f85 | 0100 0000 

  0x0000026e2253a45c: ;   {runtime_call StubRoutines (1)}
  0x0000026e2253a45c: c3e9 9e6a | a1ff c5f8 | 7748 8945 | f84c 8be4 | 4883 ec20 | 4883 e4f0 

  0x0000026e2253a474: ;   {runtime_call}
  0x0000026e2253a474: 49ba 305c | dcce fa7f | 0000 41ff | d249 8be4 | 4d33 e448 | 8b45 f8e9 | 39fc ffff 
[/MachCode]


Compiled method (c1)    1131 2125       1       java.lang.System$2::defineClass (21 bytes)
 total in heap  [0x0000026e2253a510,0x0000026e2253a868] = 856
 relocation     [0x0000026e2253a670,0x0000026e2253a6a8] = 56
 main code      [0x0000026e2253a6c0,0x0000026e2253a7a0] = 224
 stub code      [0x0000026e2253a7a0,0x0000026e2253a7e8] = 72
 metadata       [0x0000026e2253a7e8,0x0000026e2253a7f0] = 8
 scopes data    [0x0000026e2253a7f0,0x0000026e2253a810] = 32
 scopes pcs     [0x0000026e2253a810,0x0000026e2253a850] = 64
 dependencies   [0x0000026e2253a850,0x0000026e2253a858] = 8
 nul chk table  [0x0000026e2253a858,0x0000026e2253a868] = 16

[Constant Pool (empty)]

[MachCode]
[Entry Point]
  # {method} {0x0000000800011788} 'defineClass' '(Ljava/lang/ClassLoader;Ljava/lang/Class;Ljava/lang/String;[BLjava/security/ProtectionDomain;ZILjava/lang/Object;)Ljava/lang/Class;' in 'java/lang/System$2'
  # this:     rdx:rdx   = 'java/lang/System$2'
  # parm0:    r8:r8     = 'java/lang/ClassLoader'
  # parm1:    r9:r9     = 'java/lang/Class'
  # parm2:    rdi:rdi   = 'java/lang/String'
  # parm3:    rsi:rsi   = '[B'
  # parm4:    rcx:rcx   = 'java/security/ProtectionDomain'
  # parm5:    [sp+0x70]   = boolean  (sp of caller)
  # parm6:    [sp+0x78]   = int
  # parm7:    [sp+0x80]   = 'java/lang/Object'
  0x0000026e2253a6c0: 448b 5208 | 49bb 0000 | 0000 0800 | 0000 4d03 | d34c 3bd0 

  0x0000026e2253a6d4: ;   {runtime_call ic_miss_stub}
  0x0000026e2253a6d4: 0f85 a678 | a7ff 660f | 1f44 0000 
[Verified Entry Point]
  0x0000026e2253a6e0: 8984 2400 | 90ff ff55 | 4883 ec60 | 488b d94c | 8bac 2480 | 0000 0044 | 8b5c 2478 | 8b44 2470 
  0x0000026e2253a700: ; implicit exception: dispatches to 0x0000026e2253a73f
  0x0000026e2253a700: 8b4e 0c49 | 8bd0 4d8b | c14c 8bcf | 488b febe | 0000 0000 | 4889 1c24 | 8944 2408 | 4489 5c24 
  0x0000026e2253a720: 104c 896c 

  0x0000026e2253a724: ;   {static_call}
  0x0000026e2253a724: 2418 90e8 

  0x0000026e2253a728: ; ImmutableOopMap {}
                      ;*invokestatic defineClass0 {reexecute=0 rethrow=0 return_oop=0}
                      ; - java.lang.System$2::defineClass@17 (line 2371)
  0x0000026e2253a728: b4f7 ffff | 4883 c460 

  0x0000026e2253a730: ;   {poll_return}
  0x0000026e2253a730: 5d49 3ba7 | 7803 0000 | 0f87 0600 

  0x0000026e2253a73c: ;   {runtime_call throw_null_pointer_exception Runtime1 stub}
  0x0000026e2253a73c: 0000 c3e8 

  0x0000026e2253a740: ; ImmutableOopMap {r8=Oop r9=Oop rdi=Oop rsi=Oop rbx=Oop r13=Oop [128]=Oop }
                      ;*arraylength {reexecute=0 rethrow=0 return_oop=0}
                      ; - java.lang.System$2::defineClass@8 (line 2371)
  0x0000026e2253a740: dc04 b2ff 

  0x0000026e2253a744: ;   {internal_word}
  0x0000026e2253a744: 49ba 31a7 | 5322 6e02 | 0000 4d89 | 9790 0300 

  0x0000026e2253a754: ;   {runtime_call SafepointBlob}
  0x0000026e2253a754: 00e9 26ec | a7ff 498b | 8720 0400 | 0049 c787 | 2004 0000 | 0000 0000 | 49c7 8728 | 0400 0000 
  0x0000026e2253a774: 0000 0048 | 83c4 605d 

  0x0000026e2253a77c: ;   {runtime_call unwind_exception Runtime1 stub}
  0x0000026e2253a77c: e97f ecb1 | fff4 f4f4 | f4f4 f4f4 | f4f4 f4f4 | f4f4 f4f4 | f4f4 f4f4 | f4f4 f4f4 | f4f4 f4f4 
  0x0000026e2253a79c: f4f4 f4f4 
[Stub Code]
  0x0000026e2253a7a0: ;   {no_reloc}
  0x0000026e2253a7a0: 0f1f 4400 

  0x0000026e2253a7a4: ;   {static_stub}
  0x0000026e2253a7a4: 0048 bb00 | 0000 0000 

  0x0000026e2253a7ac: ;   {runtime_call}
  0x0000026e2253a7ac: 0000 00e9 | fbff ffff 
[Exception Handler]
  0x0000026e2253a7b4: ;   {runtime_call handle_exception_from_callee Runtime1 stub}
  0x0000026e2253a7b4: e847 3fb2 

  0x0000026e2253a7b8: ;   {external_word}
  0x0000026e2253a7b8: ff48 b928 | 49fd cefa | 7f00 0048 

  0x0000026e2253a7c4: ;   {runtime_call}
  0x0000026e2253a7c4: 83e4 f049 | bab0 f8c8 | cefa 7f00 | 0041 ffd2 

  0x0000026e2253a7d4: ;   {section_word}
  0x0000026e2253a7d4: f449 bad5 | a753 226e | 0200 0041 

  0x0000026e2253a7e0: ;   {runtime_call DeoptimizationBlob}
  0x0000026e2253a7e0: 52e9 3a00 | a8ff f4f4 
[/MachCode]


Compiled method (c1)    1132 2124       1       java.lang.invoke.MethodHandles$Lookup$ClassDefiner::defineClass (97 bytes)
 total in heap  [0x0000026e2253a890,0x0000026e2253aef8] = 1640
 relocation     [0x0000026e2253a9f0,0x0000026e2253aa50] = 96
 main code      [0x0000026e2253aa60,0x0000026e2253ad00] = 672
 stub code      [0x0000026e2253ad00,0x0000026e2253ad58] = 88
 metadata       [0x0000026e2253ad58,0x0000026e2253ad98] = 64
 scopes data    [0x0000026e2253ad98,0x0000026e2253ae08] = 112
 scopes pcs     [0x0000026e2253ae08,0x0000026e2253aeb8] = 176
 dependencies   [0x0000026e2253aeb8,0x0000026e2253aec8] = 16
 nul chk table  [0x0000026e2253aec8,0x0000026e2253aef8] = 48

[Constant Pool (empty)]

[MachCode]
[Entry Point]
  # {method} {0x000000080020fb48} 'defineClass' '(ZLjava/lang/Object;)Ljava/lang/Class;' in 'java/lang/invoke/MethodHandles$Lookup$ClassDefiner'
  # this:     rdx:rdx   = 'java/lang/invoke/MethodHandles$Lookup$ClassDefiner'
  # parm0:    r8        = boolean
  # parm1:    r9:r9     = 'java/lang/Object'
  #           [sp+0xe0]  (sp of caller)
  0x0000026e2253aa60: 448b 5208 | 49bb 0000 | 0000 0800 | 0000 4d03 | d34c 3bd0 

  0x0000026e2253aa74: ;   {runtime_call ic_miss_stub}
  0x0000026e2253aa74: 0f85 0675 | a7ff 660f | 1f44 0000 
[Verified Entry Point]
  0x0000026e2253aa80: 8984 2400 | 90ff ff55 | 4881 ecd0 | 0000 0048 | 8994 2498 | 0000 0044 | 8984 24b0 | 0000 004c 
  0x0000026e2253aaa0: 898c 24b8 | 0000 008b | 7210 4889 | b424 9000 | 0000 8b7e | 1048 89bc | 24a8 0000 | 008b 5f34 
  0x0000026e2253aac0: 4883 fb00 | 0f85 0a00 

  0x0000026e2253aac8: ;   {oop(NULL)}
  0x0000026e2253aac8: 0000 48bb | 0000 0000 | 0000 0000 | 4883 fb00 | 0f84 ab00 | 0000 8b46 | 1848 83f8 | 0048 899c 
  0x0000026e2253aae8: 24a0 0000 | 000f 85a8 

  0x0000026e2253aaf0: ;   {oop(a 'java/lang/Class'{0x0000000084e228d0} = 'jdk/internal/access/SharedSecrets')}
  0x0000026e2253aaf0: 0000 0048 | b8d0 28e2 | 8400 0000 | 008b 407c | 8b4e 1048 | 83f8 000f | 842a 0000 

  0x0000026e2253ab0c: ;   {metadata('java/lang/System$2')}
  0x0000026e2253ab0c: 0048 be58 | 0501 0008 | 0000 0044 | 8b70 0849 | ba00 0000 | 0008 0000 | 004d 03f2 | 493b 7638 
  0x0000026e2253ab2c: 0f85 2a01 | 0000 e900 | 0000 004c | 8bd8 483b | 0048 3b01 | 488b d10f 

  0x0000026e2253ab44: ;   {optimized virtual_call}
  0x0000026e2253ab44: 1f40 00e8 

  0x0000026e2253ab48: ; ImmutableOopMap {[144]=Oop [152]=Oop [160]=Oop [168]=Oop [184]=Oop }
                      ;*invokevirtual protectionDomain {reexecute=0 rethrow=0 return_oop=0}
                      ; - java.lang.System$2::protectionDomain@1 (line 2486)
                      ; - java.lang.invoke.MethodHandles$Lookup::lookupClassProtectionDomain@17 (line 2467)
                      ; - java.lang.invoke.MethodHandles$Lookup$ClassDefiner::defineClass@23 (line 2447)
  0x0000026e2253ab48: b901 0000 | 450f be47 | 4041 83f8 | 0048 8bb4 | 2490 0000 | 000f 8508 | 0100 004c | 8bd0 4489 
  0x0000026e2253ab68: 5618 f083 | 4424 c000 | 4c8b c64c | 33c0 49c1 | e814 4983 | f800 0f85 | 0301 0000 | e912 0000 
  0x0000026e2253ab88: 0048 899c | 24a0 0000 

  0x0000026e2253ab90: ;   {oop(NULL)}
  0x0000026e2253ab90: 0048 b800 | 0000 0000 | 0000 0048 | 8b9c 24a0 | 0000 0048 | 8bbc 24a8 | 0000 0048 | 8b94 2498 
  0x0000026e2253abb0: ;   {oop(a 'java/lang/Class'{0x0000000084e228d0} = 'jdk/internal/access/SharedSecrets')}
  0x0000026e2253abb0: 0000 0049 | b8d0 28e2 | 8400 0000 | 0045 8b70 | 7c8b 7214 | 8b4a 1844 | 8b4a 0c49 | 83fe 000f 
  0x0000026e2253abd0: 842a 0000 

  0x0000026e2253abd4: ;   {metadata('java/lang/System$2')}
  0x0000026e2253abd4: 0049 bb58 | 0501 0008 | 0000 0045 | 8b6e 0849 | ba00 0000 | 0008 0000 | 004d 03ea | 4d3b 5d38 
  0x0000026e2253abf4: 0f85 a500 | 0000 e900 | 0000 004d | 8bc6 493b | 064c 8bc3 | 498b d14c | 8bcf 488b | fe48 8bf1 
  0x0000026e2253ac14: 488b c88b | 8424 b000 | 0000 8904 | 2489 5424 | 0848 8b94 | 24b8 0000 | 0048 8954 | 2410 498b 
  0x0000026e2253ac34: ;   {optimized virtual_call}
  0x0000026e2253ac34: d666 90e8 

  0x0000026e2253ac38: ; ImmutableOopMap {[152]=Oop [168]=Oop }
                      ;*invokeinterface defineClass {reexecute=0 rethrow=0 return_oop=0}
                      ; - java.lang.invoke.MethodHandles$Lookup$ClassDefiner::defineClass@54 (line 2449)
  0x0000026e2253ac38: a4fa ffff | 4881 c4d0 | 0000 005d 

  0x0000026e2253ac44: ;   {poll_return}
  0x0000026e2253ac44: 493b a778 | 0300 000f | 8758 0000 

  0x0000026e2253ac50: ;   {runtime_call throw_null_pointer_exception Runtime1 stub}
  0x0000026e2253ac50: 00c3 e8c9 

  0x0000026e2253ac54: ; ImmutableOopMap {rdx=Oop r9=Oop rsi=Oop [144]=Oop [152]=Oop [184]=Oop }
                      ;*invokevirtual lookupClass {reexecute=0 rethrow=0 return_oop=0}
                      ; - java.lang.invoke.MethodHandles$Lookup$ClassDefiner::defineClass@4 (line 2445)
                      ;   {runtime_call throw_null_pointer_exception Runtime1 stub}
  0x0000026e2253ac54: ffb1 ffe8 

  0x0000026e2253ac58: ; ImmutableOopMap {rdx=Oop r9=Oop rsi=Oop rdi=Oop [144]=Oop [152]=Oop [168]=Oop [184]=Oop }
                      ;*invokevirtual getClassLoader {reexecute=0 rethrow=0 return_oop=0}
                      ; - java.lang.invoke.MethodHandles$Lookup$ClassDefiner::defineClass@9 (line 2446)
  0x0000026e2253ac58: c4ff b1ff 

  0x0000026e2253ac5c: ;   {runtime_call throw_incompatible_class_change_error Runtime1 stub}
  0x0000026e2253ac5c: e8bf 43b2 

  0x0000026e2253ac60: ; ImmutableOopMap {rax=Oop rcx=Oop [144]=Oop [152]=Oop [160]=Oop [168]=Oop [184]=Oop }
                      ;*invokeinterface protectionDomain {reexecute=0 rethrow=0 return_oop=0}
                      ; - java.lang.invoke.MethodHandles$Lookup::lookupClassProtectionDomain@17 (line 2467)
                      ; - java.lang.invoke.MethodHandles$Lookup$ClassDefiner::defineClass@23 (line 2447)
                      ;   {runtime_call throw_null_pointer_exception Runtime1 stub}
  0x0000026e2253ac60: ffe8 baff 

  0x0000026e2253ac64: ; ImmutableOopMap {rcx=Oop [144]=Oop [152]=Oop [160]=Oop [168]=Oop [184]=Oop }
                      ;*invokeinterface protectionDomain {reexecute=0 rethrow=0 return_oop=0}
                      ; - java.lang.invoke.MethodHandles$Lookup::lookupClassProtectionDomain@17 (line 2467)
                      ; - java.lang.invoke.MethodHandles$Lookup$ClassDefiner::defineClass@23 (line 2447)
                      ;   {runtime_call throw_null_pointer_exception Runtime1 stub}
  0x0000026e2253ac64: b1ff e8b5 

  0x0000026e2253ac68: ; ImmutableOopMap {rcx=Oop [144]=Oop [152]=Oop [160]=Oop [168]=Oop [184]=Oop }
                      ;*invokevirtual protectionDomain {reexecute=0 rethrow=0 return_oop=0}
                      ; - java.lang.System$2::protectionDomain@1 (line 2486)
                      ; - java.lang.invoke.MethodHandles$Lookup::lookupClassProtectionDomain@17 (line 2467)
                      ; - java.lang.invoke.MethodHandles$Lookup$ClassDefiner::defineClass@23 (line 2447)
  0x0000026e2253ac68: ffb1 ff44 | 8b46 1849 | 83f8 000f | 84ea feff | ff4c 8904 

  0x0000026e2253ac7c: ;   {runtime_call g1_pre_barrier_slow}
  0x0000026e2253ac7c: 24e8 fe83 | b2ff e9dc | feff ff48 | 83f8 000f | 84f3 feff | ff48 8934 

  0x0000026e2253ac94: ;   {runtime_call g1_post_barrier_slow}
  0x0000026e2253ac94: 24e8 6687 | b2ff e9e5 

  0x0000026e2253ac9c: ;   {runtime_call throw_incompatible_class_change_error Runtime1 stub}
  0x0000026e2253ac9c: feff ffe8 

  0x0000026e2253aca0: ; ImmutableOopMap {rax=Oop rdi=Oop rbx=Oop r14=Oop rsi=Oop rcx=Oop [152]=Oop [168]=Oop [184]=Oop }
                      ;*invokeinterface defineClass {reexecute=0 rethrow=0 return_oop=0}
                      ; - java.lang.invoke.MethodHandles$Lookup$ClassDefiner::defineClass@54 (line 2449)
  0x0000026e2253aca0: 7c43 b2ff 

  0x0000026e2253aca4: ;   {runtime_call throw_null_pointer_exception Runtime1 stub}
  0x0000026e2253aca4: e877 ffb1 

  0x0000026e2253aca8: ; ImmutableOopMap {rax=Oop rdi=Oop rbx=Oop r14=Oop rsi=Oop rcx=Oop [152]=Oop [168]=Oop [184]=Oop }
                      ;*invokeinterface defineClass {reexecute=0 rethrow=0 return_oop=0}
                      ; - java.lang.invoke.MethodHandles$Lookup$ClassDefiner::defineClass@54 (line 2449)
                      ;   {internal_word}
  0x0000026e2253aca8: ff49 ba44 | ac53 226e | 0200 004d | 8997 9003 

  0x0000026e2253acb8: ;   {runtime_call SafepointBlob}
  0x0000026e2253acb8: 0000 e9c1 | e6a7 ff49 | 8b87 2004 | 0000 49c7 | 8720 0400 | 0000 0000 | 0049 c787 | 2804 0000 
  0x0000026e2253acd8: 0000 0000 | 4881 c4d0 | 0000 005d 

  0x0000026e2253ace4: ;   {runtime_call unwind_exception Runtime1 stub}
  0x0000026e2253ace4: e917 e7b1 | fff4 f4f4 | f4f4 f4f4 | f4f4 f4f4 | f4f4 f4f4 | f4f4 f4f4 | f4f4 f4f4 
[Stub Code]
  0x0000026e2253ad00: ;   {no_reloc}
  0x0000026e2253ad00: 0f1f 4400 

  0x0000026e2253ad04: ;   {static_stub}
  0x0000026e2253ad04: 0048 bb78 | b201 0008 

  0x0000026e2253ad0c: ;   {runtime_call I2C/C2I adapters}
  0x0000026e2253ad0c: 0000 00e9 | c564 a7ff 

  0x0000026e2253ad14: ;   {static_stub}
  0x0000026e2253ad14: 9048 bb00 | 0000 0000 

  0x0000026e2253ad1c: ;   {runtime_call}
  0x0000026e2253ad1c: 0000 00e9 | fbff ffff 
[Exception Handler]
  0x0000026e2253ad24: ;   {runtime_call handle_exception_from_callee Runtime1 stub}
  0x0000026e2253ad24: e8d7 39b2 

  0x0000026e2253ad28: ;   {external_word}
  0x0000026e2253ad28: ff48 b928 | 49fd cefa | 7f00 0048 

  0x0000026e2253ad34: ;   {runtime_call}
  0x0000026e2253ad34: 83e4 f049 | bab0 f8c8 | cefa 7f00 | 0041 ffd2 

  0x0000026e2253ad44: ;   {section_word}
  0x0000026e2253ad44: f449 ba45 | ad53 226e | 0200 0041 

  0x0000026e2253ad50: ;   {runtime_call DeoptimizationBlob}
  0x0000026e2253ad50: 52e9 cafa | a7ff f4f4 
[/MachCode]


---------------  P R O C E S S  ---------------

Threads class SMR info:
_java_thread_list=0x0000026e30cc2ab0, length=22, elements={
0x0000026e19fec9f0, 0x0000026e2c3c04c0, 0x0000026e2c3c1250, 0x0000026e2c3c8a10,
0x0000026e2c3c9340, 0x0000026e2c3cae20, 0x0000026e2c3f2cb0, 0x0000026e2c3f35a0,
0x0000026e2c3f5d10, 0x0000026e2c398a50, 0x0000026e308c1d60, 0x0000026e308c0720,
0x0000026e30cb2ee0, 0x0000026e30cbb5e0, 0x0000026e308c22f0, 0x0000026e30e127c0,
0x0000026e30da8820, 0x0000026e312c4050, 0x0000026e313f98d0, 0x0000026e313cd590,
0x0000026e319080a0, 0x0000026e31982700
}

Java Threads: ( => current thread )
  0x0000026e19fec9f0 JavaThread "main" [_thread_blocked, id=1536, stack(0x000000c3af700000,0x000000c3af800000)]
  0x0000026e2c3c04c0 JavaThread "Reference Handler" daemon [_thread_blocked, id=6148, stack(0x000000c3afe00000,0x000000c3aff00000)]
  0x0000026e2c3c1250 JavaThread "Finalizer" daemon [_thread_blocked, id=2932, stack(0x000000c3aff00000,0x000000c3b0000000)]
  0x0000026e2c3c8a10 JavaThread "Signal Dispatcher" daemon [_thread_blocked, id=3380, stack(0x000000c3b0000000,0x000000c3b0100000)]
  0x0000026e2c3c9340 JavaThread "Attach Listener" daemon [_thread_blocked, id=7428, stack(0x000000c3b0100000,0x000000c3b0200000)]
  0x0000026e2c3cae20 JavaThread "Service Thread" daemon [_thread_blocked, id=6888, stack(0x000000c3b0200000,0x000000c3b0300000)]
  0x0000026e2c3f2cb0 JavaThread "Monitor Deflation Thread" daemon [_thread_blocked, id=6644, stack(0x000000c3b0300000,0x000000c3b0400000)]
  0x0000026e2c3f35a0 JavaThread "C1 CompilerThread0" daemon [_thread_blocked, id=9276, stack(0x000000c3b0400000,0x000000c3b0500000)]
  0x0000026e2c3f5d10 JavaThread "Sweeper thread" daemon [_thread_blocked, id=7300, stack(0x000000c3b0500000,0x000000c3b0600000)]
  0x0000026e2c398a50 JavaThread "Common-Cleaner" daemon [_thread_blocked, id=8676, stack(0x000000c3b0600000,0x000000c3b0700000)]
  0x0000026e308c1d60 JavaThread "C1 CompilerThread1" daemon [_thread_blocked, id=2740, stack(0x000000c3b0700000,0x000000c3b0800000)]
  0x0000026e308c0720 JavaThread "C1 CompilerThread2" daemon [_thread_blocked, id=4600, stack(0x000000c3b0800000,0x000000c3b0900000)]
  0x0000026e30cb2ee0 JavaThread "Monitor Ctrl-Break" daemon [_thread_in_native, id=9580, stack(0x000000c3b0900000,0x000000c3b0a00000)]
  0x0000026e30cbb5e0 JavaThread "Notification Thread" daemon [_thread_blocked, id=7024, stack(0x000000c3b0a00000,0x000000c3b0b00000)]
  0x0000026e308c22f0 JavaThread "C1 CompilerThread3" daemon [_thread_blocked, id=2456, stack(0x000000c3b0b00000,0x000000c3b0c00000)]
  0x0000026e30e127c0 JavaThread "RMI TCP Accept-0" daemon [_thread_in_native, id=1164, stack(0x000000c3b0c00000,0x000000c3b0d00000)]
  0x0000026e30da8820 JavaThread "Thread-0" [_thread_blocked, id=8340, stack(0x000000c3b1500000,0x000000c3b1600000)]
  0x0000026e312c4050 JavaThread "restartedMain" [_thread_in_vm, id=9540, stack(0x000000c3b1600000,0x000000c3b1700000)]
  0x0000026e313f98d0 JavaThread "background-preinit" [_thread_in_vm, id=5632, stack(0x000000c3b1700000,0x000000c3b1800000)]
  0x0000026e313cd590 JavaThread "RMI TCP Connection(1)-192.168.0.102" daemon [_thread_blocked, id=5996, stack(0x000000c3b1800000,0x000000c3b1900000)]
  0x0000026e319080a0 JavaThread "RMI Scheduler(0)" daemon [_thread_blocked, id=2272, stack(0x000000c3b1900000,0x000000c3b1a00000)]
=>0x0000026e31982700 JavaThread "JMX server connection timeout 39" daemon [_thread_in_vm, id=9312, stack(0x000000c3b1a00000,0x000000c3b1b00000)]

Other Threads:
  0x0000026e2c3a81f0 VMThread "VM Thread" [stack: 0x000000c3afd00000,0x000000c3afe00000] [id=9000] _threads_hazard_ptr=0x0000026e30cc2ab0
  0x0000026e19feda10 WatcherThread "VM Periodic Task Thread" [stack: 0x000000c3b0d00000,0x000000c3b0e00000] [id=7364]
  0x0000026e1a04c120 WorkerThread "GC Thread#0" [stack: 0x000000c3af800000,0x000000c3af900000] [id=6996]
  0x0000026e30ffac30 WorkerThread "GC Thread#1" [stack: 0x000000c3b0e00000,0x000000c3b0f00000] [id=6392]
  0x0000026e3127c020 WorkerThread "GC Thread#2" [stack: 0x000000c3b0f00000,0x000000c3b1000000] [id=3104]
  0x0000026e3127d8f0 WorkerThread "GC Thread#3" [stack: 0x000000c3b1000000,0x000000c3b1100000] [id=9048]
  0x0000026e3127d620 WorkerThread "GC Thread#4" [stack: 0x000000c3b1100000,0x000000c3b1200000] [id=2996]
  0x0000026e3127de90 WorkerThread "GC Thread#5" [stack: 0x000000c3b1200000,0x000000c3b1300000] [id=4052]
  0x0000026e3127e9d0 WorkerThread "GC Thread#6" [stack: 0x000000c3b1300000,0x000000c3b1400000] [id=9296]
  0x0000026e3127eca0 WorkerThread "GC Thread#7" [stack: 0x000000c3b1400000,0x000000c3b1500000] [id=7820]
  0x0000026e1a05d7c0 ConcurrentGCThread "G1 Main Marker" [stack: 0x000000c3af900000,0x000000c3afa00000] [id=3712]
  0x0000026e1a060010 WorkerThread "G1 Conc#0" [stack: 0x000000c3afa00000,0x000000c3afb00000] [id=3204]
  0x0000026e2c2640f0 ConcurrentGCThread "G1 Refine#0" [stack: 0x000000c3afb00000,0x000000c3afc00000] [id=7640]
  0x0000026e2c264a40 ConcurrentGCThread "G1 Service" [stack: 0x000000c3afc00000,0x000000c3afd00000] [id=8116]

Threads with active compile tasks:
C1 CompilerThread1     1136 2315       1       java.lang.invoke.LambdaForm::<init> (115 bytes)
C1 CompilerThread3     1136 2311       1       java.util.zip.ZipEntry::setExtra0 (493 bytes)

VM state: not at safepoint (normal execution)

VM Mutex/Monitor currently owned by a thread:  ([mutex/lock_event])
[0x0000026e19fe5270] Metaspace_lock - owner thread: 0x0000026e31982700
[0x0000026e19fe85b0] MethodCompileQueue_lock - owner thread: 0x0000026e308c1d60
[0x0000026e19fe7e60] Compile_lock - owner thread: 0x0000026e313cd590

Heap address: 0x0000000084c00000, size: 1972 MB, Compressed Oops mode: 32-bit

CDS archive(s) mapped at: [0x0000000800000000-0x0000000800c40000-0x0000000800c40000), size 12845056, SharedBaseAddress: 0x0000000800000000, ArchiveRelocationMode: 0.
Compressed class space mapped at: 0x0000000801000000-0x0000000841000000, reserved size: 1073741824
Narrow klass base: 0x0000000800000000, Narrow klass shift: 0, Narrow klass range: 0x100000000

GC Precious Log:
 CardTable entry size: 512
 Card Set container configuration: InlinePtr #cards 5 size 8 Array Of Cards #cards 12 size 40 Howl #buckets 4 coarsen threshold 1843 Howl Bitmap #cards 512 size 80 coarsen threshold 460 Card regions per heap region 1 cards per card region 2048
 CPUs: 8 total, 8 available
 Memory: 7883M
 Large Page Support: Disabled
 NUMA Support: Disabled
 Compressed Oops: Enabled (32-bit)
 Heap Region Size: 1M
 Heap Min Capacity: 8M
 Heap Initial Capacity: 124M
 Heap Max Capacity: 1972M
 Pre-touch: Disabled
 Parallel Workers: 8
 Concurrent Workers: 2
 Concurrent Refinement Workers: 8
 Periodic GC: Disabled

Heap:
 garbage-first heap   total 126976K, used 19850K [0x0000000084c00000, 0x0000000100000000)
  region size 1024K, 14 young (14336K), 2 survivors (2048K)
 Metaspace       used 15631K, committed 15936K, reserved 1114112K
  class space    used 1970K, committed 2112K, reserved 1048576K

Heap Regions: E=young(eden), S=young(survivor), O=old, HS=humongous(starts), HC=humongous(continues), CS=collection set, F=free, OA=open archive, CA=closed archive, TAMS=top-at-mark-start (previous, next)
|   0|0x0000000084c00000, 0x0000000084d00000, 0x0000000084d00000|100%|HS|  |TAMS 0x0000000084c00000, 0x0000000084c00000| Complete 
|   1|0x0000000084d00000, 0x0000000084e00000, 0x0000000084e00000|100%| O|  |TAMS 0x0000000084d00000, 0x0000000084d00000| Untracked 
|   2|0x0000000084e00000, 0x0000000084f00000, 0x0000000084f00000|100%| O|  |TAMS 0x0000000084e00000, 0x0000000084e00000| Untracked 
|   3|0x0000000084f00000, 0x0000000085000000, 0x0000000085000000|100%| O|  |TAMS 0x0000000084f00000, 0x0000000084f00000| Untracked 
|   4|0x0000000085000000, 0x0000000085100000, 0x0000000085100000|100%| O|  |TAMS 0x0000000085000000, 0x0000000085000000| Untracked 
|   5|0x0000000085100000, 0x0000000085200000, 0x0000000085200000|100%| O|  |TAMS 0x0000000085100000, 0x0000000085100000| Untracked 
|   6|0x0000000085200000, 0x0000000085300000, 0x0000000085300000|100%| O|  |TAMS 0x0000000085200000, 0x0000000085200000| Untracked 
|   7|0x0000000085300000, 0x00000000853b2200, 0x0000000085400000| 69%| O|  |TAMS 0x0000000085300000, 0x0000000085300000| Untracked 
|   8|0x0000000085400000, 0x0000000085400000, 0x0000000085500000|  0%| F|  |TAMS 0x0000000085400000, 0x0000000085400000| Untracked 
|   9|0x0000000085500000, 0x0000000085500000, 0x0000000085600000|  0%| F|  |TAMS 0x0000000085500000, 0x0000000085500000| Untracked 
|  10|0x0000000085600000, 0x0000000085600000, 0x0000000085700000|  0%| F|  |TAMS 0x0000000085600000, 0x0000000085600000| Untracked 
|  11|0x0000000085700000, 0x0000000085700000, 0x0000000085800000|  0%| F|  |TAMS 0x0000000085700000, 0x0000000085700000| Untracked 
|  12|0x0000000085800000, 0x0000000085800000, 0x0000000085900000|  0%| F|  |TAMS 0x0000000085800000, 0x0000000085800000| Untracked 
|  13|0x0000000085900000, 0x0000000085900000, 0x0000000085a00000|  0%| F|  |TAMS 0x0000000085900000, 0x0000000085900000| Untracked 
|  14|0x0000000085a00000, 0x0000000085a00000, 0x0000000085b00000|  0%| F|  |TAMS 0x0000000085a00000, 0x0000000085a00000| Untracked 
|  15|0x0000000085b00000, 0x0000000085b00000, 0x0000000085c00000|  0%| F|  |TAMS 0x0000000085b00000, 0x0000000085b00000| Untracked 
|  16|0x0000000085c00000, 0x0000000085c00000, 0x0000000085d00000|  0%| F|  |TAMS 0x0000000085c00000, 0x0000000085c00000| Untracked 
|  17|0x0000000085d00000, 0x0000000085d00000, 0x0000000085e00000|  0%| F|  |TAMS 0x0000000085d00000, 0x0000000085d00000| Untracked 
|  18|0x0000000085e00000, 0x0000000085e00000, 0x0000000085f00000|  0%| F|  |TAMS 0x0000000085e00000, 0x0000000085e00000| Untracked 
|  19|0x0000000085f00000, 0x0000000085f00000, 0x0000000086000000|  0%| F|  |TAMS 0x0000000085f00000, 0x0000000085f00000| Untracked 
|  20|0x0000000086000000, 0x0000000086000000, 0x0000000086100000|  0%| F|  |TAMS 0x0000000086000000, 0x0000000086000000| Untracked 
|  21|0x0000000086100000, 0x0000000086100000, 0x0000000086200000|  0%| F|  |TAMS 0x0000000086100000, 0x0000000086100000| Untracked 
|  22|0x0000000086200000, 0x0000000086200000, 0x0000000086300000|  0%| F|  |TAMS 0x0000000086200000, 0x0000000086200000| Untracked 
|  23|0x0000000086300000, 0x0000000086300000, 0x0000000086400000|  0%| F|  |TAMS 0x0000000086300000, 0x0000000086300000| Untracked 
|  24|0x0000000086400000, 0x0000000086400000, 0x0000000086500000|  0%| F|  |TAMS 0x0000000086400000, 0x0000000086400000| Untracked 
|  25|0x0000000086500000, 0x0000000086500000, 0x0000000086600000|  0%| F|  |TAMS 0x0000000086500000, 0x0000000086500000| Untracked 
|  26|0x0000000086600000, 0x0000000086600000, 0x0000000086700000|  0%| F|  |TAMS 0x0000000086600000, 0x0000000086600000| Untracked 
|  27|0x0000000086700000, 0x0000000086700000, 0x0000000086800000|  0%| F|  |TAMS 0x0000000086700000, 0x0000000086700000| Untracked 
|  28|0x0000000086800000, 0x0000000086800000, 0x0000000086900000|  0%| F|  |TAMS 0x0000000086800000, 0x0000000086800000| Untracked 
|  29|0x0000000086900000, 0x0000000086900000, 0x0000000086a00000|  0%| F|  |TAMS 0x0000000086900000, 0x0000000086900000| Untracked 
|  30|0x0000000086a00000, 0x0000000086a00000, 0x0000000086b00000|  0%| F|  |TAMS 0x0000000086a00000, 0x0000000086a00000| Untracked 
|  31|0x0000000086b00000, 0x0000000086b00000, 0x0000000086c00000|  0%| F|  |TAMS 0x0000000086b00000, 0x0000000086b00000| Untracked 
|  32|0x0000000086c00000, 0x0000000086c00000, 0x0000000086d00000|  0%| F|  |TAMS 0x0000000086c00000, 0x0000000086c00000| Untracked 
|  33|0x0000000086d00000, 0x0000000086d00000, 0x0000000086e00000|  0%| F|  |TAMS 0x0000000086d00000, 0x0000000086d00000| Untracked 
|  34|0x0000000086e00000, 0x0000000086e00000, 0x0000000086f00000|  0%| F|  |TAMS 0x0000000086e00000, 0x0000000086e00000| Untracked 
|  35|0x0000000086f00000, 0x0000000086f00000, 0x0000000087000000|  0%| F|  |TAMS 0x0000000086f00000, 0x0000000086f00000| Untracked 
|  36|0x0000000087000000, 0x0000000087000000, 0x0000000087100000|  0%| F|  |TAMS 0x0000000087000000, 0x0000000087000000| Untracked 
|  37|0x0000000087100000, 0x0000000087100000, 0x0000000087200000|  0%| F|  |TAMS 0x0000000087100000, 0x0000000087100000| Untracked 
|  38|0x0000000087200000, 0x0000000087200000, 0x0000000087300000|  0%| F|  |TAMS 0x0000000087200000, 0x0000000087200000| Untracked 
|  39|0x0000000087300000, 0x0000000087300000, 0x0000000087400000|  0%| F|  |TAMS 0x0000000087300000, 0x0000000087300000| Untracked 
|  40|0x0000000087400000, 0x0000000087400000, 0x0000000087500000|  0%| F|  |TAMS 0x0000000087400000, 0x0000000087400000| Untracked 
|  41|0x0000000087500000, 0x0000000087500000, 0x0000000087600000|  0%| F|  |TAMS 0x0000000087500000, 0x0000000087500000| Untracked 
|  42|0x0000000087600000, 0x0000000087600000, 0x0000000087700000|  0%| F|  |TAMS 0x0000000087600000, 0x0000000087600000| Untracked 
|  43|0x0000000087700000, 0x0000000087700000, 0x0000000087800000|  0%| F|  |TAMS 0x0000000087700000, 0x0000000087700000| Untracked 
|  44|0x0000000087800000, 0x0000000087800000, 0x0000000087900000|  0%| F|  |TAMS 0x0000000087800000, 0x0000000087800000| Untracked 
|  45|0x0000000087900000, 0x0000000087900000, 0x0000000087a00000|  0%| F|  |TAMS 0x0000000087900000, 0x0000000087900000| Untracked 
|  46|0x0000000087a00000, 0x0000000087a00000, 0x0000000087b00000|  0%| F|  |TAMS 0x0000000087a00000, 0x0000000087a00000| Untracked 
|  47|0x0000000087b00000, 0x0000000087b00000, 0x0000000087c00000|  0%| F|  |TAMS 0x0000000087b00000, 0x0000000087b00000| Untracked 
|  48|0x0000000087c00000, 0x0000000087c00000, 0x0000000087d00000|  0%| F|  |TAMS 0x0000000087c00000, 0x0000000087c00000| Untracked 
|  49|0x0000000087d00000, 0x0000000087d00000, 0x0000000087e00000|  0%| F|  |TAMS 0x0000000087d00000, 0x0000000087d00000| Untracked 
|  50|0x0000000087e00000, 0x0000000087e00000, 0x0000000087f00000|  0%| F|  |TAMS 0x0000000087e00000, 0x0000000087e00000| Untracked 
|  51|0x0000000087f00000, 0x0000000087f00000, 0x0000000088000000|  0%| F|  |TAMS 0x0000000087f00000, 0x0000000087f00000| Untracked 
|  52|0x0000000088000000, 0x0000000088000000, 0x0000000088100000|  0%| F|  |TAMS 0x0000000088000000, 0x0000000088000000| Untracked 
|  53|0x0000000088100000, 0x0000000088100000, 0x0000000088200000|  0%| F|  |TAMS 0x0000000088100000, 0x0000000088100000| Untracked 
|  54|0x0000000088200000, 0x0000000088200000, 0x0000000088300000|  0%| F|  |TAMS 0x0000000088200000, 0x0000000088200000| Untracked 
|  55|0x0000000088300000, 0x0000000088300000, 0x0000000088400000|  0%| F|  |TAMS 0x0000000088300000, 0x0000000088300000| Untracked 
|  56|0x0000000088400000, 0x0000000088400000, 0x0000000088500000|  0%| F|  |TAMS 0x0000000088400000, 0x0000000088400000| Untracked 
|  57|0x0000000088500000, 0x0000000088500000, 0x0000000088600000|  0%| F|  |TAMS 0x0000000088500000, 0x0000000088500000| Untracked 
|  58|0x0000000088600000, 0x0000000088600000, 0x0000000088700000|  0%| F|  |TAMS 0x0000000088600000, 0x0000000088600000| Untracked 
|  59|0x0000000088700000, 0x0000000088700000, 0x0000000088800000|  0%| F|  |TAMS 0x0000000088700000, 0x0000000088700000| Untracked 
|  60|0x0000000088800000, 0x0000000088800000, 0x0000000088900000|  0%| F|  |TAMS 0x0000000088800000, 0x0000000088800000| Untracked 
|  61|0x0000000088900000, 0x0000000088900000, 0x0000000088a00000|  0%| F|  |TAMS 0x0000000088900000, 0x0000000088900000| Untracked 
|  62|0x0000000088a00000, 0x0000000088a00000, 0x0000000088b00000|  0%| F|  |TAMS 0x0000000088a00000, 0x0000000088a00000| Untracked 
|  63|0x0000000088b00000, 0x0000000088b00000, 0x0000000088c00000|  0%| F|  |TAMS 0x0000000088b00000, 0x0000000088b00000| Untracked 
|  64|0x0000000088c00000, 0x0000000088c00000, 0x0000000088d00000|  0%| F|  |TAMS 0x0000000088c00000, 0x0000000088c00000| Untracked 
|  65|0x0000000088d00000, 0x0000000088d00000, 0x0000000088e00000|  0%| F|  |TAMS 0x0000000088d00000, 0x0000000088d00000| Untracked 
|  66|0x0000000088e00000, 0x0000000088e00000, 0x0000000088f00000|  0%| F|  |TAMS 0x0000000088e00000, 0x0000000088e00000| Untracked 
|  67|0x0000000088f00000, 0x0000000088f00000, 0x0000000089000000|  0%| F|  |TAMS 0x0000000088f00000, 0x0000000088f00000| Untracked 
|  68|0x0000000089000000, 0x0000000089000000, 0x0000000089100000|  0%| F|  |TAMS 0x0000000089000000, 0x0000000089000000| Untracked 
|  69|0x0000000089100000, 0x0000000089100000, 0x0000000089200000|  0%| F|  |TAMS 0x0000000089100000, 0x0000000089100000| Untracked 
|  70|0x0000000089200000, 0x0000000089200000, 0x0000000089300000|  0%| F|  |TAMS 0x0000000089200000, 0x0000000089200000| Untracked 
|  71|0x0000000089300000, 0x0000000089300000, 0x0000000089400000|  0%| F|  |TAMS 0x0000000089300000, 0x0000000089300000| Untracked 
|  72|0x0000000089400000, 0x0000000089400000, 0x0000000089500000|  0%| F|  |TAMS 0x0000000089400000, 0x0000000089400000| Untracked 
|  73|0x0000000089500000, 0x0000000089500000, 0x0000000089600000|  0%| F|  |TAMS 0x0000000089500000, 0x0000000089500000| Untracked 
|  74|0x0000000089600000, 0x0000000089600000, 0x0000000089700000|  0%| F|  |TAMS 0x0000000089600000, 0x0000000089600000| Untracked 
|  75|0x0000000089700000, 0x0000000089700000, 0x0000000089800000|  0%| F|  |TAMS 0x0000000089700000, 0x0000000089700000| Untracked 
|  76|0x0000000089800000, 0x0000000089800000, 0x0000000089900000|  0%| F|  |TAMS 0x0000000089800000, 0x0000000089800000| Untracked 
|  77|0x0000000089900000, 0x0000000089900000, 0x0000000089a00000|  0%| F|  |TAMS 0x0000000089900000, 0x0000000089900000| Untracked 
|  78|0x0000000089a00000, 0x0000000089a00000, 0x0000000089b00000|  0%| F|  |TAMS 0x0000000089a00000, 0x0000000089a00000| Untracked 
|  79|0x0000000089b00000, 0x0000000089b00000, 0x0000000089c00000|  0%| F|  |TAMS 0x0000000089b00000, 0x0000000089b00000| Untracked 
|  80|0x0000000089c00000, 0x0000000089c00000, 0x0000000089d00000|  0%| F|  |TAMS 0x0000000089c00000, 0x0000000089c00000| Untracked 
|  81|0x0000000089d00000, 0x0000000089d00000, 0x0000000089e00000|  0%| F|  |TAMS 0x0000000089d00000, 0x0000000089d00000| Untracked 
|  82|0x0000000089e00000, 0x0000000089e00000, 0x0000000089f00000|  0%| F|  |TAMS 0x0000000089e00000, 0x0000000089e00000| Untracked 
|  83|0x0000000089f00000, 0x0000000089f00000, 0x000000008a000000|  0%| F|  |TAMS 0x0000000089f00000, 0x0000000089f00000| Untracked 
|  84|0x000000008a000000, 0x000000008a000000, 0x000000008a100000|  0%| F|  |TAMS 0x000000008a000000, 0x000000008a000000| Untracked 
|  85|0x000000008a100000, 0x000000008a100000, 0x000000008a200000|  0%| F|  |TAMS 0x000000008a100000, 0x000000008a100000| Untracked 
|  86|0x000000008a200000, 0x000000008a200000, 0x000000008a300000|  0%| F|  |TAMS 0x000000008a200000, 0x000000008a200000| Untracked 
|  87|0x000000008a300000, 0x000000008a300000, 0x000000008a400000|  0%| F|  |TAMS 0x000000008a300000, 0x000000008a300000| Untracked 
|  88|0x000000008a400000, 0x000000008a400000, 0x000000008a500000|  0%| F|  |TAMS 0x000000008a400000, 0x000000008a400000| Untracked 
|  89|0x000000008a500000, 0x000000008a500000, 0x000000008a600000|  0%| F|  |TAMS 0x000000008a500000, 0x000000008a500000| Untracked 
|  90|0x000000008a600000, 0x000000008a600000, 0x000000008a700000|  0%| F|  |TAMS 0x000000008a600000, 0x000000008a600000| Untracked 
|  91|0x000000008a700000, 0x000000008a700000, 0x000000008a800000|  0%| F|  |TAMS 0x000000008a700000, 0x000000008a700000| Untracked 
|  92|0x000000008a800000, 0x000000008a8b0860, 0x000000008a900000| 68%| S|CS|TAMS 0x000000008a800000, 0x000000008a800000| Complete 
|  93|0x000000008a900000, 0x000000008aa00000, 0x000000008aa00000|100%| S|CS|TAMS 0x000000008a900000, 0x000000008a900000| Complete 
|  94|0x000000008aa00000, 0x000000008aa00000, 0x000000008ab00000|  0%| F|  |TAMS 0x000000008aa00000, 0x000000008aa00000| Untracked 
|  95|0x000000008ab00000, 0x000000008ab00000, 0x000000008ac00000|  0%| F|  |TAMS 0x000000008ab00000, 0x000000008ab00000| Untracked 
|  96|0x000000008ac00000, 0x000000008ac00000, 0x000000008ad00000|  0%| F|  |TAMS 0x000000008ac00000, 0x000000008ac00000| Untracked 
|  97|0x000000008ad00000, 0x000000008ad00000, 0x000000008ae00000|  0%| F|  |TAMS 0x000000008ad00000, 0x000000008ad00000| Untracked 
|  98|0x000000008ae00000, 0x000000008ae00000, 0x000000008af00000|  0%| F|  |TAMS 0x000000008ae00000, 0x000000008ae00000| Untracked 
|  99|0x000000008af00000, 0x000000008af00000, 0x000000008b000000|  0%| F|  |TAMS 0x000000008af00000, 0x000000008af00000| Untracked 
| 100|0x000000008b000000, 0x000000008b000000, 0x000000008b100000|  0%| F|  |TAMS 0x000000008b000000, 0x000000008b000000| Untracked 
| 101|0x000000008b100000, 0x000000008b100000, 0x000000008b200000|  0%| F|  |TAMS 0x000000008b100000, 0x000000008b100000| Untracked 
| 102|0x000000008b200000, 0x000000008b200000, 0x000000008b300000|  0%| F|  |TAMS 0x000000008b200000, 0x000000008b200000| Untracked 
| 103|0x000000008b300000, 0x000000008b300000, 0x000000008b400000|  0%| F|  |TAMS 0x000000008b300000, 0x000000008b300000| Untracked 
| 104|0x000000008b400000, 0x000000008b400000, 0x000000008b500000|  0%| F|  |TAMS 0x000000008b400000, 0x000000008b400000| Untracked 
| 105|0x000000008b500000, 0x000000008b500000, 0x000000008b600000|  0%| F|  |TAMS 0x000000008b500000, 0x000000008b500000| Untracked 
| 106|0x000000008b600000, 0x000000008b600000, 0x000000008b700000|  0%| F|  |TAMS 0x000000008b600000, 0x000000008b600000| Untracked 
| 107|0x000000008b700000, 0x000000008b700000, 0x000000008b800000|  0%| F|  |TAMS 0x000000008b700000, 0x000000008b700000| Untracked 
| 108|0x000000008b800000, 0x000000008b800000, 0x000000008b900000|  0%| F|  |TAMS 0x000000008b800000, 0x000000008b800000| Untracked 
| 109|0x000000008b900000, 0x000000008b900000, 0x000000008ba00000|  0%| F|  |TAMS 0x000000008b900000, 0x000000008b900000| Untracked 
| 110|0x000000008ba00000, 0x000000008ba00000, 0x000000008bb00000|  0%| F|  |TAMS 0x000000008ba00000, 0x000000008ba00000| Untracked 
| 111|0x000000008bb00000, 0x000000008bb00000, 0x000000008bc00000|  0%| F|  |TAMS 0x000000008bb00000, 0x000000008bb00000| Untracked 
| 112|0x000000008bc00000, 0x000000008bc4c788, 0x000000008bd00000| 29%| E|  |TAMS 0x000000008bc00000, 0x000000008bc00000| Complete 
| 113|0x000000008bd00000, 0x000000008be00000, 0x000000008be00000|100%| E|CS|TAMS 0x000000008bd00000, 0x000000008bd00000| Complete 
| 114|0x000000008be00000, 0x000000008bf00000, 0x000000008bf00000|100%| E|CS|TAMS 0x000000008be00000, 0x000000008be00000| Complete 
| 115|0x000000008bf00000, 0x000000008c000000, 0x000000008c000000|100%| E|CS|TAMS 0x000000008bf00000, 0x000000008bf00000| Complete 
| 116|0x000000008c000000, 0x000000008c100000, 0x000000008c100000|100%| E|CS|TAMS 0x000000008c000000, 0x000000008c000000| Complete 
| 117|0x000000008c100000, 0x000000008c200000, 0x000000008c200000|100%| E|CS|TAMS 0x000000008c100000, 0x000000008c100000| Complete 
| 118|0x000000008c200000, 0x000000008c300000, 0x000000008c300000|100%| E|CS|TAMS 0x000000008c200000, 0x000000008c200000| Complete 
| 119|0x000000008c300000, 0x000000008c400000, 0x000000008c400000|100%| E|  |TAMS 0x000000008c300000, 0x000000008c300000| Complete 
| 120|0x000000008c400000, 0x000000008c500000, 0x000000008c500000|100%| E|CS|TAMS 0x000000008c400000, 0x000000008c400000| Complete 
| 121|0x000000008c500000, 0x000000008c600000, 0x000000008c600000|100%| E|CS|TAMS 0x000000008c500000, 0x000000008c500000| Complete 
| 122|0x000000008c600000, 0x000000008c700000, 0x000000008c700000|100%| E|CS|TAMS 0x000000008c600000, 0x000000008c600000| Complete 
| 123|0x000000008c700000, 0x000000008c800000, 0x000000008c800000|100%| E|CS|TAMS 0x000000008c700000, 0x000000008c700000| Complete 

Card table byte_map: [0x0000026e25440000,0x0000026e25820000] _byte_map_base: 0x0000026e2501a000

Marking Bits (Prev, Next): (CMBitMap*) 0x0000026e1a04d670, (CMBitMap*) 0x0000026e1a04d6b0
 Prev Bits: [0x0000026e25c00000, 0x0000026e27ad0000)
 Next Bits: [0x0000026e27ad0000, 0x0000026e299a0000)

Polling page: 0x0000026e17e40000

Metaspace:

Usage:
  Non-class:     13.34 MB used.
      Class:      1.92 MB used.
       Both:     15.27 MB used.

Virtual space:
  Non-class space:       64.00 MB reserved,      13.50 MB ( 21%) committed,  1 nodes.
      Class space:        1.00 GB reserved,       2.06 MB ( <1%) committed,  1 nodes.
             Both:        1.06 GB reserved,      15.56 MB (  1%) committed. 

Chunk freelists:
   Non-Class:  1.94 MB
       Class:  1.84 MB
        Both:  3.77 MB

MaxMetaspaceSize: unlimited
CompressedClassSpaceSize: 1.00 GB
Initial GC threshold: 21.00 MB
Current GC threshold: 21.00 MB
CDS: on
MetaspaceReclaimPolicy: balanced
 - commit_granule_bytes: 65536.
 - commit_granule_words: 8192.
 - virtual_space_node_default_size: 8388608.
 - enlarge_chunks_in_place: 1.
 - new_chunks_are_fully_committed: 0.
 - uncommit_free_chunks: 1.
 - use_allocation_guard: 0.


Internal statistics:

num_allocs_failed_limit: 0.
num_arena_births: 316.
num_arena_deaths: 0.
num_vsnodes_births: 2.
num_vsnodes_deaths: 0.
num_space_committed: 249.
num_space_uncommitted: 0.
num_chunks_returned_to_freelist: 0.
num_chunks_taken_from_freelist: 721.
num_chunk_merges: 0.
num_chunk_splits: 485.
num_chunks_enlarged: 363.
num_inconsistent_stats: 0.

CodeCache: size=49152Kb used=6342Kb max_used=6342Kb free=42809Kb
 bounds [0x0000026e21f50000, 0x0000026e22590000, 0x0000026e24f50000]
 total_blobs=2814 nmethods=2316 adapters=420
 compilation: enabled
              stopped_count=0, restarted_count=0
 full_count=0

Compilation events (20 events):
Event: 1.090 Thread 0x0000026e308c22f0 2294       1       jdk.internal.loader.AbstractClassLoaderValue::<init> (5 bytes)
Event: 1.090 Thread 0x0000026e2c3f35a0 2295       1       jdk.internal.loader.AbstractClassLoaderValue::sub (10 bytes)
Event: 1.090 Thread 0x0000026e308c0720 2296       1       jdk.internal.loader.AbstractClassLoaderValue$Sub::<init> (15 bytes)
Event: 1.090 Thread 0x0000026e308c22f0 nmethod 2294 0x0000026e2257bf90 code [0x0000026e2257c120, 0x0000026e2257c1d8]
Event: 1.090 Thread 0x0000026e308c1d60 2297       1       java.lang.ClassLoader::createOrGetClassLoaderValueMap (37 bytes)
Event: 1.090 Thread 0x0000026e308c0720 nmethod 2296 0x0000026e2257c290 code [0x0000026e2257c420, 0x0000026e2257c578]
Event: 1.090 Thread 0x0000026e2c3f35a0 nmethod 2295 0x0000026e2257c610 code [0x0000026e2257c7a0, 0x0000026e2257c958]
Event: 1.090 Thread 0x0000026e308c1d60 nmethod 2297 0x0000026e2257ca10 code [0x0000026e2257cbc0, 0x0000026e2257cd48]
Event: 1.092 Thread 0x0000026e308c1d60 2305       1       java.util.LinkedHashMap::<init> (10 bytes)
Event: 1.092 Thread 0x0000026e308c1d60 nmethod 2305 0x0000026e2257ef10 code [0x0000026e2257f0a0, 0x0000026e2257f178]
Event: 1.094 Thread 0x0000026e308c1d60 2309       1       java.util.IdentityHashMap::nextKeyIndex (15 bytes)
Event: 1.094 Thread 0x0000026e308c22f0 2310       1       java.util.concurrent.ConcurrentHashMap::containsKey (14 bytes)
Event: 1.094 Thread 0x0000026e308c1d60 nmethod 2309 0x0000026e2257f810 code [0x0000026e2257f9a0, 0x0000026e2257fa58]
Event: 1.094 Thread 0x0000026e308c22f0 nmethod 2310 0x0000026e2257fb10 code [0x0000026e2257fca0, 0x0000026e2257fd88]
Event: 1.094 Thread 0x0000026e308c22f0 2311       1       java.util.zip.ZipEntry::setExtra0 (493 bytes)
Event: 1.095 Thread 0x0000026e2c3f35a0 2314       1       java.lang.reflect.Constructor::getRoot (5 bytes)
Event: 1.095 Thread 0x0000026e2c3f35a0 nmethod 2314 0x0000026e22580d10 code [0x0000026e22580ea0, 0x0000026e22580f58]
Event: 1.095 Thread 0x0000026e308c1d60 2315       1       java.lang.invoke.LambdaForm::<init> (115 bytes)
Event: 1.095 Thread 0x0000026e2c3f35a0 2316       1       java.lang.invoke.LambdaForm::fixResult (31 bytes)
Event: 1.095 Thread 0x0000026e2c3f35a0 nmethod 2316 0x0000026e22581610 code [0x0000026e225817a0, 0x0000026e225818b8]

GC Heap History (4 events):
Event: 0.611 GC heap before
{Heap before GC invocations=0 (full 0):
 garbage-first heap   total 126976K, used 24576K [0x0000000084c00000, 0x0000000100000000)
  region size 1024K, 23 young (23552K), 0 survivors (0K)
 Metaspace       used 7182K, committed 7424K, reserved 1114112K
  class space    used 838K, committed 960K, reserved 1048576K
}
Event: 0.620 GC heap after
{Heap after GC invocations=1 (full 0):
 garbage-first heap   total 126976K, used 7467K [0x0000000084c00000, 0x0000000100000000)
  region size 1024K, 3 young (3072K), 3 survivors (3072K)
 Metaspace       used 7182K, committed 7424K, reserved 1114112K
  class space    used 838K, committed 960K, reserved 1048576K
}
Event: 1.017 GC heap before
{Heap before GC invocations=1 (full 0):
 garbage-first heap   total 126976K, used 34091K [0x0000000084c00000, 0x0000000100000000)
  region size 1024K, 30 young (30720K), 3 survivors (3072K)
 Metaspace       used 12870K, committed 13184K, reserved 1114112K
  class space    used 1636K, committed 1792K, reserved 1048576K
}
Event: 1.020 GC heap after
{Heap after GC invocations=2 (full 0):
 garbage-first heap   total 126976K, used 9610K [0x0000000084c00000, 0x0000000100000000)
  region size 1024K, 2 young (2048K), 2 survivors (2048K)
 Metaspace       used 12870K, committed 13184K, reserved 1114112K
  class space    used 1636K, committed 1792K, reserved 1048576K
}

Dll operation events (13 events):
Event: 0.009 Loaded shared library C:\Program Files\Java\jdk-19\bin\java.dll
Event: 0.020 Loaded shared library C:\Program Files\Java\jdk-19\bin\jsvml.dll
Event: 0.106 Loaded shared library C:\Program Files\Java\jdk-19\bin\zip.dll
Event: 0.109 Loaded shared library C:\Program Files\Java\jdk-19\bin\instrument.dll
Event: 0.115 Loaded shared library C:\Program Files\Java\jdk-19\bin\net.dll
Event: 0.116 Loaded shared library C:\Program Files\Java\jdk-19\bin\nio.dll
Event: 0.120 Loaded shared library C:\Program Files\Java\jdk-19\bin\zip.dll
Event: 0.179 Loaded shared library C:\Program Files\JetBrains\IntelliJ IDEA 2023.1.1\bin\breakgen64.dll
Event: 0.184 Loaded shared library C:\Program Files\Java\jdk-19\bin\jimage.dll
Event: 0.186 Loaded shared library C:\Program Files\Java\jdk-19\bin\extnet.dll
Event: 0.201 Loaded shared library C:\Program Files\Java\jdk-19\bin\management.dll
Event: 0.214 Loaded shared library C:\Program Files\Java\jdk-19\bin\management_ext.dll
Event: 0.435 Loaded shared library C:\Program Files\Java\jdk-19\bin\verify.dll

Deoptimization events (6 events):
Event: 0.305 Thread 0x0000026e19fec9f0 DEOPT PACKING pc=0x0000026e22294655 sp=0x000000c3af7fd240
Event: 0.305 Thread 0x0000026e19fec9f0 DEOPT UNPACKING pc=0x0000026e21fbb0e3 sp=0x000000c3af7fc6f0 mode 3
Event: 0.314 Thread 0x0000026e19fec9f0 DEOPT PACKING pc=0x0000026e2233a450 sp=0x000000c3af7fd210
Event: 0.314 Thread 0x0000026e19fec9f0 DEOPT UNPACKING pc=0x0000026e21fbb0e3 sp=0x000000c3af7fc6c8 mode 3
Event: 1.050 Thread 0x0000026e312c4050 DEOPT PACKING pc=0x0000026e22555a39 sp=0x000000c3b16fcec0
Event: 1.050 Thread 0x0000026e312c4050 DEOPT UNPACKING pc=0x0000026e21fbb0e3 sp=0x000000c3b16fc3a0 mode 3

Classes loaded (20 events):
Event: 1.089 Loading class javax/management/remote/rmi/RMIConnectionImpl$RMIServerCommunicatorAdmin
Event: 1.089 Loading class com/sun/jmx/remote/internal/ServerCommunicatorAdmin
Event: 1.090 Loading class com/sun/jmx/remote/internal/ServerCommunicatorAdmin done
Event: 1.090 Loading class javax/management/remote/rmi/RMIConnectionImpl$RMIServerCommunicatorAdmin done
Event: 1.090 Loading class com/sun/jmx/remote/internal/ServerCommunicatorAdmin$Timeout
Event: 1.090 Loading class com/sun/jmx/remote/internal/ServerCommunicatorAdmin$Timeout done
Event: 1.094 Loading class javax/management/remote/rmi/RMIConnectionImpl_Stub
Event: 1.094 Loading class javax/management/remote/rmi/RMIConnectionImpl_Stub done
Event: 1.094 Loading class java/rmi/MarshalledObject
Event: 1.095 Loading class java/rmi/MarshalledObject done
Event: 1.095 Loading class javax/security/auth/Subject
Event: 1.095 Loading class javax/security/auth/Subject done
Event: 1.095 Loading class javax/management/InstanceNotFoundException
Event: 1.095 Loading class javax/management/InstanceNotFoundException done
Event: 1.095 Loading class javax/management/MBeanException
Event: 1.095 Loading class javax/management/MBeanException done
Event: 1.095 Loading class javax/management/ReflectionException
Event: 1.095 Loading class javax/management/ReflectionException done
Event: 1.095 Loading class javax/management/AttributeList
Event: 1.095 Loading class javax/management/AttributeList done

Classes unloaded (0 events):
No events

Classes redefined (0 events):
No events

Internal exceptions (20 events):
Event: 0.825 Thread 0x0000026e312c4050 Exception <a 'java/lang/NoSuchMethodError'{0x000000008bbe7ab8}: 'java.lang.Object java.lang.invoke.DirectMethodHandle$Holder.newInvokeSpecial(java.lang.Object, java.lang.Object, java.lang.Object, java.lang.Object, java.lang.Object, java.lang.Object, int)'> (0x000000008bbe7ab8) 
thrown [s\open\src\hotspot\share\interpreter\linkResolver.cpp, line 774]
Event: 0.825 Thread 0x0000026e312c4050 Exception <a 'java/lang/NoSuchMethodError'{0x000000008bbecb20}: 'java.lang.Object java.lang.invoke.DirectMethodHandle$Holder.invokeSpecial(java.lang.Object, java.lang.Object, java.lang.Object, java.lang.Object, java.lang.Object, java.lang.Object, java.lang.Object, int)'> (0x000000008bbecb20) 
thrown [s\open\src\hotspot\share\interpreter\linkResolver.cpp, line 774]
Event: 0.865 Thread 0x0000026e312c4050 Exception <a 'java/lang/NoSuchMethodError'{0x000000008b800f20}: 'java.lang.Object java.lang.invoke.DirectMethodHandle$Holder.invokeInterface(java.lang.Object, java.lang.Object)'> (0x000000008b800f20) 
thrown [s\open\src\hotspot\share\interpreter\linkResolver.cpp, line 774]
Event: 0.866 Thread 0x0000026e312c4050 Exception <a 'java/lang/NoSuchMethodError'{0x000000008b811820}: 'java.lang.Object java.lang.invoke.DirectMethodHandle$Holder.invokeSpecial(java.lang.Object, java.lang.Object, java.lang.Object, int, java.lang.Object)'> (0x000000008b811820) 
thrown [s\open\src\hotspot\share\interpreter\linkResolver.cpp, line 774]
Event: 0.867 Thread 0x0000026e312c4050 Exception <a 'java/lang/NoSuchMethodError'{0x000000008b81a250}: 'java.lang.Object java.lang.invoke.DirectMethodHandle$Holder.newInvokeSpecial(java.lang.Object, java.lang.Object, java.lang.Object, int, java.lang.Object)'> (0x000000008b81a250) 
thrown [s\open\src\hotspot\share\interpreter\linkResolver.cpp, line 774]
Event: 0.867 Thread 0x0000026e312c4050 Exception <a 'java/lang/NoSuchMethodError'{0x000000008b821c40}: 'java.lang.Object java.lang.invoke.Invokers$Holder.linkToTargetMethod(java.lang.Object, java.lang.Object, int, java.lang.Object, java.lang.Object)'> (0x000000008b821c40) 
thrown [s\open\src\hotspot\share\interpreter\linkResolver.cpp, line 774]
Event: 0.868 Thread 0x0000026e312c4050 Exception <a 'java/lang/NoSuchMethodError'{0x000000008b831718}: 'java.lang.Object java.lang.invoke.DirectMethodHandle$Holder.newInvokeSpecial(java.lang.Object, int, java.lang.Object)'> (0x000000008b831718) 
thrown [s\open\src\hotspot\share\interpreter\linkResolver.cpp, line 774]
Event: 0.868 Thread 0x0000026e312c4050 Exception <a 'java/lang/NoSuchMethodError'{0x000000008b836150}: 'int java.lang.invoke.DirectMethodHandle$Holder.invokeSpecialIFC(java.lang.Object, java.lang.Object, java.lang.Object, java.lang.Object)'> (0x000000008b836150) 
thrown [s\open\src\hotspot\share\interpreter\linkResolver.cpp, line 774]
Event: 0.883 Thread 0x0000026e312c4050 Exception <a 'java/lang/NoSuchMethodError'{0x000000008b8fa140}: 'void java.lang.invoke.DirectMethodHandle$Holder.invokeInterface(java.lang.Object, java.lang.Object, java.lang.Object)'> (0x000000008b8fa140) 
thrown [s\open\src\hotspot\share\interpreter\linkResolver.cpp, line 774]
Event: 0.897 Thread 0x0000026e312c4050 Exception <a 'java/lang/NoSuchMethodError'{0x000000008b792e78}: 'java.lang.Object java.lang.invoke.DirectMethodHandle$Holder.invokeVirtual(java.lang.Object, java.lang.Object, java.lang.Object)'> (0x000000008b792e78) 
thrown [s\open\src\hotspot\share\interpreter\linkResolver.cpp, line 774]
Event: 0.907 Thread 0x0000026e312c4050 Exception <a 'java/lang/NoSuchMethodError'{0x000000008b6205b0}: 'void java.lang.invoke.DirectMethodHandle$Holder.invokeStatic(java.lang.Object, java.lang.Object, int)'> (0x000000008b6205b0) 
thrown [s\open\src\hotspot\share\interpreter\linkResolver.cpp, line 774]
Event: 0.909 Thread 0x0000026e312c4050 Exception <a 'java/lang/NoSuchMethodError'{0x000000008b628278}: 'void java.lang.invoke.DirectMethodHandle$Holder.invokeStaticInit(java.lang.Object, java.lang.Object)'> (0x000000008b628278) 
thrown [s\open\src\hotspot\share\interpreter\linkResolver.cpp, line 774]
Event: 0.910 Thread 0x0000026e312c4050 Exception <a 'java/lang/NoSuchMethodError'{0x000000008b635658}: 'void java.lang.invoke.DirectMethodHandle$Holder.invokeStaticInit(java.lang.Object, java.lang.Object, java.lang.Object)'> (0x000000008b635658) 
thrown [s\open\src\hotspot\share\interpreter\linkResolver.cpp, line 774]
Event: 0.920 Thread 0x0000026e312c4050 Exception <a 'java/lang/NoSuchMethodError'{0x000000008b6a7480}: 'void java.lang.invoke.DirectMethodHandle$Holder.invokeVirtual(java.lang.Object, java.lang.Object, java.lang.Object, java.lang.Object)'> (0x000000008b6a7480) 
thrown [s\open\src\hotspot\share\interpreter\linkResolver.cpp, line 774]
Event: 0.942 Thread 0x0000026e312c4050 Exception <a 'java/lang/NoSuchMethodError'{0x000000008b5c33d0}: 'void java.lang.invoke.DirectMethodHandle$Holder.invokeSpecial(java.lang.Object, java.lang.Object, java.lang.Object, java.lang.Object, java.lang.Object)'> (0x000000008b5c33d0) 
thrown [s\open\src\hotspot\share\interpreter\linkResolver.cpp, line 774]
Event: 0.946 Thread 0x0000026e312c4050 Exception <a 'java/lang/IncompatibleClassChangeError'{0x000000008b4049c0}: Found class java.lang.Object, but interface was expected> (0x000000008b4049c0) 
thrown [s\open\src\hotspot\share\interpreter\linkResolver.cpp, line 841]
Event: 0.946 Thread 0x0000026e313f98d0 Exception <a 'java/lang/NoClassDefFoundError'{0x000000008b41a8f8}: javax/validation/Validation> (0x000000008b41a8f8) 
thrown [s\open\src\hotspot\share\classfile\systemDictionary.cpp, line 244]
Event: 0.970 Thread 0x0000026e313f98d0 Exception <a 'java/lang/NoSuchMethodError'{0x000000008b21d1c0}: 'java.lang.Object java.lang.invoke.DirectMethodHandle$Holder.invokeStaticInit(java.lang.Object, java.lang.Object, java.lang.Object, java.lang.Object, java.lang.Object)'> (0x000000008b21d1c0) 
thrown [s\open\src\hotspot\share\interpreter\linkResolver.cpp, line 774]
Event: 1.024 Thread 0x0000026e312c4050 Exception <a 'java/lang/NoSuchMethodError'{0x000000008c7422c8}: 'int java.lang.invoke.Invokers$Holder.invokeExact_MT(java.lang.Object, java.lang.Object)'> (0x000000008c7422c8) 
thrown [s\open\src\hotspot\share\interpreter\linkResolver.cpp, line 774]
Event: 1.086 Thread 0x0000026e313cd590 Exception <a 'java/lang/NoSuchMethodError'{0x000000008be444f8}: static [B.<clinit>()V> (0x000000008be444f8) 
thrown [s\open\src\hotspot\share\prims\jni.cpp, line 1107]

VM Operations (20 events):
Event: 0.495 Executing VM operation: ICBufferFull
Event: 0.496 Executing VM operation: ICBufferFull done
Event: 0.534 Executing VM operation: HandshakeAllThreads
Event: 0.534 Executing VM operation: HandshakeAllThreads done
Event: 0.611 Executing VM operation: G1CollectForAllocation
Event: 0.620 Executing VM operation: G1CollectForAllocation done
Event: 0.669 Executing VM operation: HandshakeAllThreads
Event: 0.669 Executing VM operation: HandshakeAllThreads done
Event: 0.704 Executing VM operation: HandshakeAllThreads
Event: 0.704 Executing VM operation: HandshakeAllThreads done
Event: 0.854 Executing VM operation: HandshakeAllThreads
Event: 0.854 Executing VM operation: HandshakeAllThreads done
Event: 0.922 Executing VM operation: ICBufferFull
Event: 0.922 Executing VM operation: ICBufferFull done
Event: 0.951 Executing VM operation: HandshakeAllThreads
Event: 0.951 Executing VM operation: HandshakeAllThreads done
Event: 1.017 Executing VM operation: G1CollectForAllocation
Event: 1.020 Executing VM operation: G1CollectForAllocation done
Event: 1.091 Executing VM operation: HandshakeAllThreads
Event: 1.091 Executing VM operation: HandshakeAllThreads done

Events (20 events):
Event: 0.035 Thread 0x0000026e2c3c1250 Thread added: 0x0000026e2c3c1250
Event: 0.035 Thread 0x0000026e2c3c8a10 Thread added: 0x0000026e2c3c8a10
Event: 0.035 Thread 0x0000026e2c3c9340 Thread added: 0x0000026e2c3c9340
Event: 0.035 Thread 0x0000026e2c3cae20 Thread added: 0x0000026e2c3cae20
Event: 0.035 Thread 0x0000026e2c3f2cb0 Thread added: 0x0000026e2c3f2cb0
Event: 0.035 Thread 0x0000026e2c3f35a0 Thread added: 0x0000026e2c3f35a0
Event: 0.035 Thread 0x0000026e2c3f5d10 Thread added: 0x0000026e2c3f5d10
Event: 0.089 Thread 0x0000026e2c398a50 Thread added: 0x0000026e2c398a50
Event: 0.097 Thread 0x0000026e308c1d60 Thread added: 0x0000026e308c1d60
Event: 0.097 Thread 0x0000026e308c0720 Thread added: 0x0000026e308c0720
Event: 0.179 Thread 0x0000026e30cb2ee0 Thread added: 0x0000026e30cb2ee0
Event: 0.179 Thread 0x0000026e30cbb5e0 Thread added: 0x0000026e30cbb5e0
Event: 0.308 Thread 0x0000026e308c22f0 Thread added: 0x0000026e308c22f0
Event: 0.411 Thread 0x0000026e30e127c0 Thread added: 0x0000026e30e127c0
Event: 0.665 Thread 0x0000026e30da8820 Thread added: 0x0000026e30da8820
Event: 0.670 Thread 0x0000026e312c4050 Thread added: 0x0000026e312c4050
Event: 0.944 Thread 0x0000026e313f98d0 Thread added: 0x0000026e313f98d0
Event: 1.070 Thread 0x0000026e313cd590 Thread added: 0x0000026e313cd590
Event: 1.085 Thread 0x0000026e319080a0 Thread added: 0x0000026e319080a0
Event: 1.094 Thread 0x0000026e31982700 Thread added: 0x0000026e31982700


Dynamic libraries:
0x00007ff788110000 - 0x00007ff788120000 	C:\Program Files\Java\jdk-19\bin\java.exe
0x00007ffb1cc10000 - 0x00007ffb1ce05000 	C:\Windows\SYSTEM32\ntdll.dll
0x00007ffb1b1a0000 - 0x00007ffb1b25e000 	C:\Windows\System32\KERNEL32.DLL
0x00007ffb1a520000 - 0x00007ffb1a7e9000 	C:\Windows\System32\KERNELBASE.dll
0x00007ffb1a8d0000 - 0x00007ffb1a9d0000 	C:\Windows\System32\ucrtbase.dll
0x00007ffb05f20000 - 0x00007ffb05f38000 	C:\Program Files\Java\jdk-19\bin\jli.dll
0x00007ffb02980000 - 0x00007ffb0299b000 	C:\Program Files\Java\jdk-19\bin\VCRUNTIME140.dll
0x00007ffb1c940000 - 0x00007ffb1c9ec000 	C:\Windows\System32\ADVAPI32.dll
0x00007ffb1cb00000 - 0x00007ffb1cb9e000 	C:\Windows\System32\msvcrt.dll
0x00007ffb1c070000 - 0x00007ffb1c10b000 	C:\Windows\System32\sechost.dll
0x00007ffb1ac60000 - 0x00007ffb1ad8a000 	C:\Windows\System32\RPCRT4.dll
0x00007ffb1c260000 - 0x00007ffb1c401000 	C:\Windows\System32\USER32.dll
0x00007ffb1a8a0000 - 0x00007ffb1a8c2000 	C:\Windows\System32\win32u.dll
0x00007ffb05fe0000 - 0x00007ffb0627a000 	C:\Windows\WinSxS\amd64_microsoft.windows.common-controls_6595b64144ccf1df_6.0.19041.1110_none_60b5254171f9507e\COMCTL32.dll
0x00007ffb1b880000 - 0x00007ffb1b8ab000 	C:\Windows\System32\GDI32.dll
0x00007ffb1aa60000 - 0x00007ffb1ab6b000 	C:\Windows\System32\gdi32full.dll
0x00007ffb1ab70000 - 0x00007ffb1ac0d000 	C:\Windows\System32\msvcp_win.dll
0x00007ffb13700000 - 0x00007ffb1370a000 	C:\Windows\SYSTEM32\VERSION.dll
0x00007ffb1cba0000 - 0x00007ffb1cbd0000 	C:\Windows\System32\IMM32.DLL
0x00007ffb13840000 - 0x00007ffb1384c000 	C:\Program Files\Java\jdk-19\bin\vcruntime140_1.dll
0x00007ffaf5620000 - 0x00007ffaf56ae000 	C:\Program Files\Java\jdk-19\bin\msvcp140.dll
0x00007fface670000 - 0x00007ffacf330000 	C:\Program Files\Java\jdk-19\bin\server\jvm.dll
0x00007ffb02f00000 - 0x00007ffb02f27000 	C:\Windows\SYSTEM32\WINMM.dll
0x00007ffb01450000 - 0x00007ffb01459000 	C:\Windows\SYSTEM32\WSOCK32.dll
0x00007ffb1c1f0000 - 0x00007ffb1c25b000 	C:\Windows\System32\WS2_32.dll
0x00007ffb18be0000 - 0x00007ffb18bf2000 	C:\Windows\SYSTEM32\kernel.appcore.dll
0x00007ffb100e0000 - 0x00007ffb100ea000 	C:\Program Files\Java\jdk-19\bin\jimage.dll
0x00007ffb18120000 - 0x00007ffb18304000 	C:\Windows\SYSTEM32\DBGHELP.DLL
0x00007ffb033f0000 - 0x00007ffb0341c000 	C:\Windows\SYSTEM32\dbgcore.DLL
0x00007ffb1a9d0000 - 0x00007ffb1aa53000 	C:\Windows\System32\bcryptPrimitives.dll
0x00007ffb148a0000 - 0x00007ffb148ae000 	C:\Program Files\Java\jdk-19\bin\instrument.dll
0x00007ffb02780000 - 0x00007ffb027a6000 	C:\Program Files\Java\jdk-19\bin\java.dll
0x00007ffaf5540000 - 0x00007ffaf5617000 	C:\Program Files\Java\jdk-19\bin\jsvml.dll
0x00007ffb1b930000 - 0x00007ffb1c06f000 	C:\Windows\System32\SHELL32.dll
0x00007ffb18410000 - 0x00007ffb18ba0000 	C:\Windows\SYSTEM32\windows.storage.dll
0x00007ffb1b520000 - 0x00007ffb1b875000 	C:\Windows\System32\combase.dll
0x00007ffb19d80000 - 0x00007ffb19dac000 	C:\Windows\SYSTEM32\Wldp.dll
0x00007ffb1b340000 - 0x00007ffb1b3ee000 	C:\Windows\System32\SHCORE.dll
0x00007ffb1af90000 - 0x00007ffb1afe5000 	C:\Windows\System32\shlwapi.dll
0x00007ffb1a270000 - 0x00007ffb1a28f000 	C:\Windows\SYSTEM32\profapi.dll
0x00007ffafcbc0000 - 0x00007ffafcbd8000 	C:\Program Files\Java\jdk-19\bin\zip.dll
0x00007ffb01460000 - 0x00007ffb01473000 	C:\Program Files\Java\jdk-19\bin\net.dll
0x00007ffb07bc0000 - 0x00007ffb07cc8000 	C:\Windows\SYSTEM32\WINHTTP.dll
0x00007ffb19a90000 - 0x00007ffb19afa000 	C:\Windows\system32\mswsock.dll
0x00007ffafe940000 - 0x00007ffafe956000 	C:\Program Files\Java\jdk-19\bin\nio.dll
0x00007ffb0ef80000 - 0x00007ffb0ef9a000 	C:\Program Files\JetBrains\IntelliJ IDEA 2023.1.1\bin\breakgen64.dll
0x00007ffb0f1e0000 - 0x00007ffb0f1e8000 	C:\Program Files\Java\jdk-19\bin\extnet.dll
0x00007ffb197a0000 - 0x00007ffb1986c000 	C:\Windows\SYSTEM32\DNSAPI.dll
0x00007ffb19760000 - 0x00007ffb1979b000 	C:\Windows\SYSTEM32\IPHLPAPI.DLL
0x00007ffb1b330000 - 0x00007ffb1b338000 	C:\Windows\System32\NSI.dll
0x00007ffb103e0000 - 0x00007ffb103ea000 	C:\Windows\System32\rasadhlp.dll
0x00007ffb07b40000 - 0x00007ffb07bbf000 	C:\Windows\System32\fwpuclnt.dll
0x00007ffb1a490000 - 0x00007ffb1a4b7000 	C:\Windows\System32\bcrypt.dll
0x00007ffb13ac0000 - 0x00007ffb13aca000 	C:\Program Files\Java\jdk-19\bin\management.dll
0x00007ffb0f000000 - 0x00007ffb0f00b000 	C:\Program Files\Java\jdk-19\bin\management_ext.dll
0x00007ffb1af80000 - 0x00007ffb1af88000 	C:\Windows\System32\PSAPI.DLL
0x00007ffb19cd0000 - 0x00007ffb19ce8000 	C:\Windows\SYSTEM32\CRYPTSP.dll
0x00007ffb193f0000 - 0x00007ffb19424000 	C:\Windows\system32\rsaenh.dll
0x00007ffb1a230000 - 0x00007ffb1a25e000 	C:\Windows\SYSTEM32\USERENV.dll
0x00007ffb19cf0000 - 0x00007ffb19cfc000 	C:\Windows\SYSTEM32\CRYPTBASE.dll
0x00007ffb0f710000 - 0x00007ffb0f727000 	C:\Windows\SYSTEM32\dhcpcsvc6.DLL
0x00007ffb103c0000 - 0x00007ffb103dd000 	C:\Windows\SYSTEM32\dhcpcsvc.DLL
0x00007ffaf9fe0000 - 0x00007ffaf9ff7000 	C:\Windows\system32\napinsp.dll
0x00007ffaf9fc0000 - 0x00007ffaf9fdb000 	C:\Windows\system32\pnrpnsp.dll
0x00007ffb14bf0000 - 0x00007ffb14c05000 	C:\Windows\system32\wshbth.dll
0x00007ffb15640000 - 0x00007ffb1565d000 	C:\Windows\system32\NLAapi.dll
0x00007ffaf9f50000 - 0x00007ffaf9f62000 	C:\Windows\System32\winrnr.dll
0x00007ffb050a0000 - 0x00007ffb050b0000 	C:\Program Files\Java\jdk-19\bin\verify.dll

dbghelp: loaded successfully - version: 4.0.5 - missing functions: none
symbol engine: initialized successfully - sym options: 0x614 - pdb path: .;C:\Program Files\Java\jdk-19\bin;C:\Windows\SYSTEM32;C:\Windows\WinSxS\amd64_microsoft.windows.common-controls_6595b64144ccf1df_6.0.19041.1110_none_60b5254171f9507e;C:\Program Files\Java\jdk-19\bin\server;C:\Program Files\JetBrains\IntelliJ IDEA 2023.1.1\bin

VM Arguments:
jvm_args: -XX:TieredStopAtLevel=1 -Dspring.output.ansi.enabled=always -Dcom.sun.management.jmxremote -Dspring.jmx.enabled=true -Dspring.liveBeansView.mbeanDomain -Dspring.application.admin.enabled=true -Dmanagement.endpoints.jmx.exposure.include=* -javaagent:C:\Program Files\JetBrains\IntelliJ IDEA 2023.1.1\lib\idea_rt.jar=60081:C:\Program Files\JetBrains\IntelliJ IDEA 2023.1.1\bin -Dfile.encoding=UTF-8 -Dsun.stdout.encoding=UTF-8 -Dsun.stderr.encoding=UTF-8 
java_command: com.example.demokankretnalast.DemoKankretnaLastApplication
java_class_path (initial): C:\Users\\Desktop\frameworks\SPRING\demo-kankretna-last\target\classes;C:\Users\\.m2\repository\org\springframework\boot\spring-boot-starter-security\2.7.11\spring-boot-starter-security-2.7.11.jar;C:\Users\\.m2\repository\org\springframework\boot\spring-boot-starter\2.7.11\spring-boot-starter-2.7.11.jar;C:\Users\\.m2\repository\org\springframework\boot\spring-boot-starter-logging\2.7.11\spring-boot-starter-logging-2.7.11.jar;C:\Users\\.m2\repository\ch\qos\logback\logback-classic\1.2.12\logback-classic-1.2.12.jar;C:\Users\\.m2\repository\ch\qos\logback\logback-core\1.2.12\logback-core-1.2.12.jar;C:\Users\\.m2\repository\org\apache\logging\log4j\log4j-to-slf4j\2.17.2\log4j-to-slf4j-2.17.2.jar;C:\Users\\.m2\repository\org\apache\logging\log4j\log4j-api\2.17.2\log4j-api-2.17.2.jar;C:\Users\\.m2\repository\org\slf4j\jul-to-slf4j\1.7.36\jul-to-slf4j-1.7.36.jar;C:\Users\\.m2\repository\jakarta\annotation\jakarta.annotation-api\1.3.5\jakarta.annotation-api-1.3.5.jar;C:\Users\\.m2\repository\org\yaml\snakeyaml\1.30\snakeyaml-1.30.jar;C:\Users\\.m2\repository\org\springframework\spring-aop\5.3.27\spring-aop-5.3.27.jar;C:\Users\\.m2\repository\org\springframework\spring-beans\5.3.27\spring-beans-5.3.27.jar;C:\Users\\.m2\repository\org\springframework\security\spring-security-config\5.7.8\spring-security-config-5.7.8.jar;C:\Users\\.m2\repository\org\springframework\security\spring-security-core\5.7.8\spring-security-core-5.7.8.jar;C:\Users\\.m2\repository\org\springframework\security\spring-security-crypto\5.7.8\spring-security-crypto-5.7.8.jar;C:\Users\\.m2\repository\org\springframework\spring-context\5.3.27\spring-context-5.3.27.jar;C:\Users\\.m2\repository\org\springframework\security\spring-security-web\5.7.8\spring-security-web-5.7.8.jar;C:\Users\\.m2\repository\org\springframework\spring-expression\5.3.27\spring-expression-5.3.27.jar;C:\Users\\.m2\repository\org\springframework\boot\spring-boot-starter-data-jpa\2.7.11\spring-boot-starter-data-jpa-2.7.11.jar;C:\Users\\.m2\repository\org\springframework\boot\spring-boot-starter-aop\2.7.11\spring-boot-starter-aop-2.7.11.jar;C:\Users\\.m2\repository\org\aspectj\aspectjweaver\1.9.7\aspectjweaver-1.9.7.jar;C:\Users\\.m2\repository\org\springframework\boot\spring-boot-starter-jdbc\2.7.11\spring-boot-starter-jdbc-2.7.11.jar;C:\Users\\.m2\repository\com\zaxxer\HikariCP\4.0.3\HikariCP-4.0.3.jar;C:\Users\\.m2\repository\org\springframework\spring-jdbc\5.3.27\spring-jdbc-5.3.27.jar;C:\Users\\.m2\repository\jakarta\transaction\jakarta.transaction-api\1.3.3\jakarta.transaction-api-1.3.3.jar;C:\Users\\.m2\repository\jakarta\persistence\jakarta.persistence-api\2.2.3\jakarta.persistence-api-2.2.3.jar;C:\Users\\.m2\repository\org\hibernate\hibernate-core\5.6.15.Final\hibernate-core-5.6.15.Final.jar;C:\Users\\.m2\repository\org\jboss\logging\jboss-logging\3.4.3.Final\jboss-logging-3.4.3.Final.jar;C:\Users\\.m2\repository\net\bytebuddy\byte-buddy\1.12.23\byte-buddy-1.12.23.jar;C:\Users\\.m2\repository\antlr\antlr\2.7.7\antlr-2.7.7.jar;C:\Users\\.m2\repository\org\jboss\jandex\2.4.2.Final\jandex-2.4.2.Final.jar;C:\Users\\.m2\repository\com\fasterxml\classmate\1.5.1\classmate-1.5.1.jar;C:\Users\\.m2\repository\org\hibernate\common\hibernate-commons-annotations\5.1.2.Final\hibernate-commons-annotations-5.1.2.Final.jar;C:\Users\\.m2\repository\org\glassfish\jaxb\jaxb-runtime\2.3.8\jaxb-runtime-2.3.8.jar;C:\Users\\.m2\repository\org\glassfish\jaxb\txw2\2.3.8\txw2-2.3.8.jar;C:\Users\\.m2\repository\com\sun\istack\istack-commons-runtime\3.0.12\istack-commons-runtime-3.0.12.jar;C:\Users\\.m2\repository\com\sun\activation\jakarta.activation\1.2.2\jakarta.activation-1.2.2.jar;C:\Users\\.m2\repository\org\springframework\data\spring-data-jpa\2.7.11\spring-data-jpa-2.7.11.jar;C:\Users\\.m2\repository\org\springframework\data\spring-data-commons\2.7.11\spring-data-commons-2.7.11.jar;C:\Users\\.m2\repository\org\springframework\spring-orm\5.3.27\spring-orm-5.3.27.jar;C:\Users\\.m2\repository\org\springframework\spring-tx\5.3.27\spring-tx-5.3.27.jar;C:\Users\\.m2\repository\org\slf4j\slf4j-api\1.7.36\slf4j-api-1.7.36.jar;C:\Users\\.m2\repository\org\springframework\spring-aspects\5.3.27\spring-aspects-5.3.27.jar;C:\Users\\.m2\repository\org\springframework\boot\spring-boot-starter-thymeleaf\2.7.11\spring-boot-starter-thymeleaf-2.7.11.jar;C:\Users\\.m2\repository\org\thymeleaf\thymeleaf-spring5\3.0.15.RELEASE\thymeleaf-spring5-3.0.15.RELEASE.jar;C:\Users\\.m2\repository\org\thymeleaf\thymeleaf\3.0.15.RELEASE\thymeleaf-3.0.15.RELEASE.jar;C:\Users\\.m2\repository\org\attoparser\attoparser\2.0.5.RELEASE\attoparser-2.0.5.RELEASE.jar;C:\Users\\.m2\repository\org\unbescape\unbescape\1.1.6.RELEASE\unbescape-1.1.6.RELEASE.jar;C:\Users\\.m2\repository\org\thymeleaf\extras\thymeleaf-extras-java8time\3.0.4.RELEASE\thymeleaf-extras-java8time-3.0.4.RELEASE.jar;C:\Users\\.m2\repository\org\springframework\boot\spring-boot-starter-web\2.7.11\spring-boot-starter-web-2.7.11.jar;C:\Users\\.m2\repository\org\springframework\boot\spring-boot-starter-json\2.7.11\spring-boot-starter-json-2.7.11.jar;C:\Users\\.m2\repository\com\fasterxml\jackson\core\jackson-databind\2.13.5\jackson-databind-2.13.5.jar;C:\Users\\.m2\repository\com\fasterxml\jackson\core\jackson-annotations\2.13.5\jackson-annotations-2.13.5.jar;C:\Users\\.m2\repository\com\fasterxml\jackson\core\jackson-core\2.13.5\jackson-core-2.13.5.jar;C:\Users\\.m2\repository\com\fasterxml\jackson\datatype\jackson-datatype-jdk8\2.13.5\jackson-datatype-jdk8-2.13.5.jar;C:\Users\\.m2\repository\com\fasterxml\jackson\datatype\jackson-datatype-jsr310\2.13.5\jackson-datatype-jsr310-2.13.5.jar;C:\Users\\.m2\repository\com\fasterxml\jackson\module\jackson-module-parameter-names\2.13.5\jackson-module-parameter-names-2.13.5.jar;C:\Users\\.m2\repository\org\springframework\boot\spring-boot-starter-tomcat\2.7.11\spring-boot-starter-tomcat-2.7.11.jar;C:\Users\\.m2\repository\org\apache\tomcat\embed\tomcat-embed-core\9.0.74\tomcat-embed-core-9.0.74.jar;C:\Users\\.m2\repository\org\apache\tomcat\embed\tomcat-embed-el\9.0.74\tomcat-embed-el-9.0.74.jar;C:\Users\\.m2\repository\org\apache\tomcat\embed\tomcat-embed-websocket\9.0.74\tomcat-embed-websocket-9.0.74.jar;C:\Users\\.m2\repository\org\springframework\spring-web\5.3.27\spring-web-5.3.27.jar;C:\Users\\.m2\repository\org\springframework\spring-webmvc\5.3.27\spring-webmvc-5.3.27.jar;C:\Users\\.m2\repository\org\springframework\boot\spring-boot-devtools\2.7.11\spring-boot-devtools-2.7.11.jar;C:\Users\\.m2\repository\org\springframework\boot\spring-boot\2.7.11\spring-boot-2.7.11.jar;C:\Users\\.m2\repository\org\springframework\boot\spring-boot-autoconfigure\2.7.11\spring-boot-autoconfigure-2.7.11.jar;C:\Users\\.m2\repository\org\postgresql\postgresql\42.3.8\postgresql-42.3.8.jar;C:\Users\\.m2\repository\org\checkerframework\checker-qual\3.5.0\checker-qual-3.5.0.jar;C:\Users\\.m2\repository\org\projectlombok\lombok\1.18.26\lombok-1.18.26.jar;C:\Users\\.m2\repository\jakarta\xml\bind\jakarta.xml.bind-api\2.3.3\jakarta.xml.bind-api-2.3.3.jar;C:\Users\\.m2\repository\jakarta\activation\jakarta.activation-api\1.2.2\jakarta.activation-api-1.2.2.jar;C:\Users\\.m2\repository\org\springframework\spring-core\5.3.27\spring-core-5.3.27.jar;C:\Users\\.m2\repository\org\springframework\spring-jcl\5.3.27\spring-jcl-5.3.27.jar
Launcher Type: SUN_STANDARD

[Global flags]
     intx CICompilerCount                          = 4                                         {product} {ergonomic}
     uint ConcGCThreads                            = 2                                         {product} {ergonomic}
     uint G1ConcRefinementThreads                  = 8                                         {product} {ergonomic}
   size_t G1HeapRegionSize                         = 1048576                                   {product} {ergonomic}
    uintx GCDrainStackTargetSize                   = 64                                        {product} {ergonomic}
   size_t InitialHeapSize                          = 130023424                                 {product} {ergonomic}
     bool ManagementServer                         = true                                      {product} {command line}
   size_t MarkStackSize                            = 4194304                                   {product} {ergonomic}
   size_t MaxHeapSize                              = 2067791872                                {product} {ergonomic}
   size_t MaxNewSize                               = 1240465408                                {product} {ergonomic}
   size_t MinHeapDeltaBytes                        = 1048576                                   {product} {ergonomic}
   size_t MinHeapSize                              = 8388608                                   {product} {ergonomic}
    uintx NonProfiledCodeHeapSize                  = 0                                      {pd product} {ergonomic}
     bool ProfileInterpreter                       = false                                  {pd product} {command line}
    uintx ProfiledCodeHeapSize                     = 0                                      {pd product} {ergonomic}
   size_t SoftMaxHeapSize                          = 2067791872                             {manageable} {ergonomic}
     intx TieredStopAtLevel                        = 1                                         {product} {command line}
     bool UseCompressedClassPointers               = true                           {product lp64_product} {ergonomic}
     bool UseCompressedOops                        = true                           {product lp64_product} {ergonomic}
     bool UseG1GC                                  = true                                      {product} {ergonomic}
     bool UseLargePagesIndividualAllocation        = false                                  {pd product} {ergonomic}

Logging:
Log output configuration:
 #0: stdout all=warning uptime,level,tags foldmultilines=false
 #1: stderr all=off uptime,level,tags foldmultilines=false

Environment Variables:
JAVA_HOME=C:\Program Files\Java\jdk-19
PATH=C:\Program Files\Common Files\Oracle\Java\javapath;C:\Windows\system32;C:\Windows;C:\Windows\System32\Wbem;C:\Windows\System32\WindowsPowerShell\v1.0\;C:\Program Files\Git\cmd;C:\Program Files\Java\jdk-19\bin;C:\Program Files\nodejs\;C:\Program Files\MySQL\MySQL Shell 8.0\bin\;C:\Users\\AppData\Local\Microsoft\WindowsApps;C:\Users\\AppData\Local\Programs\Microsoft VS Code\bin;C:\Program Files\JetBrains\PyCharm Community Edition 2022.2.3\bin;;C:\Users\\AppData\Local\GitHubDesktop\bin;C:\Users\\AppData\Roaming\npm;C:\Program Files\JetBrains\IntelliJ IDEA 2023.1.1\bin;
USERNAME=
OS=Windows_NT
PROCESSOR_IDENTIFIER=Intel64 Family 6 Model 140 Stepping 1, GenuineIntel
TMP=C:\Users\46FB~1\AppData\Local\Temp
TEMP=C:\Users\46FB~1\AppData\Local\Temp



---------------  S Y S T E M  ---------------

OS:
 Windows 10 , 64 bit Build 19041 (10.0.19041.1202)
OS uptime: 0 days 1:09 hours

CPU: total 8 (initial active 8) (4 cores per cpu, 2 threads per core) family 6 model 140 stepping 1 microcode 0xa4, cx8, cmov, fxsr, ht, mmx, 3dnowpref, sse, sse2, sse3, ssse3, sse4.1, sse4.2, popcnt, lzcnt, tsc, tscinvbit, avx, avx2, aes, erms, clmul, bmi1, bmi2, adx, avx512f, avx512dq, avx512cd, avx512bw, avx512vl, sha, fma, vzeroupper, avx512_vpopcntdq, avx512_vpclmulqdq, avx512_vaes, avx512_vnni, clflush, clflushopt, clwb, avx512_vbmi2, avx512_vbmi, rdtscp, rdpid, fsrm, gfni, avx512_bitalg

Memory: 4k page, system-wide physical 7883M (448M free)
TotalPageFile size 7883M (AvailPageFile size 4M)
current process WorkingSet (physical memory assigned to process): 104M, peak: 104M
current process commit charge ("private bytes"): 235M, peak: 235M

vm_info: Java HotSpot(TM) 64-Bit Server VM (19.0.2+7-44) for windows-amd64 JRE (19.0.2+7-44), built on 2022-11-30T18:02:09Z by "mach5one" with MS VC++ 17.1 (VS2022)

END.
